\BOOKMARK [1][-]{section.1}{\376\377\000T\000h\000e\000\040\000g\000o\000a\000l\000\040\000a\000n\000d\000\040\000o\000u\000t\000l\000i\000n\000e\000\040\000o\000f\000\040\000t\000h\000e\000\040\000p\000r\000o\000j\000e\000c\000t}{}% 1
\BOOKMARK [1][-]{section.2}{\376\377\000R\000e\000v\000i\000e\000w\000\040\000o\000f\000\040\000l\000i\000t\000e\000r\000a\000t\000u\000r\000e}{}% 2
\BOOKMARK [1][-]{section.3}{\376\377\000B\000a\000c\000k\000g\000r\000o\000u\000n\000d\000\040\000o\000n\000\040\000G\000a\000u\000s\000s\000i\000a\000n\000\040\000a\000n\000d\000\040\000f\000B\000M\000\040\000p\000r\000o\000c\000e\000s\000s\000e\000s}{}% 3
\BOOKMARK [1][-]{section.4}{\376\377\000T\000h\000e\000\040\000r\000B\000e\000r\000g\000o\000m\000i\000\040\000m\000o\000d\000e\000l}{}% 4
\BOOKMARK [1][-]{section.5}{\376\377\000O\000p\000t\000i\000o\000n\000\040\000p\000r\000i\000c\000i\000n\000g\000\040\000u\000n\000d\000e\000r\000\040\000r\000B\000e\000r\000g\000o\000m\000i\000\040\000m\000o\000d\000e\000l}{}% 5
\BOOKMARK [1][-]{section.6}{\376\377\000S\000i\000m\000u\000l\000a\000t\000i\000o\000n\000\040\000o\000f\000\040\000t\000h\000e\000\040\000r\000B\000e\000r\000g\000o\000m\000i\000\040\000m\000o\000d\000e\000l}{}% 6
\BOOKMARK [1][-]{section.7}{\376\377\000N\000u\000m\000e\000r\000i\000c\000a\000l\000\040\000t\000e\000s\000t\000s}{}% 7
\BOOKMARK [2][-]{subsection.7.1}{\376\377\000I\000n\000t\000e\000g\000r\000a\000n\000d\000\040\000p\000l\000o\000t\000t\000i\000n\000g\000\040\000w\000r\000t\000\040\000d\000i\000f\000f\000e\000r\000e\000n\000t\000\040\000r\000a\000n\000d\000o\000m\000\040\000i\000n\000p\000u\000t\000s\000\040}{section.7}% 8
\BOOKMARK [3][-]{subsubsection.7.1.1}{\376\377\000N\000=\0002\000,\000\040\000H\000=\0000\000.\0000\0007}{subsection.7.1}% 9
\BOOKMARK [3][-]{subsubsection.7.1.2}{\376\377\000N\000=\0004\000,\000\040\000H\000=\0000\000.\0000\0007}{subsection.7.1}% 10
\BOOKMARK [2][-]{subsection.7.2}{\376\377\000C\000o\000m\000p\000a\000r\000i\000n\000g\000\040\000t\000h\000e\000\040\000m\000i\000x\000e\000d\000\040\000d\000i\000f\000f\000e\000r\000e\000n\000c\000e\000s\000\040\000r\000a\000t\000e\000s}{section.7}% 11
\BOOKMARK [2][-]{subsection.7.3}{\376\377\000W\000e\000a\000k\000\040\000e\000r\000r\000o\000r\000\040\000p\000l\000o\000t\000s}{section.7}% 12
\BOOKMARK [3][-]{subsubsection.7.3.1}{\376\377\000W\000i\000t\000h\000o\000u\000t\000\040\000c\000h\000a\000n\000g\000e\000\040\000o\000f\000\040\000m\000e\000a\000s\000u\000r\000e}{subsection.7.3}% 13
\BOOKMARK [3][-]{subsubsection.7.3.2}{\376\377\000W\000i\000t\000h\000\040\000c\000h\000a\000n\000g\000e\000\040\000o\000f\000\040\000m\000e\000a\000s\000u\000r\000e}{subsection.7.3}% 14
\BOOKMARK [2][-]{subsection.7.4}{\376\377\000C\000o\000m\000p\000a\000r\000i\000n\000g\000\040\000r\000e\000l\000a\000t\000i\000v\000e\000\040\000e\000r\000r\000o\000r\000s\000\040\000u\000s\000i\000n\000g\000\040\000h\000i\000e\000r\000a\000r\000c\000h\000i\000c\000a\000l\000\040\000r\000e\000p\000r\000e\000s\000e\000n\000t\000a\000t\000i\000o\000n\000\040}{section.7}% 15
\BOOKMARK [3][-]{subsubsection.7.4.1}{\376\377\000C\000a\000s\000e\000\040\000H\000=\0000\000.\0004\0003\000,\000\040\000R\000e\000l\000a\000t\000i\000v\000e\000\040\000e\000r\000r\000o\000r\000\040\000f\000o\000r\000\040\000d\000i\000f\000f\000e\000r\000e\000n\000t\000\040\000m\000e\000t\000h\000o\000d\000s}{subsection.7.4}% 16
\BOOKMARK [3][-]{subsubsection.7.4.2}{\376\377\000C\000a\000s\000e\000\040\000H\000=\0000\000.\0000\0007\000,\000\040\000R\000e\000l\000a\000t\000i\000v\000e\000\040\000e\000r\000r\000o\000r\000\040\000f\000o\000r\000\040\000d\000i\000f\000f\000e\000r\000e\000n\000t\000\040\000m\000e\000t\000h\000o\000d\000s}{subsection.7.4}% 17
\BOOKMARK [1][-]{appendix.A}{\376\377\000G\000a\000u\000s\000s\000i\000a\000n\000\040\000H\000e\000r\000m\000i\000t\000e\000\040\000Q\000u\000a\000d\000r\000a\000t\000u\000r\000e\000\040\000w\000i\000t\000h\000\040\000i\000m\000p\000o\000r\000t\000a\000n\000c\000e\000\040\000s\000a\000m\000p\000l\000i\000n\000g}{}% 18
\BOOKMARK [1][-]{appendix.B}{\376\377\000a\000d\000d\000i\000t\000i\000o\000n\000a\000l\000\040\000r\000e\000s\000u\000l\000t\000s}{}% 19
\BOOKMARK [2][-]{subsection.B.1}{\376\377\000I\000n\000t\000e\000g\000r\000a\000n\000d\000\040\000p\000l\000o\000t\000t\000i\000n\000g\000\040\000w\000r\000t\000\040\000d\000i\000f\000f\000e\000r\000e\000n\000t\000\040\000r\000a\000n\000d\000o\000m\000\040\000i\000n\000p\000u\000t\000s\000\040\000N\000=\0002\000,\000\040\000H\000=\0000\000.\0004\0003}{appendix.B}% 20
\BOOKMARK [2][-]{subsection.B.2}{\376\377\000I\000n\000t\000e\000g\000r\000a\000n\000d\000\040\000p\000l\000o\000t\000t\000i\000n\000g\000\040\000w\000r\000t\000\040\000d\000i\000f\000f\000e\000r\000e\000n\000t\000\040\000r\000a\000n\000d\000o\000m\000\040\000i\000n\000p\000u\000t\000s\000:\000\040\000N\000=\0004\000,\000\040\000H\000=\0000\000.\0004\0003}{appendix.B}% 21
\BOOKMARK [2][-]{subsection.B.3}{\376\377\000C\000a\000s\000e\000\040\000H\000=\0000\000.\0004\0003\000,\000\040\000C\000a\000l\000l\000\040\000p\000r\000i\000c\000e\000s\000\040\000f\000o\000r\000\040\000d\000i\000f\000f\000e\000r\000e\000n\000t\000\040\000m\000e\000t\000h\000o\000d\000s}{appendix.B}% 22
\BOOKMARK [2][-]{subsection.B.4}{\376\377\000C\000a\000s\000e\000\040\000H\000=\0000\000.\0000\0007\000,\000\040\000C\000a\000l\000l\000\040\000p\000r\000i\000c\000e\000s\000\040\000f\000o\000r\000\040\000d\000i\000f\000f\000e\000r\000e\000n\000t\000\040\000m\000e\000t\000h\000o\000d\000s}{appendix.B}% 23
\BOOKMARK [2][-]{subsection.B.5}{\376\377\000C\000o\000m\000p\000a\000r\000i\000n\000g\000\040\000c\000a\000l\000l\000\040\000o\000p\000t\000i\000o\000n\000s\000\040\000p\000r\000i\000c\000e\000s\000\040}{appendix.B}% 24
\BOOKMARK [3][-]{subsubsection.B.5.1}{\376\377\000W\000i\000t\000h\000o\000u\000t\000\040\000H\000i\000e\000r\000a\000r\000c\000h\000i\000c\000a\000l\000\040\000r\000e\000p\000r\000e\000s\000e\000n\000t\000a\000t\000i\000o\000n}{subsection.B.5}% 25
\BOOKMARK [2][-]{subsection.B.6}{\376\377\000I\000n\000v\000e\000s\000t\000i\000g\000a\000t\000i\000n\000g\000\040\000d\000i\000f\000f\000e\000r\000e\000n\000c\000e\000s\000\040\000w\000r\000t\000\040\000H\000\040}{appendix.B}% 26
\BOOKMARK [3][-]{subsubsection.B.6.1}{\376\377\000T\000o\000t\000a\000l\000l\000y\000\040\000H\000i\000e\000r\000a\000r\000c\000h\000i\000c\000a\000l}{subsection.B.6}% 27
\BOOKMARK [3][-]{subsubsection.B.6.2}{\376\377\000H\000i\000e\000r\000a\000r\000c\000h\000i\000c\000a\000l}{subsection.B.6}% 28
\BOOKMARK [3][-]{subsubsection.B.6.3}{\376\377\000N\000o\000n\000\040\000H\000i\000e\000r\000a\000r\000c\000h\000i\000c\000a\000l}{subsection.B.6}% 29
\BOOKMARK [2][-]{subsection.B.7}{\376\377\000I\000n\000v\000e\000s\000t\000i\000g\000a\000t\000i\000n\000g\000\040\000m\000i\000x\000e\000d\000\040\000d\000i\000f\000f\000e\000r\000e\000n\000c\000e\000s\000\040\000w\000r\000t\000\040\000\040}{appendix.B}% 30
\BOOKMARK [2][-]{subsection.B.8}{\376\377\000I\000n\000v\000e\000s\000t\000i\000g\000a\000t\000i\000n\000g\000\040\000m\000i\000x\000e\000d\000\040\000d\000i\000f\000f\000e\000r\000e\000n\000c\000e\000s\000\040\000w\000r\000t\000\040\000\040}{appendix.B}% 31
\BOOKMARK [2][-]{subsection.B.9}{\376\377\000I\000n\000v\000e\000s\000t\000i\000g\000a\000t\000i\000n\000g\000\040\000m\000i\000x\000e\000d\000\040\000d\000i\000f\000f\000e\000r\000e\000n\000c\000e\000s\000\040\000w\000r\000t\000\040\000m\000o\000n\000e\000y\000n\000e\000s\000s\000\040\000K\000\040}{appendix.B}% 32
\BOOKMARK [2][-]{subsection.B.10}{\376\377\000C\000o\000n\000v\000e\000r\000g\000e\000n\000c\000e\000\040\000p\000l\000o\000t\000s\000\040\000u\000s\000i\000n\000g\000\040\000M\000I\000S\000C\000\040\000\050\000H\000=\0000\000.\0004\0003\000\051}{appendix.B}% 33
\BOOKMARK [2][-]{subsection.B.11}{\376\377\000M\000I\000S\000C\000\040\000p\000l\000o\000t\000s}{appendix.B}% 34
\BOOKMARK [2][-]{subsection.B.12}{\376\377\000N\000o\000n\000\040\000H\000i\000e\000r\000a\000r\000c\000h\000i\000c\000a\000l}{appendix.B}% 35
\BOOKMARK [2][-]{subsection.B.13}{\376\377\000H\000i\000e\000r\000a\000r\000c\000h\000i\000c\000a\000l}{appendix.B}% 36
