This is pdfTeX, Version 3.14159265-2.6-1.40.17 (TeX Live 2016) (preloaded format=pdflatex 2016.5.22)  18 OCT 2018 07:16
entering extended mode
 restricted \write18 enabled.
 %&-line parsing enabled.
**main.tex
(./main.tex
LaTeX2e <2016/03/31>
Babel <3.9r> and hyphenation patterns for 83 language(s) loaded.
(/usr/local/texlive/2016/texmf-dist/tex/latex/base/article.cls
Document Class: article 2014/09/29 v1.4h Standard LaTeX document class
(/usr/local/texlive/2016/texmf-dist/tex/latex/base/size11.clo
File: size11.clo 2014/09/29 v1.4h Standard LaTeX file (size option)
)
\c@part=\count79
\c@section=\count80
\c@subsection=\count81
\c@subsubsection=\count82
\c@paragraph=\count83
\c@subparagraph=\count84
\c@figure=\count85
\c@table=\count86
\abovecaptionskip=\skip41
\belowcaptionskip=\skip42
\bibindent=\dimen102
)
(./smoothing_paper.sty
Package: smoothing_paper 

(/usr/local/texlive/2016/texmf-dist/tex/latex/amsmath/amsmath.sty
Package: amsmath 2016/03/10 v2.15b AMS math features
\@mathmargin=\skip43

For additional information on amsmath, use the `?' option.
(/usr/local/texlive/2016/texmf-dist/tex/latex/amsmath/amstext.sty
Package: amstext 2000/06/29 v2.01 AMS text

(/usr/local/texlive/2016/texmf-dist/tex/latex/amsmath/amsgen.sty
File: amsgen.sty 1999/11/30 v2.0 generic functions
\@emptytoks=\toks14
\ex@=\dimen103
))
(/usr/local/texlive/2016/texmf-dist/tex/latex/amsmath/amsbsy.sty
Package: amsbsy 1999/11/29 v1.2d Bold Symbols
\pmbraise@=\dimen104
)
(/usr/local/texlive/2016/texmf-dist/tex/latex/amsmath/amsopn.sty
Package: amsopn 2016/03/08 v2.02 operator names
)
\inf@bad=\count87
LaTeX Info: Redefining \frac on input line 199.
\uproot@=\count88
\leftroot@=\count89
LaTeX Info: Redefining \overline on input line 297.
\classnum@=\count90
\DOTSCASE@=\count91
LaTeX Info: Redefining \ldots on input line 394.
LaTeX Info: Redefining \dots on input line 397.
LaTeX Info: Redefining \cdots on input line 518.
\Mathstrutbox@=\box26
\strutbox@=\box27
\big@size=\dimen105
LaTeX Font Info:    Redeclaring font encoding OML on input line 634.
LaTeX Font Info:    Redeclaring font encoding OMS on input line 635.
\macc@depth=\count92
\c@MaxMatrixCols=\count93
\dotsspace@=\muskip10
\c@parentequation=\count94
\dspbrk@lvl=\count95
\tag@help=\toks15
\row@=\count96
\column@=\count97
\maxfields@=\count98
\andhelp@=\toks16
\eqnshift@=\dimen106
\alignsep@=\dimen107
\tagshift@=\dimen108
\tagwidth@=\dimen109
\totwidth@=\dimen110
\lineht@=\dimen111
\@envbody=\toks17
\multlinegap=\skip44
\multlinetaggap=\skip45
\mathdisplay@stack=\toks18
LaTeX Info: Redefining \[ on input line 2739.
LaTeX Info: Redefining \] on input line 2740.
)
(/usr/local/texlive/2016/texmf-dist/tex/latex/amscls/amsthm.sty
Package: amsthm 2015/03/04 v2.20.2
\thm@style=\toks19
\thm@bodyfont=\toks20
\thm@headfont=\toks21
\thm@notefont=\toks22
\thm@headpunct=\toks23
\thm@preskip=\skip46
\thm@postskip=\skip47
\thm@headsep=\skip48
\dth@everypar=\toks24
)
(/usr/local/texlive/2016/texmf-dist/tex/latex/amsfonts/amssymb.sty
Package: amssymb 2013/01/14 v3.01 AMS font symbols

(/usr/local/texlive/2016/texmf-dist/tex/latex/amsfonts/amsfonts.sty
Package: amsfonts 2013/01/14 v3.01 Basic AMSFonts support
\symAMSa=\mathgroup4
\symAMSb=\mathgroup5
LaTeX Font Info:    Overwriting math alphabet `\mathfrak' in version `bold'
(Font)                  U/euf/m/n --> U/euf/b/n on input line 106.
))
(/usr/local/texlive/2016/texmf-dist/tex/latex/graphics/graphicx.sty
Package: graphicx 2014/10/28 v1.0g Enhanced LaTeX Graphics (DPC,SPQR)

(/usr/local/texlive/2016/texmf-dist/tex/latex/graphics/keyval.sty
Package: keyval 2014/10/28 v1.15 key=value parser (DPC)
\KV@toks@=\toks25
)
(/usr/local/texlive/2016/texmf-dist/tex/latex/graphics/graphics.sty
Package: graphics 2016/05/09 v1.0r Standard LaTeX Graphics (DPC,SPQR)

(/usr/local/texlive/2016/texmf-dist/tex/latex/graphics/trig.sty
Package: trig 2016/01/03 v1.10 sin cos tan (DPC)
)
(/usr/local/texlive/2016/texmf-dist/tex/latex/graphics-cfg/graphics.cfg
File: graphics.cfg 2016/01/02 v1.10 sample graphics configuration
)
Package graphics Info: Driver file: pdftex.def on input line 96.

(/usr/local/texlive/2016/texmf-dist/tex/latex/pdftex-def/pdftex.def
File: pdftex.def 2011/05/27 v0.06d Graphics/color for pdfTeX

(/usr/local/texlive/2016/texmf-dist/tex/generic/oberdiek/infwarerr.sty
Package: infwarerr 2016/05/16 v1.4 Providing info/warning/error messages (HO)
)
(/usr/local/texlive/2016/texmf-dist/tex/generic/oberdiek/ltxcmds.sty
Package: ltxcmds 2016/05/16 v1.23 LaTeX kernel commands for general use (HO)
)
\Gread@gobject=\count99
))
\Gin@req@height=\dimen112
\Gin@req@width=\dimen113
)
(/usr/local/texlive/2016/texmf-dist/tex/latex/tools/calc.sty
Package: calc 2014/10/28 v4.3 Infix arithmetic (KKT,FJ)
\calc@Acount=\count100
\calc@Bcount=\count101
\calc@Adimen=\dimen114
\calc@Bdimen=\dimen115
\calc@Askip=\skip49
\calc@Bskip=\skip50
LaTeX Info: Redefining \setlength on input line 80.
LaTeX Info: Redefining \addtolength on input line 81.
\calc@Ccount=\count102
\calc@Cskip=\skip51
)
(/usr/local/texlive/2016/texmf-dist/tex/latex/mathtools/mathtools.sty
Package: mathtools 2015/11/12 v1.18 mathematical typesetting tools

(/usr/local/texlive/2016/texmf-dist/tex/latex/mathtools/mhsetup.sty
Package: mhsetup 2010/01/21 v1.2a programming setup (MH)
)
LaTeX Info: Thecontrolsequence`\('isalreadyrobust on input line 129.
LaTeX Info: Thecontrolsequence`\)'isalreadyrobust on input line 129.
LaTeX Info: Thecontrolsequence`\['isalreadyrobust on input line 129.
LaTeX Info: Thecontrolsequence`\]'isalreadyrobust on input line 129.
\g_MT_multlinerow_int=\count103
\l_MT_multwidth_dim=\dimen116
\origjot=\skip52
\l_MT_shortvdotswithinadjustabove_dim=\dimen117
\l_MT_shortvdotswithinadjustbelow_dim=\dimen118
\l_MT_above_intertext_sep=\dimen119
\l_MT_below_intertext_sep=\dimen120
\l_MT_above_shortintertext_sep=\dimen121
\l_MT_below_shortintertext_sep=\dimen122
)
(/usr/local/texlive/2016/texmf-dist/tex/latex/enumitem/enumitem.sty
Package: enumitem 2011/09/28 v3.5.2 Customized lists
\labelindent=\skip53
\enit@outerparindent=\dimen123
\enit@toks=\toks26
\enit@inbox=\box28
\enitdp@description=\count104
)
(/usr/local/texlive/2016/texmf-dist/tex/generic/oberdiek/ifpdf.sty
Package: ifpdf 2016/05/14 v3.1 Provides the ifpdf switch
)
(/usr/local/texlive/2016/texmf-dist/tex/latex/base/ifthen.sty
Package: ifthen 2014/09/29 v1.1c Standard LaTeX ifthen package (DPC)
)
(/usr/local/texlive/2016/texmf-dist/tex/latex/braket/braket.sty)
(/usr/local/texlive/2016/texmf-dist/tex/latex/xcolor/xcolor.sty
Package: xcolor 2016/05/11 v2.12 LaTeX color extensions (UK)

(/usr/local/texlive/2016/texmf-dist/tex/latex/graphics-cfg/color.cfg
File: color.cfg 2016/01/02 v1.6 sample color configuration
)
Package xcolor Info: Driver file: pdftex.def on input line 225.
Package xcolor Info: Model `cmy' substituted by `cmy0' on input line 1348.
Package xcolor Info: Model `hsb' substituted by `rgb' on input line 1352.
Package xcolor Info: Model `RGB' extended on input line 1364.
Package xcolor Info: Model `HTML' substituted by `rgb' on input line 1366.
Package xcolor Info: Model `Hsb' substituted by `hsb' on input line 1367.
Package xcolor Info: Model `tHsb' substituted by `hsb' on input line 1368.
Package xcolor Info: Model `HSB' substituted by `hsb' on input line 1369.
Package xcolor Info: Model `Gray' substituted by `gray' on input line 1370.
Package xcolor Info: Model `wave' substituted by `hsb' on input line 1371.
)
(/usr/local/texlive/2016/texmf-dist/tex/generic/xypic/xy.sty
(/usr/local/texlive/2016/texmf-dist/tex/generic/xypic/xy.tex Bootstrap'ing:
catcodes, docmode,
(/usr/local/texlive/2016/texmf-dist/tex/generic/xypic/xyrecat.tex)
(/usr/local/texlive/2016/texmf-dist/tex/generic/xypic/xyidioms.tex)

 Xy-pic version 3.8.9 <2013/10/06>
 Copyright (c) 1991-2013 by Kristoffer H. Rose <krisrose@tug.org> and others
 Xy-pic is free software: see the User's Guide for details.

Loading kernel: messages; fonts; allocations: state,
\X@c=\dimen124
\Y@c=\dimen125
\U@c=\dimen126
\D@c=\dimen127
\L@c=\dimen128
\R@c=\dimen129
\Edge@c=\toks27
\X@p=\dimen130
\Y@p=\dimen131
\U@p=\dimen132
\D@p=\dimen133
\L@p=\dimen134
\R@p=\dimen135
\Edge@p=\toks28
\X@origin=\dimen136
\Y@origin=\dimen137
\X@xbase=\dimen138
\Y@xbase=\dimen139
\X@ybase=\dimen140
\Y@ybase=\dimen141
\X@min=\dimen142
\Y@min=\dimen143
\X@max=\dimen144
\Y@max=\dimen145
\lastobjectbox@=\box29
\zerodotbox@=\box30
\almostz@=\dimen146
 direction,
\d@X=\dimen147
\d@Y=\dimen148
\K@=\count105
\KK@=\count106
\Direction=\count107
\K@dXdY=\dimen149
\K@dYdX=\dimen150
\xyread@=\read1
\xywrite@=\write3
\csp@=\count108
\quotPTK@=\dimen151

utility macros; pictures: \xy, positions,
\swaptoks@@=\toks29
\connectobjectbox@@=\box31
 objects,
\styletoks@=\toks30
 decorations;
kernel objects: directionals, circles, text; options; algorithms: directions,
edges, connections;  Xy-pic loaded)
Package: xy 2013/10/06 Xy-pic version 3.8.9

(/usr/local/texlive/2016/texmf-dist/tex/generic/xypic/xyall.tex
 Xy-pic option: All features v.3.8
(/usr/local/texlive/2016/texmf-dist/tex/generic/xypic/xycurve.tex
 Xy-pic option: Curve and Spline extension v.3.12 curve,
\crv@cnt@=\count109
\crvpts@=\toks31
\splinebox@=\box32
\splineval@=\dimen152
\splinedepth@=\dimen153
\splinetol@=\dimen154
\splinelength@=\dimen155
 circles,
\L@=\dimen156
 loaded)
(/usr/local/texlive/2016/texmf-dist/tex/generic/xypic/xyframe.tex
 Xy-pic option: Frame and Bracket extension v.3.14 loaded)
(/usr/local/texlive/2016/texmf-dist/tex/generic/xypic/xycmtip.tex
 Xy-pic option: Computer Modern tip extension v.3.7
(/usr/local/texlive/2016/texmf-dist/tex/generic/xypic/xytips.tex
 Xy-pic option: More Tips extension v.3.11 loaded) loaded)
(/usr/local/texlive/2016/texmf-dist/tex/generic/xypic/xyline.tex
 Xy-pic option: Line styles extension v.3.10
\xylinethick@=\dimen157
 loaded)
(/usr/local/texlive/2016/texmf-dist/tex/generic/xypic/xyrotate.tex
 Xy-pic option: Rotate and Scale extension v.3.8 loaded)
(/usr/local/texlive/2016/texmf-dist/tex/generic/xypic/xycolor.tex
 Xy-pic option: Colour extension v.3.11 loaded)
(/usr/local/texlive/2016/texmf-dist/tex/generic/xypic/xymatrix.tex
 Xy-pic option: Matrix feature v.3.14
\Row=\count110
\Col=\count111
\queue@=\toks32
\queue@@=\toks33
\qcount@=\count112
\qcount@@=\count113
\matrixsize@=\count114
 loaded)
(/usr/local/texlive/2016/texmf-dist/tex/generic/xypic/xyarrow.tex
 Xy-pic option: Arrow and Path feature v.3.9 path, \ar, loaded)
(/usr/local/texlive/2016/texmf-dist/tex/generic/xypic/xygraph.tex
 Xy-pic option: Graph feature v.3.11 loaded) loaded)
(/usr/local/texlive/2016/texmf-dist/tex/generic/xypic/xypdf.tex
 Xy-pic option: PDF driver v.1.7 Xy-pic pdf driver: `color' extension support
(/usr/local/texlive/2016/texmf-dist/tex/generic/xypic/xypdf-co.tex loaded)
Xy-pic pdf driver: `curve' extension support
(/usr/local/texlive/2016/texmf-dist/tex/generic/xypic/xypdf-cu.tex loaded)
Xy-pic pdf driver: `frame' extension support
(/usr/local/texlive/2016/texmf-dist/tex/generic/xypic/xypdf-fr.tex loaded)
Xy-pic pdf driver: `line' extension support
(/usr/local/texlive/2016/texmf-dist/tex/generic/xypic/xypdf-li.tex loaded)
Xy-pic pdf driver: `rotate' extension support
(/usr/local/texlive/2016/texmf-dist/tex/generic/xypic/xypdf-ro.tex loaded)
loaded)) (/usr/local/texlive/2016/texmf-dist/tex/latex/fancyhdr/fancyhdr.sty
\fancy@headwidth=\skip54
\f@ncyO@elh=\skip55
\f@ncyO@erh=\skip56
\f@ncyO@olh=\skip57
\f@ncyO@orh=\skip58
\f@ncyO@elf=\skip59
\f@ncyO@erf=\skip60
\f@ncyO@olf=\skip61
\f@ncyO@orf=\skip62
)
(/usr/local/texlive/2016/texmf-dist/tex/latex/pgf/frontendlayer/tikz.sty
(/usr/local/texlive/2016/texmf-dist/tex/latex/pgf/basiclayer/pgf.sty
(/usr/local/texlive/2016/texmf-dist/tex/latex/pgf/utilities/pgfrcs.sty
(/usr/local/texlive/2016/texmf-dist/tex/generic/pgf/utilities/pgfutil-common.te
x
\pgfutil@everybye=\toks34
\pgfutil@tempdima=\dimen158
\pgfutil@tempdimb=\dimen159

(/usr/local/texlive/2016/texmf-dist/tex/generic/pgf/utilities/pgfutil-common-li
sts.tex))
(/usr/local/texlive/2016/texmf-dist/tex/generic/pgf/utilities/pgfutil-latex.def
\pgfutil@abb=\box33
(/usr/local/texlive/2016/texmf-dist/tex/latex/ms/everyshi.sty
Package: everyshi 2001/05/15 v3.00 EveryShipout Package (MS)
))
(/usr/local/texlive/2016/texmf-dist/tex/generic/pgf/utilities/pgfrcs.code.tex
Package: pgfrcs 2015/08/07 v3.0.1a (rcs-revision 1.31)
))
Package: pgf 2015/08/07 v3.0.1a (rcs-revision 1.15)
(/usr/local/texlive/2016/texmf-dist/tex/latex/pgf/basiclayer/pgfcore.sty
(/usr/local/texlive/2016/texmf-dist/tex/latex/pgf/systemlayer/pgfsys.sty
(/usr/local/texlive/2016/texmf-dist/tex/generic/pgf/systemlayer/pgfsys.code.tex
Package: pgfsys 2014/07/09 v3.0.1a (rcs-revision 1.48)
(/usr/local/texlive/2016/texmf-dist/tex/generic/pgf/utilities/pgfkeys.code.tex
\pgfkeys@pathtoks=\toks35
\pgfkeys@temptoks=\toks36

(/usr/local/texlive/2016/texmf-dist/tex/generic/pgf/utilities/pgfkeysfiltered.c
ode.tex
\pgfkeys@tmptoks=\toks37
))
\pgf@x=\dimen160
\pgf@y=\dimen161
\pgf@xa=\dimen162
\pgf@ya=\dimen163
\pgf@xb=\dimen164
\pgf@yb=\dimen165
\pgf@xc=\dimen166
\pgf@yc=\dimen167
\w@pgf@writea=\write4
\r@pgf@reada=\read2
\c@pgf@counta=\count115
\c@pgf@countb=\count116
\c@pgf@countc=\count117
\c@pgf@countd=\count118
\t@pgf@toka=\toks38
\t@pgf@tokb=\toks39
\t@pgf@tokc=\toks40

(/usr/local/texlive/2016/texmf-dist/tex/generic/pgf/systemlayer/pgf.cfg
File: pgf.cfg 2008/05/14  (rcs-revision 1.7)
)
Driver file for pgf: pgfsys-pdftex.def

(/usr/local/texlive/2016/texmf-dist/tex/generic/pgf/systemlayer/pgfsys-pdftex.d
ef
File: pgfsys-pdftex.def 2014/10/11  (rcs-revision 1.35)

(/usr/local/texlive/2016/texmf-dist/tex/generic/pgf/systemlayer/pgfsys-common-p
df.def
File: pgfsys-common-pdf.def 2013/10/10  (rcs-revision 1.13)
)))
(/usr/local/texlive/2016/texmf-dist/tex/generic/pgf/systemlayer/pgfsyssoftpath.
code.tex
File: pgfsyssoftpath.code.tex 2013/09/09  (rcs-revision 1.9)
\pgfsyssoftpath@smallbuffer@items=\count119
\pgfsyssoftpath@bigbuffer@items=\count120
)
(/usr/local/texlive/2016/texmf-dist/tex/generic/pgf/systemlayer/pgfsysprotocol.
code.tex
File: pgfsysprotocol.code.tex 2006/10/16  (rcs-revision 1.4)
))
(/usr/local/texlive/2016/texmf-dist/tex/generic/pgf/basiclayer/pgfcore.code.tex
Package: pgfcore 2010/04/11 v3.0.1a (rcs-revision 1.7)
(/usr/local/texlive/2016/texmf-dist/tex/generic/pgf/math/pgfmath.code.tex
(/usr/local/texlive/2016/texmf-dist/tex/generic/pgf/math/pgfmathcalc.code.tex
(/usr/local/texlive/2016/texmf-dist/tex/generic/pgf/math/pgfmathutil.code.tex)
(/usr/local/texlive/2016/texmf-dist/tex/generic/pgf/math/pgfmathparser.code.tex
\pgfmath@dimen=\dimen168
\pgfmath@count=\count121
\pgfmath@box=\box34
\pgfmath@toks=\toks41
\pgfmath@stack@operand=\toks42
\pgfmath@stack@operation=\toks43
)
(/usr/local/texlive/2016/texmf-dist/tex/generic/pgf/math/pgfmathfunctions.code.
tex
(/usr/local/texlive/2016/texmf-dist/tex/generic/pgf/math/pgfmathfunctions.basic
.code.tex)
(/usr/local/texlive/2016/texmf-dist/tex/generic/pgf/math/pgfmathfunctions.trigo
nometric.code.tex)
(/usr/local/texlive/2016/texmf-dist/tex/generic/pgf/math/pgfmathfunctions.rando
m.code.tex)
(/usr/local/texlive/2016/texmf-dist/tex/generic/pgf/math/pgfmathfunctions.compa
rison.code.tex)
(/usr/local/texlive/2016/texmf-dist/tex/generic/pgf/math/pgfmathfunctions.base.
code.tex)
(/usr/local/texlive/2016/texmf-dist/tex/generic/pgf/math/pgfmathfunctions.round
.code.tex)
(/usr/local/texlive/2016/texmf-dist/tex/generic/pgf/math/pgfmathfunctions.misc.
code.tex)
(/usr/local/texlive/2016/texmf-dist/tex/generic/pgf/math/pgfmathfunctions.integ
erarithmetics.code.tex)))
(/usr/local/texlive/2016/texmf-dist/tex/generic/pgf/math/pgfmathfloat.code.tex
\c@pgfmathroundto@lastzeros=\count122
))
(/usr/local/texlive/2016/texmf-dist/tex/generic/pgf/basiclayer/pgfcorepoints.co
de.tex
File: pgfcorepoints.code.tex 2013/10/07  (rcs-revision 1.27)
\pgf@picminx=\dimen169
\pgf@picmaxx=\dimen170
\pgf@picminy=\dimen171
\pgf@picmaxy=\dimen172
\pgf@pathminx=\dimen173
\pgf@pathmaxx=\dimen174
\pgf@pathminy=\dimen175
\pgf@pathmaxy=\dimen176
\pgf@xx=\dimen177
\pgf@xy=\dimen178
\pgf@yx=\dimen179
\pgf@yy=\dimen180
\pgf@zx=\dimen181
\pgf@zy=\dimen182
)
(/usr/local/texlive/2016/texmf-dist/tex/generic/pgf/basiclayer/pgfcorepathconst
ruct.code.tex
File: pgfcorepathconstruct.code.tex 2013/10/07  (rcs-revision 1.29)
\pgf@path@lastx=\dimen183
\pgf@path@lasty=\dimen184
)
(/usr/local/texlive/2016/texmf-dist/tex/generic/pgf/basiclayer/pgfcorepathusage
.code.tex
File: pgfcorepathusage.code.tex 2014/11/02  (rcs-revision 1.24)
\pgf@shorten@end@additional=\dimen185
\pgf@shorten@start@additional=\dimen186
)
(/usr/local/texlive/2016/texmf-dist/tex/generic/pgf/basiclayer/pgfcorescopes.co
de.tex
File: pgfcorescopes.code.tex 2015/05/08  (rcs-revision 1.46)
\pgfpic=\box35
\pgf@hbox=\box36
\pgf@layerbox@main=\box37
\pgf@picture@serial@count=\count123
)
(/usr/local/texlive/2016/texmf-dist/tex/generic/pgf/basiclayer/pgfcoregraphicst
ate.code.tex
File: pgfcoregraphicstate.code.tex 2014/11/02  (rcs-revision 1.12)
\pgflinewidth=\dimen187
)
(/usr/local/texlive/2016/texmf-dist/tex/generic/pgf/basiclayer/pgfcoretransform
ations.code.tex
File: pgfcoretransformations.code.tex 2015/08/07  (rcs-revision 1.20)
\pgf@pt@x=\dimen188
\pgf@pt@y=\dimen189
\pgf@pt@temp=\dimen190
)
(/usr/local/texlive/2016/texmf-dist/tex/generic/pgf/basiclayer/pgfcorequick.cod
e.tex
File: pgfcorequick.code.tex 2008/10/09  (rcs-revision 1.3)
)
(/usr/local/texlive/2016/texmf-dist/tex/generic/pgf/basiclayer/pgfcoreobjects.c
ode.tex
File: pgfcoreobjects.code.tex 2006/10/11  (rcs-revision 1.2)
)
(/usr/local/texlive/2016/texmf-dist/tex/generic/pgf/basiclayer/pgfcorepathproce
ssing.code.tex
File: pgfcorepathprocessing.code.tex 2013/09/09  (rcs-revision 1.9)
)
(/usr/local/texlive/2016/texmf-dist/tex/generic/pgf/basiclayer/pgfcorearrows.co
de.tex
File: pgfcorearrows.code.tex 2015/05/14  (rcs-revision 1.43)
\pgfarrowsep=\dimen191
)
(/usr/local/texlive/2016/texmf-dist/tex/generic/pgf/basiclayer/pgfcoreshade.cod
e.tex
File: pgfcoreshade.code.tex 2013/07/15  (rcs-revision 1.15)
\pgf@max=\dimen192
\pgf@sys@shading@range@num=\count124
)
(/usr/local/texlive/2016/texmf-dist/tex/generic/pgf/basiclayer/pgfcoreimage.cod
e.tex
File: pgfcoreimage.code.tex 2013/07/15  (rcs-revision 1.18)

(/usr/local/texlive/2016/texmf-dist/tex/generic/pgf/basiclayer/pgfcoreexternal.
code.tex
File: pgfcoreexternal.code.tex 2014/07/09  (rcs-revision 1.21)
\pgfexternal@startupbox=\box38
))
(/usr/local/texlive/2016/texmf-dist/tex/generic/pgf/basiclayer/pgfcorelayers.co
de.tex
File: pgfcorelayers.code.tex 2013/07/18  (rcs-revision 1.7)
)
(/usr/local/texlive/2016/texmf-dist/tex/generic/pgf/basiclayer/pgfcoretranspare
ncy.code.tex
File: pgfcoretransparency.code.tex 2013/09/30  (rcs-revision 1.5)
)
(/usr/local/texlive/2016/texmf-dist/tex/generic/pgf/basiclayer/pgfcorepatterns.
code.tex
File: pgfcorepatterns.code.tex 2013/11/07  (rcs-revision 1.5)
)))
(/usr/local/texlive/2016/texmf-dist/tex/generic/pgf/modules/pgfmoduleshapes.cod
e.tex
File: pgfmoduleshapes.code.tex 2014/03/21  (rcs-revision 1.35)
\pgfnodeparttextbox=\box39
)
(/usr/local/texlive/2016/texmf-dist/tex/generic/pgf/modules/pgfmoduleplot.code.
tex
File: pgfmoduleplot.code.tex 2015/08/03  (rcs-revision 1.13)
)
(/usr/local/texlive/2016/texmf-dist/tex/latex/pgf/compatibility/pgfcomp-version
-0-65.sty
Package: pgfcomp-version-0-65 2007/07/03 v3.0.1a (rcs-revision 1.7)
\pgf@nodesepstart=\dimen193
\pgf@nodesepend=\dimen194
)
(/usr/local/texlive/2016/texmf-dist/tex/latex/pgf/compatibility/pgfcomp-version
-1-18.sty
Package: pgfcomp-version-1-18 2007/07/23 v3.0.1a (rcs-revision 1.1)
))
(/usr/local/texlive/2016/texmf-dist/tex/latex/pgf/utilities/pgffor.sty
(/usr/local/texlive/2016/texmf-dist/tex/latex/pgf/utilities/pgfkeys.sty
(/usr/local/texlive/2016/texmf-dist/tex/generic/pgf/utilities/pgfkeys.code.tex)
) (/usr/local/texlive/2016/texmf-dist/tex/latex/pgf/math/pgfmath.sty
(/usr/local/texlive/2016/texmf-dist/tex/generic/pgf/math/pgfmath.code.tex))
(/usr/local/texlive/2016/texmf-dist/tex/generic/pgf/utilities/pgffor.code.tex
Package: pgffor 2013/12/13 v3.0.1a (rcs-revision 1.25)

(/usr/local/texlive/2016/texmf-dist/tex/generic/pgf/math/pgfmath.code.tex)
\pgffor@iter=\dimen195
\pgffor@skip=\dimen196
\pgffor@stack=\toks44
\pgffor@toks=\toks45
))
(/usr/local/texlive/2016/texmf-dist/tex/generic/pgf/frontendlayer/tikz/tikz.cod
e.tex
Package: tikz 2015/08/07 v3.0.1a (rcs-revision 1.151)

(/usr/local/texlive/2016/texmf-dist/tex/generic/pgf/libraries/pgflibraryplothan
dlers.code.tex
File: pgflibraryplothandlers.code.tex 2013/08/31 v3.0.1a (rcs-revision 1.20)
\pgf@plot@mark@count=\count125
\pgfplotmarksize=\dimen197
)
\tikz@lastx=\dimen198
\tikz@lasty=\dimen199
\tikz@lastxsaved=\dimen256
\tikz@lastysaved=\dimen257
\tikzleveldistance=\dimen258
\tikzsiblingdistance=\dimen259
\tikz@figbox=\box40
\tikz@figbox@bg=\box41
\tikz@tempbox=\box42
\tikz@tempbox@bg=\box43
\tikztreelevel=\count126
\tikznumberofchildren=\count127
\tikznumberofcurrentchild=\count128
\tikz@fig@count=\count129

(/usr/local/texlive/2016/texmf-dist/tex/generic/pgf/modules/pgfmodulematrix.cod
e.tex
File: pgfmodulematrix.code.tex 2013/09/17  (rcs-revision 1.8)
\pgfmatrixcurrentrow=\count130
\pgfmatrixcurrentcolumn=\count131
\pgf@matrix@numberofcolumns=\count132
)
\tikz@expandcount=\count133

(/usr/local/texlive/2016/texmf-dist/tex/generic/pgf/frontendlayer/tikz/librarie
s/tikzlibrarytopaths.code.tex
File: tikzlibrarytopaths.code.tex 2008/06/17 v3.0.1a (rcs-revision 1.2)
)))
(/usr/local/texlive/2016/texmf-dist/tex/latex/todonotes/todonotes.sty
Package: todonotes 2015/07/09 .dtx Todonotes source and documentation.
Package: todonotes 2012/07/25

(/usr/local/texlive/2016/texmf-dist/tex/latex/xkeyval/xkeyval.sty
Package: xkeyval 2014/12/03 v2.7a package option processing (HA)

(/usr/local/texlive/2016/texmf-dist/tex/generic/xkeyval/xkeyval.tex
(/usr/local/texlive/2016/texmf-dist/tex/generic/xkeyval/xkvutils.tex
\XKV@toks=\toks46
\XKV@tempa@toks=\toks47
)
\XKV@depth=\count134
File: xkeyval.tex 2014/12/03 v2.7a key=value parser (HA)
))
(/usr/local/texlive/2016/texmf-dist/tex/generic/pgf/frontendlayer/tikz/librarie
s/tikzlibrarypositioning.code.tex
File: tikzlibrarypositioning.code.tex 2008/10/06 v3.0.1a (rcs-revision 1.7)
)
\c@@todonotes@numberoftodonotes=\count135
)
(/usr/local/texlive/2016/texmf-dist/tex/latex/doublestroke/dsfont.sty
Package: dsfont 1995/08/01 v0.1 Double stroke roman fonts
)
(/usr/local/texlive/2016/texmf-dist/tex/latex/caption/subcaption.sty
Package: subcaption 2016/02/20 v1.1-142 Sub-captions (AR)

(/usr/local/texlive/2016/texmf-dist/tex/latex/caption/caption.sty
Package: caption 2016/02/21 v3.3-144 Customizing captions (AR)

(/usr/local/texlive/2016/texmf-dist/tex/latex/caption/caption3.sty
Package: caption3 2016/02/04 v1.7-139 caption3 kernel (AR)
Package caption3 Info: TeX engine: e-TeX on input line 67.
\captionmargin=\dimen260
\captionmargin@=\dimen261
\captionwidth=\dimen262
\caption@tempdima=\dimen263
\caption@indent=\dimen264
\caption@parindent=\dimen265
\caption@hangindent=\dimen266
)
\c@ContinuedFloat=\count136
)
\c@subfigure=\count137
\c@subtable=\count138
)
(/usr/local/texlive/2016/texmf-dist/tex/latex/sidecap/sidecap.sty
Package: sidecap 2003/06/06 v1.6f SideCap Package (RN/HjG)
\SC@BOXWD=\dimen267
\SC@CAPWD=\dimen268
\SC@tempdima=\dimen269
\SC@tempdimb=\dimen270
\c@SC@C=\count139
\SC@BOX=\box44
)
(/usr/local/texlive/2016/texmf-dist/tex/latex/hyperref/hyperref.sty
Package: hyperref 2016/05/05 v6.83n Hypertext links for LaTeX

(/usr/local/texlive/2016/texmf-dist/tex/generic/oberdiek/hobsub-hyperref.sty
Package: hobsub-hyperref 2016/05/16 v1.14 Bundle oberdiek, subset hyperref (HO)


(/usr/local/texlive/2016/texmf-dist/tex/generic/oberdiek/hobsub-generic.sty
Package: hobsub-generic 2016/05/16 v1.14 Bundle oberdiek, subset generic (HO)
Package: hobsub 2016/05/16 v1.14 Construct package bundles (HO)
Package hobsub Info: Skipping package `infwarerr' (already loaded).
Package hobsub Info: Skipping package `ltxcmds' (already loaded).
Package: ifluatex 2016/05/16 v1.4 Provides the ifluatex switch (HO)
Package ifluatex Info: LuaTeX not detected.
Package: ifvtex 2016/05/16 v1.6 Detect VTeX and its facilities (HO)
Package ifvtex Info: VTeX not detected.
Package: intcalc 2016/05/16 v1.2 Expandable calculations with integers (HO)
Package hobsub Info: Skipping package `ifpdf' (already loaded).
Package: etexcmds 2016/05/16 v1.6 Avoid name clashes with e-TeX commands (HO)
Package etexcmds Info: Could not find \expanded.
(etexcmds)             That can mean that you are not using pdfTeX 1.50 or
(etexcmds)             that some package has redefined \expanded.
(etexcmds)             In the latter case, load this package earlier.
Package: kvsetkeys 2016/05/16 v1.17 Key value parser (HO)
Package: kvdefinekeys 2016/05/16 v1.4 Define keys (HO)
Package: pdftexcmds 2016/05/10 v0.21 Utility functions of pdfTeX for LuaTeX (HO
)
Package pdftexcmds Info: LuaTeX not detected.
Package pdftexcmds Info: \pdf@primitive is available.
Package pdftexcmds Info: \pdf@ifprimitive is available.
Package pdftexcmds Info: \pdfdraftmode found.
Package: pdfescape 2016/05/16 v1.14 Implements pdfTeX's escape features (HO)
Package: bigintcalc 2016/05/16 v1.4 Expandable calculations on big integers (HO
)
Package: bitset 2016/05/16 v1.2 Handle bit-vector datatype (HO)
Package: uniquecounter 2016/05/16 v1.3 Provide unlimited unique counter (HO)
)
Package hobsub Info: Skipping package `hobsub' (already loaded).
Package: letltxmacro 2016/05/16 v1.5 Let assignment for LaTeX macros (HO)
Package: hopatch 2016/05/16 v1.3 Wrapper for package hooks (HO)
Package: xcolor-patch 2016/05/16 xcolor patch
Package: atveryend 2016/05/16 v1.9 Hooks at the very end of document (HO)
Package atveryend Info: \enddocument detected (standard20110627).
Package: atbegshi 2016/05/16 v1.17 At begin shipout hook (HO)
Package: refcount 2016/05/16 v3.5 Data extraction from label references (HO)
Package: hycolor 2016/05/16 v1.8 Color options for hyperref/bookmark (HO)
)
(/usr/local/texlive/2016/texmf-dist/tex/generic/ifxetex/ifxetex.sty
Package: ifxetex 2010/09/12 v0.6 Provides ifxetex conditional
)
(/usr/local/texlive/2016/texmf-dist/tex/latex/oberdiek/auxhook.sty
Package: auxhook 2016/05/16 v1.4 Hooks for auxiliary files (HO)
)
(/usr/local/texlive/2016/texmf-dist/tex/latex/oberdiek/kvoptions.sty
Package: kvoptions 2016/05/16 v3.12 Key value format for package options (HO)
)
\@linkdim=\dimen271
\Hy@linkcounter=\count140
\Hy@pagecounter=\count141

(/usr/local/texlive/2016/texmf-dist/tex/latex/hyperref/pd1enc.def
File: pd1enc.def 2016/05/05 v6.83n Hyperref: PDFDocEncoding definition (HO)
)
\Hy@SavedSpaceFactor=\count142

(/usr/local/texlive/2016/texmf-dist/tex/latex/latexconfig/hyperref.cfg
File: hyperref.cfg 2002/06/06 v1.2 hyperref configuration of TeXLive
)
Package hyperref Info: Hyper figures OFF on input line 4446.
Package hyperref Info: Link nesting OFF on input line 4451.
Package hyperref Info: Hyper index ON on input line 4454.
Package hyperref Info: Plain pages OFF on input line 4461.
Package hyperref Info: Backreferencing OFF on input line 4466.
Package hyperref Info: Implicit mode ON; LaTeX internals redefined.
Package hyperref Info: Bookmarks ON on input line 4691.
\c@Hy@tempcnt=\count143

(/usr/local/texlive/2016/texmf-dist/tex/latex/url/url.sty
\Urlmuskip=\muskip11
Package: url 2013/09/16  ver 3.4  Verb mode for urls, etc.
)
LaTeX Info: Redefining \url on input line 5044.
\XeTeXLinkMargin=\dimen272
\Fld@menulength=\count144
\Field@Width=\dimen273
\Fld@charsize=\dimen274
Package hyperref Info: Hyper figures OFF on input line 6298.
Package hyperref Info: Link nesting OFF on input line 6303.
Package hyperref Info: Hyper index ON on input line 6306.
Package hyperref Info: backreferencing OFF on input line 6313.
Package hyperref Info: Link coloring OFF on input line 6318.
Package hyperref Info: Link coloring with OCG OFF on input line 6323.
Package hyperref Info: PDF/A mode OFF on input line 6328.
LaTeX Info: Redefining \ref on input line 6368.
LaTeX Info: Redefining \pageref on input line 6372.
\Hy@abspage=\count145
\c@Item=\count146
\c@Hfootnote=\count147
)

Package hyperref Message: Driver: hpdftex.

(/usr/local/texlive/2016/texmf-dist/tex/latex/hyperref/hpdftex.def
File: hpdftex.def 2016/05/05 v6.83n Hyperref driver for pdfTeX
\Fld@listcount=\count148
\c@bookmark@seq@number=\count149

(/usr/local/texlive/2016/texmf-dist/tex/latex/oberdiek/rerunfilecheck.sty
Package: rerunfilecheck 2016/05/16 v1.8 Rerun checks for auxiliary files (HO)
Package uniquecounter Info: New unique counter `rerunfilecheck' on input line 2
82.
)
\Hy@SectionHShift=\skip63
)
Package hyperref Info: Option `plainpages' set `false' on input line 23.
Package hyperref Info: Option `unicode' set `true' on input line 23.

(/usr/local/texlive/2016/texmf-dist/tex/latex/hyperref/puenc.def
File: puenc.def 2016/05/05 v6.83n Hyperref: PDF Unicode definition (HO)
)
Package hyperref Info: Option `pdffitwindow' set `true' on input line 23.

(/usr/local/texlive/2016/texmf-dist/tex/latex/algorithms/algorithm.sty
Package: algorithm 2009/08/24 v0.1 Document Style `algorithm' - floating enviro
nment

(/usr/local/texlive/2016/texmf-dist/tex/latex/float/float.sty
Package: float 2001/11/08 v1.3d Float enhancements (AL)
\c@float@type=\count150
\float@exts=\toks48
\float@box=\box45
\@float@everytoks=\toks49
\@floatcapt=\box46
)
\@float@every@algorithm=\toks50
\c@algorithm=\count151
)
(/usr/local/texlive/2016/texmf-dist/tex/latex/algorithmicx/algpseudocode.sty
Package: algpseudocode 

(/usr/local/texlive/2016/texmf-dist/tex/latex/algorithmicx/algorithmicx.sty
Package: algorithmicx 2005/04/27 v1.2 Algorithmicx

Document Style algorithmicx 1.2 - a greatly improved `algorithmic' style
\c@ALG@line=\count152
\c@ALG@rem=\count153
\c@ALG@nested=\count154
\ALG@tlm=\skip64
\ALG@thistlm=\skip65
\c@ALG@Lnr=\count155
\c@ALG@blocknr=\count156
\c@ALG@storecount=\count157
\c@ALG@tmpcounter=\count158
\ALG@tmplength=\skip66
)
Document Style - pseudocode environments for use with the `algorithmicx' style
)
\c@theorem=\count159
\c@question=\count160
) (/usr/local/texlive/2016/texmf-dist/tex/latex/placeins/placeins.sty
Package: placeins 2005/04/18  v 2.2
)
(./main.aux

LaTeX Warning: Label `eq: multivariate gaussian distribution' multiply defined.



LaTeX Warning: Label `fig:sub3' multiply defined.


LaTeX Warning: Label `sub@fig:sub3' multiply defined.


LaTeX Warning: Label `fig:sub4' multiply defined.


LaTeX Warning: Label `sub@fig:sub4' multiply defined.


LaTeX Warning: Label `fig:sub3' multiply defined.


LaTeX Warning: Label `sub@fig:sub3' multiply defined.


LaTeX Warning: Label `fig:sub4' multiply defined.


LaTeX Warning: Label `sub@fig:sub4' multiply defined.


LaTeX Warning: Label `fig:sub3' multiply defined.


LaTeX Warning: Label `sub@fig:sub3' multiply defined.


LaTeX Warning: Label `fig:sub4' multiply defined.


LaTeX Warning: Label `sub@fig:sub4' multiply defined.


LaTeX Warning: Label `fig:sub3' multiply defined.


LaTeX Warning: Label `sub@fig:sub3' multiply defined.


LaTeX Warning: Label `fig:sub4' multiply defined.


LaTeX Warning: Label `sub@fig:sub4' multiply defined.


LaTeX Warning: Label `fig:sub3' multiply defined.


LaTeX Warning: Label `sub@fig:sub3' multiply defined.


LaTeX Warning: Label `fig:sub4' multiply defined.


LaTeX Warning: Label `sub@fig:sub4' multiply defined.


LaTeX Warning: Label `fig:sub3' multiply defined.


LaTeX Warning: Label `sub@fig:sub3' multiply defined.


LaTeX Warning: Label `fig:sub4' multiply defined.


LaTeX Warning: Label `sub@fig:sub4' multiply defined.


LaTeX Warning: Label `fig:sub3' multiply defined.


LaTeX Warning: Label `sub@fig:sub3' multiply defined.


LaTeX Warning: Label `fig:sub4' multiply defined.


LaTeX Warning: Label `sub@fig:sub4' multiply defined.

)
\openout1 = `main.aux'.

LaTeX Font Info:    Checking defaults for OML/cmm/m/it on input line 73.
LaTeX Font Info:    ... okay on input line 73.
LaTeX Font Info:    Checking defaults for T1/cmr/m/n on input line 73.
LaTeX Font Info:    ... okay on input line 73.
LaTeX Font Info:    Checking defaults for OT1/cmr/m/n on input line 73.
LaTeX Font Info:    ... okay on input line 73.
LaTeX Font Info:    Checking defaults for OMS/cmsy/m/n on input line 73.
LaTeX Font Info:    ... okay on input line 73.
LaTeX Font Info:    Checking defaults for OMX/cmex/m/n on input line 73.
LaTeX Font Info:    ... okay on input line 73.
LaTeX Font Info:    Checking defaults for U/cmr/m/n on input line 73.
LaTeX Font Info:    ... okay on input line 73.
LaTeX Font Info:    Checking defaults for PD1/pdf/m/n on input line 73.
LaTeX Font Info:    ... okay on input line 73.
LaTeX Font Info:    Checking defaults for PU/pdf/m/n on input line 73.
LaTeX Font Info:    ... okay on input line 73.
 (/usr/local/texlive/2016/texmf-dist/tex/context/base/mkii/supp-pdf.mkii
[Loading MPS to PDF converter (version 2006.09.02).]
\scratchcounter=\count161
\scratchdimen=\dimen275
\scratchbox=\box47
\nofMPsegments=\count162
\nofMParguments=\count163
\everyMPshowfont=\toks51
\MPscratchCnt=\count164
\MPscratchDim=\dimen276
\MPnumerator=\count165
\makeMPintoPDFobject=\count166
\everyMPtoPDFconversion=\toks52
) (/usr/local/texlive/2016/texmf-dist/tex/latex/oberdiek/epstopdf-base.sty
Package: epstopdf-base 2016/05/15 v2.6 Base part for package epstopdf

(/usr/local/texlive/2016/texmf-dist/tex/latex/oberdiek/grfext.sty
Package: grfext 2016/05/16 v1.2 Manage graphics extensions (HO)
)
Package grfext Info: Graphics extension search list:
(grfext)             [.png,.pdf,.jpg,.mps,.jpeg,.jbig2,.jb2,.PNG,.PDF,.JPG,.JPE
G,.JBIG2,.JB2,.eps]
(grfext)             \AppendGraphicsExtensions on input line 456.

(/usr/local/texlive/2016/texmf-dist/tex/latex/latexconfig/epstopdf-sys.cfg
File: epstopdf-sys.cfg 2010/07/13 v1.3 Configuration of (r)epstopdf for TeX Liv
e
))
LaTeX Font Info:    Try loading font information for U+msa on input line 73.

(/usr/local/texlive/2016/texmf-dist/tex/latex/amsfonts/umsa.fd
File: umsa.fd 2013/01/14 v3.01 AMS symbols A
)
LaTeX Font Info:    Try loading font information for U+msb on input line 73.

(/usr/local/texlive/2016/texmf-dist/tex/latex/amsfonts/umsb.fd
File: umsb.fd 2013/01/14 v3.01 AMS symbols B
)
Package xypdf Info: Line width: 0.43799pt on input line 73.

ABD: EveryShipout initializing macros
Package caption Info: Begin \AtBeginDocument code.
Package caption Info: float package is loaded.
Package caption Info: hyperref package is loaded.
Package caption Info: sidecap package is loaded.
Package caption Info: End \AtBeginDocument code.

(/usr/local/texlive/2016/texmf-dist/tex/latex/ms/ragged2e.sty
Package: ragged2e 2009/05/21 v2.1 ragged2e Package (MS)

(/usr/local/texlive/2016/texmf-dist/tex/latex/ms/everysel.sty
Package: everysel 2011/10/28 v1.2 EverySelectfont Package (MS)

ABD: EverySelectfont initializing macros
LaTeX Info: Redefining \selectfont on input line 126.
)
\CenteringLeftskip=\skip67
\RaggedLeftLeftskip=\skip68
\RaggedRightLeftskip=\skip69
\CenteringRightskip=\skip70
\RaggedLeftRightskip=\skip71
\RaggedRightRightskip=\skip72
\CenteringParfillskip=\skip73
\RaggedLeftParfillskip=\skip74
\RaggedRightParfillskip=\skip75
\JustifyingParfillskip=\skip76
\CenteringParindent=\skip77
\RaggedLeftParindent=\skip78
\RaggedRightParindent=\skip79
\JustifyingParindent=\skip80
)
\AtBeginShipoutBox=\box48
Package hyperref Info: Link coloring OFF on input line 73.

(/usr/local/texlive/2016/texmf-dist/tex/latex/hyperref/nameref.sty
Package: nameref 2012/10/27 v2.43 Cross-referencing by name of section

(/usr/local/texlive/2016/texmf-dist/tex/generic/oberdiek/gettitlestring.sty
Package: gettitlestring 2016/05/16 v1.5 Cleanup title references (HO)
)
\c@section@level=\count167
)
LaTeX Info: Redefining \ref on input line 73.
LaTeX Info: Redefining \pageref on input line 73.
LaTeX Info: Redefining \nameref on input line 73.

(./main.out) (./main.out)
\@outlinefile=\write5
\openout5 = `main.out'.



LaTeX Warning: No \author given.

LaTeX Font Info:    Try loading font information for OMS+cmr on input line 80.
(/usr/local/texlive/2016/texmf-dist/tex/latex/base/omscmr.fd
File: omscmr.fd 2014/09/29 v2.5h Standard LaTeX font definitions
)
LaTeX Font Info:    Font shape `OMS/cmr/m/n' in size <10.95> not available
(Font)              Font shape `OMS/cmsy/m/n' tried instead on input line 80.
 [1

{/usr/local/texlive/2016/texmf-var/fonts/map/pdftex/updmap/pdftex.map}] [2] [3]
 [4] [5]
Overfull \hbox (68.29488pt too wide) in paragraph at lines 312--312
[] 
 []

[6] [7]

LaTeX Warning: Citation `imai2004minimizing' on page 8 undefined on input line 
418.

[8] [9] [10] [11] [12] [13] [14] [15]
Overfull \hbox (4.33667pt too wide) in paragraph at lines 831--831
[]\OT1/cmr/bx/n/12 The bas-ket call op-tion un-der the dis-cretized multi-dimen
sional Black-Scholes 
 []

[16] [17]
Overfull \hbox (32.5408pt too wide) in paragraph at lines 958--958
[] 
 []

[18] [19] [20]
Package epstopdf Info: Source file: <./figures/binary_weak_error/without_richar
dson/weak_convergence_order_binary_option_relative_M_10_4.eps>
(epstopdf)                    date: 2018-08-30 10:58:51
(epstopdf)                    size: 29476 bytes
(epstopdf)             Output file: <./figures/binary_weak_error/without_richar
dson/weak_convergence_order_binary_option_relative_M_10_4-eps-converted-to.pdf>

(epstopdf)                    date: 2018-08-30 11:11:21
(epstopdf)                    size: 17833 bytes
(epstopdf)             Command: <repstopdf --outfile=./figures/binary_weak_erro
r/without_richardson/weak_convergence_order_binary_option_relative_M_10_4-eps-c
onverted-to.pdf ./figures/binary_weak_error/without_richardson/weak_convergence
_order_binary_option_relative_M_10_4.eps>
(epstopdf)             \includegraphics on input line 1039.
Package epstopdf Info: Output file is already uptodate.

<./figures/binary_weak_error/without_richardson/weak_convergence_order_binary_o
ption_relative_M_10_4-eps-converted-to.pdf, id=485, 462.72874pt x 346.29375pt>
File: ./figures/binary_weak_error/without_richardson/weak_convergence_order_bin
ary_option_relative_M_10_4-eps-converted-to.pdf Graphic file (type pdf)

<use ./figures/binary_weak_error/without_richardson/weak_convergence_order_bina
ry_option_relative_M_10_4-eps-converted-to.pdf>
Package pdftex.def Info: ./figures/binary_weak_error/without_richardson/weak_co
nvergence_order_binary_option_relative_M_10_4-eps-converted-to.pdf used on inpu
t line 1039.
(pdftex.def)             Requested size: 164.4171pt x 123.04346pt.
Package epstopdf Info: Source file: <./figures/binary_weak_error/without_richar
dson/weak_convergence_order_differences_binary_option_relative_M_10_4.eps>
(epstopdf)                    date: 2018-08-30 10:58:52
(epstopdf)                    size: 26824 bytes
(epstopdf)             Output file: <./figures/binary_weak_error/without_richar
dson/weak_convergence_order_differences_binary_option_relative_M_10_4-eps-conve
rted-to.pdf>
(epstopdf)                    date: 2018-08-30 11:11:21
(epstopdf)                    size: 16356 bytes
(epstopdf)             Command: <repstopdf --outfile=./figures/binary_weak_erro
r/without_richardson/weak_convergence_order_differences_binary_option_relative_
M_10_4-eps-converted-to.pdf ./figures/binary_weak_error/without_richardson/weak
_convergence_order_differences_binary_option_relative_M_10_4.eps>
(epstopdf)             \includegraphics on input line 1045.
Package epstopdf Info: Output file is already uptodate.

<./figures/binary_weak_error/without_richardson/weak_convergence_order_differen
ces_binary_option_relative_M_10_4-eps-converted-to.pdf, id=486, 462.72874pt x 3
46.29375pt>
File: ./figures/binary_weak_error/without_richardson/weak_convergence_order_dif
ferences_binary_option_relative_M_10_4-eps-converted-to.pdf Graphic file (type 
pdf)

<use ./figures/binary_weak_error/without_richardson/weak_convergence_order_diff
erences_binary_option_relative_M_10_4-eps-converted-to.pdf>
Package pdftex.def Info: ./figures/binary_weak_error/without_richardson/weak_co
nvergence_order_differences_binary_option_relative_M_10_4-eps-converted-to.pdf 
used on input line 1045.
(pdftex.def)             Requested size: 164.4171pt x 123.04346pt.
Package epstopdf Info: Source file: <./figures/binary_weak_error/with_richardso
n/weak_convergence_order_binary_richardson_relative_M_5_10_6.eps>
(epstopdf)                    date: 2018-07-22 14:17:08
(epstopdf)                    size: 36714 bytes
(epstopdf)             Output file: <./figures/binary_weak_error/with_richardso
n/weak_convergence_order_binary_richardson_relative_M_5_10_6-eps-converted-to.p
df>
(epstopdf)                    date: 2018-07-23 10:50:51
(epstopdf)                    size: 19080 bytes
(epstopdf)             Command: <repstopdf --outfile=./figures/binary_weak_erro
r/with_richardson/weak_convergence_order_binary_richardson_relative_M_5_10_6-ep
s-converted-to.pdf ./figures/binary_weak_error/with_richardson/weak_convergence
_order_binary_richardson_relative_M_5_10_6.eps>
(epstopdf)             \includegraphics on input line 1057.
Package epstopdf Info: Output file is already uptodate.

<./figures/binary_weak_error/with_richardson/weak_convergence_order_binary_rich
ardson_relative_M_5_10_6-eps-converted-to.pdf, id=487, 462.72874pt x 346.29375p
t>
File: ./figures/binary_weak_error/with_richardson/weak_convergence_order_binary
_richardson_relative_M_5_10_6-eps-converted-to.pdf Graphic file (type pdf)

<use ./figures/binary_weak_error/with_richardson/weak_convergence_order_binary_
richardson_relative_M_5_10_6-eps-converted-to.pdf>
Package pdftex.def Info: ./figures/binary_weak_error/with_richardson/weak_conve
rgence_order_binary_richardson_relative_M_5_10_6-eps-converted-to.pdf used on i
nput line 1057.
(pdftex.def)             Requested size: 164.4171pt x 123.04346pt.
Package epstopdf Info: Source file: <./figures/binary_weak_error/with_richardso
n/weak_convergence_order_differences_binary_richardson_relative_M_5_10_6.eps>
(epstopdf)                    date: 2018-07-22 14:17:09
(epstopdf)                    size: 34130 bytes
(epstopdf)             Output file: <./figures/binary_weak_error/with_richardso
n/weak_convergence_order_differences_binary_richardson_relative_M_5_10_6-eps-co
nverted-to.pdf>
(epstopdf)                    date: 2018-07-23 10:50:52
(epstopdf)                    size: 18168 bytes
(epstopdf)             Command: <repstopdf --outfile=./figures/binary_weak_erro
r/with_richardson/weak_convergence_order_differences_binary_richardson_relative
_M_5_10_6-eps-converted-to.pdf ./figures/binary_weak_error/with_richardson/weak
_convergence_order_differences_binary_richardson_relative_M_5_10_6.eps>
(epstopdf)             \includegraphics on input line 1063.
Package epstopdf Info: Output file is already uptodate.

<./figures/binary_weak_error/with_richardson/weak_convergence_order_differences
_binary_richardson_relative_M_5_10_6-eps-converted-to.pdf, id=488, 462.72874pt 
x 346.29375pt>
File: ./figures/binary_weak_error/with_richardson/weak_convergence_order_differ
ences_binary_richardson_relative_M_5_10_6-eps-converted-to.pdf Graphic file (ty
pe pdf)

<use ./figures/binary_weak_error/with_richardson/weak_convergence_order_differe
nces_binary_richardson_relative_M_5_10_6-eps-converted-to.pdf>
Package pdftex.def Info: ./figures/binary_weak_error/with_richardson/weak_conve
rgence_order_differences_binary_richardson_relative_M_5_10_6-eps-converted-to.p
df used on input line 1063.
(pdftex.def)             Requested size: 164.4171pt x 123.04346pt.


LaTeX Warning: `!h' float specifier changed to `!ht'.

[21 <./figures/binary_weak_error/without_richardson/weak_convergence_order_bina
ry_option_relative_M_10_4-eps-converted-to.pdf> <./figures/binary_weak_error/wi
thout_richardson/weak_convergence_order_differences_binary_option_relative_M_10
_4-eps-converted-to.pdf>]

LaTeX Warning: `!h' float specifier changed to `!ht'.

[22 <./figures/binary_weak_error/with_richardson/weak_convergence_order_binary_
richardson_relative_M_5_10_6-eps-converted-to.pdf> <./figures/binary_weak_error
/with_richardson/weak_convergence_order_differences_binary_richardson_relative_
M_5_10_6-eps-converted-to.pdf>]
Package epstopdf Info: Source file: <./figures/Binary_MISC_quadrature_error/rel
ative_quad_error_wrt_MISC_TOL_non_rich.eps>
(epstopdf)                    date: 2018-09-13 13:47:13
(epstopdf)                    size: 37862 bytes
(epstopdf)             Output file: <./figures/Binary_MISC_quadrature_error/rel
ative_quad_error_wrt_MISC_TOL_non_rich-eps-converted-to.pdf>
(epstopdf)                    date: 2018-09-13 13:55:00
(epstopdf)                    size: 19707 bytes
(epstopdf)             Command: <repstopdf --outfile=./figures/Binary_MISC_quad
rature_error/relative_quad_error_wrt_MISC_TOL_non_rich-eps-converted-to.pdf ./f
igures/Binary_MISC_quadrature_error/relative_quad_error_wrt_MISC_TOL_non_rich.e
ps>
(epstopdf)             \includegraphics on input line 1169.
Package epstopdf Info: Output file is already uptodate.

<./figures/Binary_MISC_quadrature_error/relative_quad_error_wrt_MISC_TOL_non_ri
ch-eps-converted-to.pdf, id=658, 462.72874pt x 346.29375pt>
File: ./figures/Binary_MISC_quadrature_error/relative_quad_error_wrt_MISC_TOL_n
on_rich-eps-converted-to.pdf Graphic file (type pdf)

<use ./figures/Binary_MISC_quadrature_error/relative_quad_error_wrt_MISC_TOL_no
n_rich-eps-converted-to.pdf>
Package pdftex.def Info: ./figures/Binary_MISC_quadrature_error/relative_quad_e
rror_wrt_MISC_TOL_non_rich-eps-converted-to.pdf used on input line 1169.
(pdftex.def)             Requested size: 187.89912pt x 140.61807pt.


LaTeX Warning: `!h' float specifier changed to `!ht'.

[23 <./figures/Binary_MISC_quadrature_error/relative_quad_error_wrt_MISC_TOL_no
n_rich-eps-converted-to.pdf>]
Package epstopdf Info: Source file: <./figures/Binary_Complexity_rates/error_vs
_time.eps>
(epstopdf)                    date: 2018-09-14 16:13:41
(epstopdf)                    size: 38053 bytes
(epstopdf)             Output file: <./figures/Binary_Complexity_rates/error_vs
_time-eps-converted-to.pdf>
(epstopdf)                    date: 2018-09-14 16:22:07
(epstopdf)                    size: 19765 bytes
(epstopdf)             Command: <repstopdf --outfile=./figures/Binary_Complexit
y_rates/error_vs_time-eps-converted-to.pdf ./figures/Binary_Complexity_rates/er
ror_vs_time.eps>
(epstopdf)             \includegraphics on input line 1233.
Package epstopdf Info: Output file is already uptodate.

<./figures/Binary_Complexity_rates/error_vs_time-eps-converted-to.pdf, id=702, 
462.72874pt x 346.29375pt>
File: ./figures/Binary_Complexity_rates/error_vs_time-eps-converted-to.pdf Grap
hic file (type pdf)

<use ./figures/Binary_Complexity_rates/error_vs_time-eps-converted-to.pdf>
Package pdftex.def Info: ./figures/Binary_Complexity_rates/error_vs_time-eps-co
nverted-to.pdf used on input line 1233.
(pdftex.def)             Requested size: 187.89912pt x 140.61807pt.


LaTeX Warning: `!h' float specifier changed to `!ht'.

[24]

LaTeX Warning: `!h' float specifier changed to `!ht'.

[25 <./figures/Binary_Complexity_rates/error_vs_time-eps-converted-to.pdf>]
Package epstopdf Info: Source file: <./figures/Binary_MISC_quadrature_error/rel
ative_quad_error_wrt_MISC_TOL_with_rich.eps>
(epstopdf)                    date: 2018-09-12 11:06:32
(epstopdf)                    size: 34529 bytes
(epstopdf)             Output file: <./figures/Binary_MISC_quadrature_error/rel
ative_quad_error_wrt_MISC_TOL_with_rich-eps-converted-to.pdf>
(epstopdf)                    date: 2018-09-12 11:15:07
(epstopdf)                    size: 18989 bytes
(epstopdf)             Command: <repstopdf --outfile=./figures/Binary_MISC_quad
rature_error/relative_quad_error_wrt_MISC_TOL_with_rich-eps-converted-to.pdf ./
figures/Binary_MISC_quadrature_error/relative_quad_error_wrt_MISC_TOL_with_rich
.eps>
(epstopdf)             \includegraphics on input line 1311.
Package epstopdf Info: Output file is already uptodate.

<./figures/Binary_MISC_quadrature_error/relative_quad_error_wrt_MISC_TOL_with_r
ich-eps-converted-to.pdf, id=765, 462.72874pt x 346.29375pt>
File: ./figures/Binary_MISC_quadrature_error/relative_quad_error_wrt_MISC_TOL_w
ith_rich-eps-converted-to.pdf Graphic file (type pdf)

<use ./figures/Binary_MISC_quadrature_error/relative_quad_error_wrt_MISC_TOL_wi
th_rich-eps-converted-to.pdf>
Package pdftex.def Info: ./figures/Binary_MISC_quadrature_error/relative_quad_e
rror_wrt_MISC_TOL_with_rich-eps-converted-to.pdf used on input line 1311.
(pdftex.def)             Requested size: 187.89912pt x 140.61807pt.


LaTeX Warning: `!h' float specifier changed to `!ht'.

[26 <./figures/Binary_MISC_quadrature_error/relative_quad_error_wrt_MISC_TOL_wi
th_rich-eps-converted-to.pdf>]
Package epstopdf Info: Source file: <./figures/Binary_Complexity_rates/error_vs
_time_rich.eps>
(epstopdf)                    date: 2018-09-14 17:51:11
(epstopdf)                    size: 38574 bytes
(epstopdf)             Output file: <./figures/Binary_Complexity_rates/error_vs
_time_rich-eps-converted-to.pdf>
(epstopdf)                    date: 2018-09-14 17:59:17
(epstopdf)                    size: 22352 bytes
(epstopdf)             Command: <repstopdf --outfile=./figures/Binary_Complexit
y_rates/error_vs_time_rich-eps-converted-to.pdf ./figures/Binary_Complexity_rat
es/error_vs_time_rich.eps>
(epstopdf)             \includegraphics on input line 1373.
Package epstopdf Info: Output file is already uptodate.

<./figures/Binary_Complexity_rates/error_vs_time_rich-eps-converted-to.pdf, id=
808, 462.72874pt x 346.29375pt>
File: ./figures/Binary_Complexity_rates/error_vs_time_rich-eps-converted-to.pdf
 Graphic file (type pdf)

<use ./figures/Binary_Complexity_rates/error_vs_time_rich-eps-converted-to.pdf>
Package pdftex.def Info: ./figures/Binary_Complexity_rates/error_vs_time_rich-e
ps-converted-to.pdf used on input line 1373.
(pdftex.def)             Requested size: 187.89912pt x 140.61807pt.

LaTeX Warning: `!h' float specifier changed to `!ht'.

[27]
Package epstopdf Info: Source file: <./figures/Binary_Complexity_rates/error_vs
_time_comparison.eps>
(epstopdf)                    date: 2018-09-14 17:54:07
(epstopdf)                    size: 36975 bytes
(epstopdf)             Output file: <./figures/Binary_Complexity_rates/error_vs
_time_comparison-eps-converted-to.pdf>
(epstopdf)                    date: 2018-09-14 18:01:45
(epstopdf)                    size: 19786 bytes
(epstopdf)             Command: <repstopdf --outfile=./figures/Binary_Complexit
y_rates/error_vs_time_comparison-eps-converted-to.pdf ./figures/Binary_Complexi
ty_rates/error_vs_time_comparison.eps>
(epstopdf)             \includegraphics on input line 1388.
Package epstopdf Info: Output file is already uptodate.

<./figures/Binary_Complexity_rates/error_vs_time_comparison-eps-converted-to.pd
f, id=813, 462.72874pt x 346.29375pt>
File: ./figures/Binary_Complexity_rates/error_vs_time_comparison-eps-converted-
to.pdf Graphic file (type pdf)

<use ./figures/Binary_Complexity_rates/error_vs_time_comparison-eps-converted-t
o.pdf>
Package pdftex.def Info: ./figures/Binary_Complexity_rates/error_vs_time_compar
ison-eps-converted-to.pdf used on input line 1388.
(pdftex.def)             Requested size: 187.89912pt x 140.61807pt.
 [28 <./figures/Binary_Complexity_rates/error_vs_time_rich-eps-converted-to.pdf
> <./figures/Binary_Complexity_rates/error_vs_time_comparison-eps-converted-to.
pdf>]
Package epstopdf Info: Source file: <./figures/weak_error_rates_call/Beta_10/wi
thout_richardson/weak_convergence_order_call_option_relative_M_10_5.eps>
(epstopdf)                    date: 2018-05-06 15:40:39
(epstopdf)                    size: 29839 bytes
(epstopdf)             Output file: <./figures/weak_error_rates_call/Beta_10/wi
thout_richardson/weak_convergence_order_call_option_relative_M_10_5-eps-convert
ed-to.pdf>
(epstopdf)                    date: 2018-05-07 01:02:11
(epstopdf)                    size: 17668 bytes
(epstopdf)             Command: <repstopdf --outfile=./figures/weak_error_rates
_call/Beta_10/without_richardson/weak_convergence_order_call_option_relative_M_
10_5-eps-converted-to.pdf ./figures/weak_error_rates_call/Beta_10/without_richa
rdson/weak_convergence_order_call_option_relative_M_10_5.eps>
(epstopdf)             \includegraphics on input line 1474.
Package epstopdf Info: Output file is already uptodate.

<./figures/weak_error_rates_call/Beta_10/without_richardson/weak_convergence_or
der_call_option_relative_M_10_5-eps-converted-to.pdf, id=907, 462.72874pt x 346
.29375pt>
File: ./figures/weak_error_rates_call/Beta_10/without_richardson/weak_convergen
ce_order_call_option_relative_M_10_5-eps-converted-to.pdf Graphic file (type pd
f)

<use ./figures/weak_error_rates_call/Beta_10/without_richardson/weak_convergenc
e_order_call_option_relative_M_10_5-eps-converted-to.pdf>
Package pdftex.def Info: ./figures/weak_error_rates_call/Beta_10/without_richar
dson/weak_convergence_order_call_option_relative_M_10_5-eps-converted-to.pdf us
ed on input line 1474.
(pdftex.def)             Requested size: 164.4171pt x 123.04346pt.
Package epstopdf Info: Source file: <./figures/weak_error_rates_call/Beta_10/wi
thout_richardson/weak_convergence_order_differences_call_option_relative_M_10_5
.eps>
(epstopdf)                    date: 2018-05-06 15:40:39
(epstopdf)                    size: 29033 bytes
(epstopdf)             Output file: <./figures/weak_error_rates_call/Beta_10/wi
thout_richardson/weak_convergence_order_differences_call_option_relative_M_10_5
-eps-converted-to.pdf>
(epstopdf)                    date: 2018-05-07 01:02:11
(epstopdf)                    size: 16858 bytes
(epstopdf)             Command: <repstopdf --outfile=./figures/weak_error_rates
_call/Beta_10/without_richardson/weak_convergence_order_differences_call_option
_relative_M_10_5-eps-converted-to.pdf ./figures/weak_error_rates_call/Beta_10/w
ithout_richardson/weak_convergence_order_differences_call_option_relative_M_10_
5.eps>
(epstopdf)             \includegraphics on input line 1480.
Package epstopdf Info: Output file is already uptodate.

<./figures/weak_error_rates_call/Beta_10/without_richardson/weak_convergence_or
der_differences_call_option_relative_M_10_5-eps-converted-to.pdf, id=908, 462.7
2874pt x 346.29375pt>
File: ./figures/weak_error_rates_call/Beta_10/without_richardson/weak_convergen
ce_order_differences_call_option_relative_M_10_5-eps-converted-to.pdf Graphic f
ile (type pdf)

<use ./figures/weak_error_rates_call/Beta_10/without_richardson/weak_convergenc
e_order_differences_call_option_relative_M_10_5-eps-converted-to.pdf>
Package pdftex.def Info: ./figures/weak_error_rates_call/Beta_10/without_richar
dson/weak_convergence_order_differences_call_option_relative_M_10_5-eps-convert
ed-to.pdf used on input line 1480.
(pdftex.def)             Requested size: 164.4171pt x 123.04346pt.
Package epstopdf Info: Source file: <./figures/weak_error_rates_call/Beta_10/wi
th_richardson/weak_convergence_order_call_richardson_relative_M_10_6.eps>
(epstopdf)                    date: 2018-05-08 17:17:21
(epstopdf)                    size: 33131 bytes
(epstopdf)             Output file: <./figures/weak_error_rates_call/Beta_10/wi
th_richardson/weak_convergence_order_call_richardson_relative_M_10_6-eps-conver
ted-to.pdf>
(epstopdf)                    date: 2018-05-11 12:20:51
(epstopdf)                    size: 18615 bytes
(epstopdf)             Command: <repstopdf --outfile=./figures/weak_error_rates
_call/Beta_10/with_richardson/weak_convergence_order_call_richardson_relative_M
_10_6-eps-converted-to.pdf ./figures/weak_error_rates_call/Beta_10/with_richard
son/weak_convergence_order_call_richardson_relative_M_10_6.eps>
(epstopdf)             \includegraphics on input line 1492.
Package epstopdf Info: Output file is already uptodate.

<./figures/weak_error_rates_call/Beta_10/with_richardson/weak_convergence_order
_call_richardson_relative_M_10_6-eps-converted-to.pdf, id=909, 462.72874pt x 34
6.29375pt>
File: ./figures/weak_error_rates_call/Beta_10/with_richardson/weak_convergence_
order_call_richardson_relative_M_10_6-eps-converted-to.pdf Graphic file (type p
df)

<use ./figures/weak_error_rates_call/Beta_10/with_richardson/weak_convergence_o
rder_call_richardson_relative_M_10_6-eps-converted-to.pdf>
Package pdftex.def Info: ./figures/weak_error_rates_call/Beta_10/with_richardso
n/weak_convergence_order_call_richardson_relative_M_10_6-eps-converted-to.pdf u
sed on input line 1492.
(pdftex.def)             Requested size: 164.4171pt x 123.04346pt.
Package epstopdf Info: Source file: <./figures/weak_error_rates_call/Beta_10/wi
th_richardson/weak_convergence_order_differences_call_richardson_relative_M_10_
6.eps>
(epstopdf)                    date: 2018-05-08 17:17:22
(epstopdf)                    size: 31210 bytes
(epstopdf)             Output file: <./figures/weak_error_rates_call/Beta_10/wi
th_richardson/weak_convergence_order_differences_call_richardson_relative_M_10_
6-eps-converted-to.pdf>
(epstopdf)                    date: 2018-05-11 12:20:51
(epstopdf)                    size: 18421 bytes
(epstopdf)             Command: <repstopdf --outfile=./figures/weak_error_rates
_call/Beta_10/with_richardson/weak_convergence_order_differences_call_richardso
n_relative_M_10_6-eps-converted-to.pdf ./figures/weak_error_rates_call/Beta_10/
with_richardson/weak_convergence_order_differences_call_richardson_relative_M_1
0_6.eps>
(epstopdf)             \includegraphics on input line 1498.
Package epstopdf Info: Output file is already uptodate.

<./figures/weak_error_rates_call/Beta_10/with_richardson/weak_convergence_order
_differences_call_richardson_relative_M_10_6-eps-converted-to.pdf, id=910, 462.
72874pt x 346.29375pt>
File: ./figures/weak_error_rates_call/Beta_10/with_richardson/weak_convergence_
order_differences_call_richardson_relative_M_10_6-eps-converted-to.pdf Graphic 
file (type pdf)

<use ./figures/weak_error_rates_call/Beta_10/with_richardson/weak_convergence_o
rder_differences_call_richardson_relative_M_10_6-eps-converted-to.pdf>
Package pdftex.def Info: ./figures/weak_error_rates_call/Beta_10/with_richardso
n/weak_convergence_order_differences_call_richardson_relative_M_10_6-eps-conver
ted-to.pdf used on input line 1498.
(pdftex.def)             Requested size: 164.4171pt x 123.04346pt.

Underfull \hbox (badness 2726) in paragraph at lines 1503--1503
\OT1/cmr/m/n/10.95 son ex-traploa-t-ion, us-ing MC with $\OML/cmm/m/it/10.95 M 
\OT1/cmr/m/n/10.95 = 10[]$: a) $[]$ b)
 []


LaTeX Warning: `!h' float specifier changed to `!ht'.

[29 <./figures/weak_error_rates_call/Beta_10/without_richardson/weak_convergenc
e_order_call_option_relative_M_10_5-eps-converted-to.pdf> <./figures/weak_error
_rates_call/Beta_10/without_richardson/weak_convergence_order_differences_call_
option_relative_M_10_5-eps-converted-to.pdf>]
Package epstopdf Info: Source file: <./figures/weak_error_rates_call/Beta_32/wi
thout_rich/weak_convergence_order_call_option_relative_M_10_5.eps>
(epstopdf)                    date: 2018-05-15 14:45:29
(epstopdf)                    size: 45532 bytes
(epstopdf)             Output file: <./figures/weak_error_rates_call/Beta_32/wi
thout_rich/weak_convergence_order_call_option_relative_M_10_5-eps-converted-to.
pdf>
(epstopdf)                    date: 2018-07-23 10:57:57
(epstopdf)                    size: 21590 bytes
(epstopdf)             Command: <repstopdf --outfile=./figures/weak_error_rates
_call/Beta_32/without_rich/weak_convergence_order_call_option_relative_M_10_5-e
ps-converted-to.pdf ./figures/weak_error_rates_call/Beta_32/without_rich/weak_c
onvergence_order_call_option_relative_M_10_5.eps>
(epstopdf)             \includegraphics on input line 1536.
Package epstopdf Info: Output file is already uptodate.

<./figures/weak_error_rates_call/Beta_32/without_rich/weak_convergence_order_ca
ll_option_relative_M_10_5-eps-converted-to.pdf, id=991, 578.16pt x 433.62pt>
File: ./figures/weak_error_rates_call/Beta_32/without_rich/weak_convergence_ord
er_call_option_relative_M_10_5-eps-converted-to.pdf Graphic file (type pdf)

<use ./figures/weak_error_rates_call/Beta_32/without_rich/weak_convergence_orde
r_call_option_relative_M_10_5-eps-converted-to.pdf>
Package pdftex.def Info: ./figures/weak_error_rates_call/Beta_32/without_rich/w
eak_convergence_order_call_option_relative_M_10_5-eps-converted-to.pdf used on 
input line 1536.
(pdftex.def)             Requested size: 164.4171pt x 123.3117pt.
Package epstopdf Info: Source file: <./figures/weak_error_rates_call/Beta_32/wi
thout_rich/weak_convergence_order_differences_call_option_relative_M_10_5.eps>
(epstopdf)                    date: 2018-05-15 14:45:29
(epstopdf)                    size: 51083 bytes
(epstopdf)             Output file: <./figures/weak_error_rates_call/Beta_32/wi
thout_rich/weak_convergence_order_differences_call_option_relative_M_10_5-eps-c
onverted-to.pdf>
(epstopdf)                    date: 2018-07-23 10:57:58
(epstopdf)                    size: 23361 bytes
(epstopdf)             Command: <repstopdf --outfile=./figures/weak_error_rates
_call/Beta_32/without_rich/weak_convergence_order_differences_call_option_relat
ive_M_10_5-eps-converted-to.pdf ./figures/weak_error_rates_call/Beta_32/without
_rich/weak_convergence_order_differences_call_option_relative_M_10_5.eps>
(epstopdf)             \includegraphics on input line 1542.
Package epstopdf Info: Output file is already uptodate.

<./figures/weak_error_rates_call/Beta_32/without_rich/weak_convergence_order_di
fferences_call_option_relative_M_10_5-eps-converted-to.pdf, id=992, 578.16pt x 
433.62pt>
File: ./figures/weak_error_rates_call/Beta_32/without_rich/weak_convergence_ord
er_differences_call_option_relative_M_10_5-eps-converted-to.pdf Graphic file (t
ype pdf)

<use ./figures/weak_error_rates_call/Beta_32/without_rich/weak_convergence_orde
r_differences_call_option_relative_M_10_5-eps-converted-to.pdf>
Package pdftex.def Info: ./figures/weak_error_rates_call/Beta_32/without_rich/w
eak_convergence_order_differences_call_option_relative_M_10_5-eps-converted-to.
pdf used on input line 1542.
(pdftex.def)             Requested size: 164.4171pt x 123.3117pt.
Package epstopdf Info: Source file: <./figures/weak_error_rates_call/Beta_32/wi
th_rich/weak_convergence_order_call_richardson_relative.eps>
(epstopdf)                    date: 2018-05-14 19:25:26
(epstopdf)                    size: 34308 bytes
(epstopdf)             Output file: <./figures/weak_error_rates_call/Beta_32/wi
th_rich/weak_convergence_order_call_richardson_relative-eps-converted-to.pdf>
(epstopdf)                    date: 2018-07-23 10:59:55
(epstopdf)                    size: 17946 bytes
(epstopdf)             Command: <repstopdf --outfile=./figures/weak_error_rates
_call/Beta_32/with_rich/weak_convergence_order_call_richardson_relative-eps-con
verted-to.pdf ./figures/weak_error_rates_call/Beta_32/with_rich/weak_convergenc
e_order_call_richardson_relative.eps>
(epstopdf)             \includegraphics on input line 1555.
Package epstopdf Info: Output file is already uptodate.

<./figures/weak_error_rates_call/Beta_32/with_rich/weak_convergence_order_call_
richardson_relative-eps-converted-to.pdf, id=993, 462.72874pt x 346.29375pt>
File: ./figures/weak_error_rates_call/Beta_32/with_rich/weak_convergence_order_
call_richardson_relative-eps-converted-to.pdf Graphic file (type pdf)

<use ./figures/weak_error_rates_call/Beta_32/with_rich/weak_convergence_order_c
all_richardson_relative-eps-converted-to.pdf>
Package pdftex.def Info: ./figures/weak_error_rates_call/Beta_32/with_rich/weak
_convergence_order_call_richardson_relative-eps-converted-to.pdf used on input 
line 1555.
(pdftex.def)             Requested size: 164.4171pt x 123.04346pt.
Package epstopdf Info: Source file: <./figures/weak_error_rates_call/Beta_32/wi
th_rich/weak_convergence_order_differences_call_richardson_relative.eps>
(epstopdf)                    date: 2018-05-14 19:25:27
(epstopdf)                    size: 31204 bytes
(epstopdf)             Output file: <./figures/weak_error_rates_call/Beta_32/wi
th_rich/weak_convergence_order_differences_call_richardson_relative-eps-convert
ed-to.pdf>
(epstopdf)                    date: 2018-07-23 10:59:55
(epstopdf)                    size: 18424 bytes
(epstopdf)             Command: <repstopdf --outfile=./figures/weak_error_rates
_call/Beta_32/with_rich/weak_convergence_order_differences_call_richardson_rela
tive-eps-converted-to.pdf ./figures/weak_error_rates_call/Beta_32/with_rich/wea
k_convergence_order_differences_call_richardson_relative.eps>
(epstopdf)             \includegraphics on input line 1561.
Package epstopdf Info: Output file is already uptodate.

<./figures/weak_error_rates_call/Beta_32/with_rich/weak_convergence_order_diffe
rences_call_richardson_relative-eps-converted-to.pdf, id=994, 462.72874pt x 346
.29375pt>
File: ./figures/weak_error_rates_call/Beta_32/with_rich/weak_convergence_order_
differences_call_richardson_relative-eps-converted-to.pdf Graphic file (type pd
f)

<use ./figures/weak_error_rates_call/Beta_32/with_rich/weak_convergence_order_d
ifferences_call_richardson_relative-eps-converted-to.pdf>
Package pdftex.def Info: ./figures/weak_error_rates_call/Beta_32/with_rich/weak
_convergence_order_differences_call_richardson_relative-eps-converted-to.pdf us
ed on input line 1561.
(pdftex.def)             Requested size: 164.4171pt x 123.04346pt.


LaTeX Warning: `!h' float specifier changed to `!ht'.

[30 <./figures/weak_error_rates_call/Beta_10/with_richardson/weak_convergence_o
rder_call_richardson_relative_M_10_6-eps-converted-to.pdf> <./figures/weak_erro
r_rates_call/Beta_10/with_richardson/weak_convergence_order_differences_call_ri
chardson_relative_M_10_6-eps-converted-to.pdf> <./figures/weak_error_rates_call
/Beta_32/without_rich/weak_convergence_order_call_option_relative_M_10_5-eps-co
nverted-to.pdf> <./figures/weak_error_rates_call/Beta_32/without_rich/weak_conv
ergence_order_differences_call_option_relative_M_10_5-eps-converted-to.pdf>]

LaTeX Warning: `!h' float specifier changed to `!ht'.


LaTeX Warning: `!h' float specifier changed to `!ht'.

[31 <./figures/weak_error_rates_call/Beta_32/with_rich/weak_convergence_order_c
all_richardson_relative-eps-converted-to.pdf> <./figures/weak_error_rates_call/
Beta_32/with_rich/weak_convergence_order_differences_call_richardson_relative-e
ps-converted-to.pdf>]
Package epstopdf Info: Source file: <./figures/Call_MISC_quadrature_error/relat
ive_quad_error_wrt_MISC_TOL_non_rich.eps>
(epstopdf)                    date: 2018-09-13 15:48:06
(epstopdf)                    size: 31541 bytes
(epstopdf)             Output file: <./figures/Call_MISC_quadrature_error/relat
ive_quad_error_wrt_MISC_TOL_non_rich-eps-converted-to.pdf>
(epstopdf)                    date: 2018-09-13 15:57:33
(epstopdf)                    size: 18494 bytes
(epstopdf)             Command: <repstopdf --outfile=./figures/Call_MISC_quadra
ture_error/relative_quad_error_wrt_MISC_TOL_non_rich-eps-converted-to.pdf ./fig
ures/Call_MISC_quadrature_error/relative_quad_error_wrt_MISC_TOL_non_rich.eps>
(epstopdf)             \includegraphics on input line 1671.
Package epstopdf Info: Output file is already uptodate.

<./figures/Call_MISC_quadrature_error/relative_quad_error_wrt_MISC_TOL_non_rich
-eps-converted-to.pdf, id=1251, 462.72874pt x 346.29375pt>
File: ./figures/Call_MISC_quadrature_error/relative_quad_error_wrt_MISC_TOL_non
_rich-eps-converted-to.pdf Graphic file (type pdf)

<use ./figures/Call_MISC_quadrature_error/relative_quad_error_wrt_MISC_TOL_non_
rich-eps-converted-to.pdf>
Package pdftex.def Info: ./figures/Call_MISC_quadrature_error/relative_quad_err
or_wrt_MISC_TOL_non_rich-eps-converted-to.pdf used on input line 1671.
(pdftex.def)             Requested size: 187.89912pt x 140.61807pt.


LaTeX Warning: `!h' float specifier changed to `!ht'.

[32 <./figures/Call_MISC_quadrature_error/relative_quad_error_wrt_MISC_TOL_non_
rich-eps-converted-to.pdf>]
Package epstopdf Info: Source file: <./figures/Call_Complexity_rates/error_vs_t
ime.eps>
(epstopdf)                    date: 2018-09-14 13:48:51
(epstopdf)                    size: 27496 bytes
(epstopdf)             Output file: <./figures/Call_Complexity_rates/error_vs_t
ime-eps-converted-to.pdf>
(epstopdf)                    date: 2018-09-14 13:56:46
(epstopdf)                    size: 18664 bytes
(epstopdf)             Command: <repstopdf --outfile=./figures/Call_Complexity_
rates/error_vs_time-eps-converted-to.pdf ./figures/Call_Complexity_rates/error_
vs_time.eps>
(epstopdf)             \includegraphics on input line 1737.
Package epstopdf Info: Output file is already uptodate.

<./figures/Call_Complexity_rates/error_vs_time-eps-converted-to.pdf, id=1292, 4
62.72874pt x 346.29375pt>
File: ./figures/Call_Complexity_rates/error_vs_time-eps-converted-to.pdf Graphi
c file (type pdf)

<use ./figures/Call_Complexity_rates/error_vs_time-eps-converted-to.pdf>
Package pdftex.def Info: ./figures/Call_Complexity_rates/error_vs_time-eps-conv
erted-to.pdf used on input line 1737.
(pdftex.def)             Requested size: 187.89912pt x 140.61807pt.

[33 <./figures/Call_Complexity_rates/error_vs_time-eps-converted-to.pdf>]

LaTeX Warning: `!h' float specifier changed to `!ht'.

[34]
Package epstopdf Info: Source file: <./figures/Call_MISC_quadrature_error/relat
ive_quad_error_wrt_MISC_TOL_with_rich.eps>
(epstopdf)                    date: 2018-09-12 12:41:36
(epstopdf)                    size: 31219 bytes
(epstopdf)             Output file: <./figures/Call_MISC_quadrature_error/relat
ive_quad_error_wrt_MISC_TOL_with_rich-eps-converted-to.pdf>
(epstopdf)                    date: 2018-09-12 12:50:53
(epstopdf)                    size: 18824 bytes
(epstopdf)             Command: <repstopdf --outfile=./figures/Call_MISC_quadra
ture_error/relative_quad_error_wrt_MISC_TOL_with_rich-eps-converted-to.pdf ./fi
gures/Call_MISC_quadrature_error/relative_quad_error_wrt_MISC_TOL_with_rich.eps
>
(epstopdf)             \includegraphics on input line 1830.
Package epstopdf Info: Output file is already uptodate.

<./figures/Call_MISC_quadrature_error/relative_quad_error_wrt_MISC_TOL_with_ric
h-eps-converted-to.pdf, id=1350, 462.72874pt x 346.29375pt>
File: ./figures/Call_MISC_quadrature_error/relative_quad_error_wrt_MISC_TOL_wit
h_rich-eps-converted-to.pdf Graphic file (type pdf)

<use ./figures/Call_MISC_quadrature_error/relative_quad_error_wrt_MISC_TOL_with
_rich-eps-converted-to.pdf>
Package pdftex.def Info: ./figures/Call_MISC_quadrature_error/relative_quad_err
or_wrt_MISC_TOL_with_rich-eps-converted-to.pdf used on input line 1830.
(pdftex.def)             Requested size: 187.89912pt x 140.61807pt.


LaTeX Warning: `!h' float specifier changed to `!ht'.

[35 <./figures/Call_MISC_quadrature_error/relative_quad_error_wrt_MISC_TOL_with
_rich-eps-converted-to.pdf>]
Package epstopdf Info: Source file: <./figures/Call_Complexity_rates/error_vs_t
ime_comparision.eps>
(epstopdf)                    date: 2018-09-13 16:57:50
(epstopdf)                    size: 27064 bytes
(epstopdf)             Output file: <./figures/Call_Complexity_rates/error_vs_t
ime_comparision-eps-converted-to.pdf>
(epstopdf)                    date: 2018-09-13 17:06:32
(epstopdf)                    size: 18753 bytes
(epstopdf)             Command: <repstopdf --outfile=./figures/Call_Complexity_
rates/error_vs_time_comparision-eps-converted-to.pdf ./figures/Call_Complexity_
rates/error_vs_time_comparision.eps>
(epstopdf)             \includegraphics on input line 1903.
Package epstopdf Info: Output file is already uptodate.

<./figures/Call_Complexity_rates/error_vs_time_comparision-eps-converted-to.pdf
, id=1392, 462.72874pt x 346.29375pt>
File: ./figures/Call_Complexity_rates/error_vs_time_comparision-eps-converted-t
o.pdf Graphic file (type pdf)

<use ./figures/Call_Complexity_rates/error_vs_time_comparision-eps-converted-to
.pdf>
Package pdftex.def Info: ./figures/Call_Complexity_rates/error_vs_time_comparis
ion-eps-converted-to.pdf used on input line 1903.
(pdftex.def)             Requested size: 187.89912pt x 140.61807pt.


Package hyperref Warning: Token not allowed in a PDF string (Unicode):
(hyperref)                removing `math shift' on input line 1970.


Package hyperref Warning: Token not allowed in a PDF string (Unicode):
(hyperref)                removing `math shift' on input line 1970.

Package epstopdf Info: Source file: <./figures/weak_error_rates_basket_2d/witho
ut_richardson/weak_convergence_order_basket_option_2d_1_relative_M_4_10_7_plain
.eps>
(epstopdf)                    date: 2018-10-03 17:55:04
(epstopdf)                    size: 32555 bytes
(epstopdf)             Output file: <./figures/weak_error_rates_basket_2d/witho
ut_richardson/weak_convergence_order_basket_option_2d_1_relative_M_4_10_7_plain
-eps-converted-to.pdf>
(epstopdf)                    date: 2018-10-03 18:33:19
(epstopdf)                    size: 19267 bytes
(epstopdf)             Command: <repstopdf --outfile=./figures/weak_error_rates
_basket_2d/without_richardson/weak_convergence_order_basket_option_2d_1_relativ
e_M_4_10_7_plain-eps-converted-to.pdf ./figures/weak_error_rates_basket_2d/with
out_richardson/weak_convergence_order_basket_option_2d_1_relative_M_4_10_7_plai
n.eps>
(epstopdf)             \includegraphics on input line 1988.
Package epstopdf Info: Output file is already uptodate.

<./figures/weak_error_rates_basket_2d/without_richardson/weak_convergence_order
_basket_option_2d_1_relative_M_4_10_7_plain-eps-converted-to.pdf, id=1394, 462.
72874pt x 346.29375pt>
File: ./figures/weak_error_rates_basket_2d/without_richardson/weak_convergence_
order_basket_option_2d_1_relative_M_4_10_7_plain-eps-converted-to.pdf Graphic f
ile (type pdf)

<use ./figures/weak_error_rates_basket_2d/without_richardson/weak_convergence_o
rder_basket_option_2d_1_relative_M_4_10_7_plain-eps-converted-to.pdf>
Package pdftex.def Info: ./figures/weak_error_rates_basket_2d/without_richardso
n/weak_convergence_order_basket_option_2d_1_relative_M_4_10_7_plain-eps-convert
ed-to.pdf used on input line 1988.
(pdftex.def)             Requested size: 164.4171pt x 123.04346pt.
Package epstopdf Info: Source file: <./figures/weak_error_rates_basket_2d/witho
ut_richardson/weak_convergence_order_differences_basket_option_2d_1_relative_M_
4_10_7_plain.eps>
(epstopdf)                    date: 2018-10-03 17:55:04
(epstopdf)                    size: 32734 bytes
(epstopdf)             Output file: <./figures/weak_error_rates_basket_2d/witho
ut_richardson/weak_convergence_order_differences_basket_option_2d_1_relative_M_
4_10_7_plain-eps-converted-to.pdf>
(epstopdf)                    date: 2018-10-03 18:33:38
(epstopdf)                    size: 17910 bytes
(epstopdf)             Command: <repstopdf --outfile=./figures/weak_error_rates
_basket_2d/without_richardson/weak_convergence_order_differences_basket_option_
2d_1_relative_M_4_10_7_plain-eps-converted-to.pdf ./figures/weak_error_rates_ba
sket_2d/without_richardson/weak_convergence_order_differences_basket_option_2d_
1_relative_M_4_10_7_plain.eps>
(epstopdf)             \includegraphics on input line 1994.
Package epstopdf Info: Output file is already uptodate.

<./figures/weak_error_rates_basket_2d/without_richardson/weak_convergence_order
_differences_basket_option_2d_1_relative_M_4_10_7_plain-eps-converted-to.pdf, i
d=1395, 462.72874pt x 346.29375pt>
File: ./figures/weak_error_rates_basket_2d/without_richardson/weak_convergence_
order_differences_basket_option_2d_1_relative_M_4_10_7_plain-eps-converted-to.p
df Graphic file (type pdf)

<use ./figures/weak_error_rates_basket_2d/without_richardson/weak_convergence_o
rder_differences_basket_option_2d_1_relative_M_4_10_7_plain-eps-converted-to.pd
f>
Package pdftex.def Info: ./figures/weak_error_rates_basket_2d/without_richardso
n/weak_convergence_order_differences_basket_option_2d_1_relative_M_4_10_7_plain
-eps-converted-to.pdf used on input line 1994.
(pdftex.def)             Requested size: 164.4171pt x 123.04346pt.


LaTeX Warning: `!h' float specifier changed to `!ht'.

Package epstopdf Info: Source file: <./figures/weak_error_rates_basket_2d/with_
richardson/weak_convergence_order_basket_option_2d_1_richardson_relative_M_4_10
_7_plain.eps>
(epstopdf)                    date: 2018-10-04 13:13:10
(epstopdf)                    size: 31132 bytes
(epstopdf)             Output file: <./figures/weak_error_rates_basket_2d/with_
richardson/weak_convergence_order_basket_option_2d_1_richardson_relative_M_4_10
_7_plain-eps-converted-to.pdf>
(epstopdf)                    date: 2018-10-04 14:21:05
(epstopdf)                    size: 16593 bytes
(epstopdf)             Command: <repstopdf --outfile=./figures/weak_error_rates
_basket_2d/with_richardson/weak_convergence_order_basket_option_2d_1_richardson
_relative_M_4_10_7_plain-eps-converted-to.pdf ./figures/weak_error_rates_basket
_2d/with_richardson/weak_convergence_order_basket_option_2d_1_richardson_relati
ve_M_4_10_7_plain.eps>
(epstopdf)             \includegraphics on input line 2012.
Package epstopdf Info: Output file is already uptodate.

<./figures/weak_error_rates_basket_2d/with_richardson/weak_convergence_order_ba
sket_option_2d_1_richardson_relative_M_4_10_7_plain-eps-converted-to.pdf, id=13
96, 462.72874pt x 346.29375pt>
File: ./figures/weak_error_rates_basket_2d/with_richardson/weak_convergence_ord
er_basket_option_2d_1_richardson_relative_M_4_10_7_plain-eps-converted-to.pdf G
raphic file (type pdf)

<use ./figures/weak_error_rates_basket_2d/with_richardson/weak_convergence_orde
r_basket_option_2d_1_richardson_relative_M_4_10_7_plain-eps-converted-to.pdf>
Package pdftex.def Info: ./figures/weak_error_rates_basket_2d/with_richardson/w
eak_convergence_order_basket_option_2d_1_richardson_relative_M_4_10_7_plain-eps
-converted-to.pdf used on input line 2012.
(pdftex.def)             Requested size: 164.4171pt x 123.04346pt.
Package epstopdf Info: Source file: <./figures/weak_error_rates_basket_2d/with_
richardson/weak_convergence_order_differences_basket_option_2d_1_richardson_rel
ative_M_4_10_7_plain.eps>
(epstopdf)                    date: 2018-10-04 13:13:11
(epstopdf)                    size: 28719 bytes
(epstopdf)             Output file: <./figures/weak_error_rates_basket_2d/with_
richardson/weak_convergence_order_differences_basket_option_2d_1_richardson_rel
ative_M_4_10_7_plain-eps-converted-to.pdf>
(epstopdf)                    date: 2018-10-04 14:21:05
(epstopdf)                    size: 16641 bytes
(epstopdf)             Command: <repstopdf --outfile=./figures/weak_error_rates
_basket_2d/with_richardson/weak_convergence_order_differences_basket_option_2d_
1_richardson_relative_M_4_10_7_plain-eps-converted-to.pdf ./figures/weak_error_
rates_basket_2d/with_richardson/weak_convergence_order_differences_basket_optio
n_2d_1_richardson_relative_M_4_10_7_plain.eps>
(epstopdf)             \includegraphics on input line 2018.
Package epstopdf Info: Output file is already uptodate.

<./figures/weak_error_rates_basket_2d/with_richardson/weak_convergence_order_di
fferences_basket_option_2d_1_richardson_relative_M_4_10_7_plain-eps-converted-t
o.pdf, id=1397, 462.72874pt x 346.29375pt>
File: ./figures/weak_error_rates_basket_2d/with_richardson/weak_convergence_ord
er_differences_basket_option_2d_1_richardson_relative_M_4_10_7_plain-eps-conver
ted-to.pdf Graphic file (type pdf)

<use ./figures/weak_error_rates_basket_2d/with_richardson/weak_convergence_orde
r_differences_basket_option_2d_1_richardson_relative_M_4_10_7_plain-eps-convert
ed-to.pdf>
Package pdftex.def Info: ./figures/weak_error_rates_basket_2d/with_richardson/w
eak_convergence_order_differences_basket_option_2d_1_richardson_relative_M_4_10
_7_plain-eps-converted-to.pdf used on input line 2018.
(pdftex.def)             Requested size: 164.4171pt x 123.04346pt.


LaTeX Warning: `!h' float specifier changed to `!ht'.

[36 <./figures/Call_Complexity_rates/error_vs_time_comparision-eps-converted-to
.pdf>]

LaTeX Warning: `!h' float specifier changed to `!ht'.

[37 <./figures/weak_error_rates_basket_2d/without_richardson/weak_convergence_o
rder_basket_option_2d_1_relative_M_4_10_7_plain-eps-converted-to.pdf> <./figure
s/weak_error_rates_basket_2d/without_richardson/weak_convergence_order_differen
ces_basket_option_2d_1_relative_M_4_10_7_plain-eps-converted-to.pdf> <./figures
/weak_error_rates_basket_2d/with_richardson/weak_convergence_order_basket_optio
n_2d_1_richardson_relative_M_4_10_7_plain-eps-converted-to.pdf> <./figures/weak
_error_rates_basket_2d/with_richardson/weak_convergence_order_differences_baske
t_option_2d_1_richardson_relative_M_4_10_7_plain-eps-converted-to.pdf>]
Package epstopdf Info: Source file: <./figures/Basket_2d_MISC_quadrature_error/
relative_quad_error_wrt_MISC_TOL_non_rich.eps>
(epstopdf)                    date: 2018-10-04 08:19:45
(epstopdf)                    size: 37061 bytes
(epstopdf)             Output file: <./figures/Basket_2d_MISC_quadrature_error/
relative_quad_error_wrt_MISC_TOL_non_rich-eps-converted-to.pdf>
(epstopdf)                    date: 2018-10-04 08:50:25
(epstopdf)                    size: 19493 bytes
(epstopdf)             Command: <repstopdf --outfile=./figures/Basket_2d_MISC_q
uadrature_error/relative_quad_error_wrt_MISC_TOL_non_rich-eps-converted-to.pdf 
./figures/Basket_2d_MISC_quadrature_error/relative_quad_error_wrt_MISC_TOL_non_
rich.eps>
(epstopdf)             \includegraphics on input line 2138.
Package epstopdf Info: Output file is already uptodate.

<./figures/Basket_2d_MISC_quadrature_error/relative_quad_error_wrt_MISC_TOL_non
_rich-eps-converted-to.pdf, id=1599, 462.72874pt x 346.29375pt>
File: ./figures/Basket_2d_MISC_quadrature_error/relative_quad_error_wrt_MISC_TO
L_non_rich-eps-converted-to.pdf Graphic file (type pdf)

<use ./figures/Basket_2d_MISC_quadrature_error/relative_quad_error_wrt_MISC_TOL
_non_rich-eps-converted-to.pdf>
Package pdftex.def Info: ./figures/Basket_2d_MISC_quadrature_error/relative_qua
d_error_wrt_MISC_TOL_non_rich-eps-converted-to.pdf used on input line 2138.
(pdftex.def)             Requested size: 187.89912pt x 140.61807pt.


LaTeX Warning: `!h' float specifier changed to `!ht'.

[38]

LaTeX Warning: `!h' float specifier changed to `!ht'.

[39 <./figures/Basket_2d_MISC_quadrature_error/relative_quad_error_wrt_MISC_TOL
_non_rich-eps-converted-to.pdf>]
Package epstopdf Info: Source file: <./figures/Basket_2d_Complexity_rates/error
_vs_time.eps>
(epstopdf)                    date: 2018-10-04 11:58:34
(epstopdf)                    size: 27850 bytes
(epstopdf)             Output file: <./figures/Basket_2d_Complexity_rates/error
_vs_time-eps-converted-to.pdf>
(epstopdf)                    date: 2018-10-04 12:07:51
(epstopdf)                    size: 19303 bytes
(epstopdf)             Command: <repstopdf --outfile=./figures/Basket_2d_Comple
xity_rates/error_vs_time-eps-converted-to.pdf ./figures/Basket_2d_Complexity_ra
tes/error_vs_time.eps>
(epstopdf)             \includegraphics on input line 2201.
Package epstopdf Info: Output file is already uptodate.

<./figures/Basket_2d_Complexity_rates/error_vs_time-eps-converted-to.pdf, id=16
49, 462.72874pt x 346.29375pt>
File: ./figures/Basket_2d_Complexity_rates/error_vs_time-eps-converted-to.pdf G
raphic file (type pdf)

<use ./figures/Basket_2d_Complexity_rates/error_vs_time-eps-converted-to.pdf>
Package pdftex.def Info: ./figures/Basket_2d_Complexity_rates/error_vs_time-eps
-converted-to.pdf used on input line 2201.
(pdftex.def)             Requested size: 187.89912pt x 140.61807pt.


LaTeX Warning: `!h' float specifier changed to `!ht'.

[40 <./figures/Basket_2d_Complexity_rates/error_vs_time-eps-converted-to.pdf>]

LaTeX Warning: `!h' float specifier changed to `!ht'.

[41]

Package hyperref Warning: Token not allowed in a PDF string (Unicode):
(hyperref)                removing `\@ifnextchar' on input line 2428.

<./figures/3D_basket/error_estimate.pdf, id=1715, 462.52798pt x 346.89601pt>
File: ./figures/3D_basket/error_estimate.pdf Graphic file (type pdf)

<use ./figures/3D_basket/error_estimate.pdf>
Package pdftex.def Info: ./figures/3D_basket/error_estimate.pdf used on input l
ine 2456.
(pdftex.def)             Requested size: 187.89912pt x 140.92615pt.

<./figures/3D_basket/average_running_time.pdf, id=1716, 462.52798pt x 346.89601
pt>
File: ./figures/3D_basket/average_running_time.pdf Graphic file (type pdf)
 <use ./figures/3D_basket/average_running_time.pdf>
Package pdftex.def Info: ./figures/3D_basket/average_running_time.pdf used on i
nput line 2462.
(pdftex.def)             Requested size: 187.89912pt x 140.92615pt.


LaTeX Warning: `!h' float specifier changed to `!ht'.

<./figures/3D_basket/level_work.pdf, id=1717, 462.52798pt x 346.89601pt>
File: ./figures/3D_basket/level_work.pdf Graphic file (type pdf)

<use ./figures/3D_basket/level_work.pdf>
Package pdftex.def Info: ./figures/3D_basket/level_work.pdf used on input line 
2476.
(pdftex.def)             Requested size: 187.89912pt x 140.92615pt.

<./figures/3D_basket/levels_error_rate.pdf, id=1718, 462.52798pt x 346.89601pt>
File: ./figures/3D_basket/levels_error_rate.pdf Graphic file (type pdf)
<use ./figures/3D_basket/levels_error_rate.pdf>
Package pdftex.def Info: ./figures/3D_basket/levels_error_rate.pdf used on inpu
t line 2482.
(pdftex.def)             Requested size: 187.89912pt x 140.92615pt.


LaTeX Warning: `!h' float specifier changed to `!ht'.

[42]
<./figures/8D_basket/error_estimate.pdf, id=1732, 462.52798pt x 346.89601pt>
File: ./figures/8D_basket/error_estimate.pdf Graphic file (type pdf)

<use ./figures/8D_basket/error_estimate.pdf>
Package pdftex.def Info: ./figures/8D_basket/error_estimate.pdf used on input l
ine 2498.
(pdftex.def)             Requested size: 187.89912pt x 140.92615pt.

<./figures/8D_basket/average_running_time.pdf, id=1733, 462.52798pt x 346.89601
pt>
File: ./figures/8D_basket/average_running_time.pdf Graphic file (type pdf)
 <use ./figures/8D_basket/average_running_time.pdf>
Package pdftex.def Info: ./figures/8D_basket/average_running_time.pdf used on i
nput line 2504.
(pdftex.def)             Requested size: 187.89912pt x 140.92615pt.


LaTeX Warning: `!h' float specifier changed to `!ht'.

<./figures/8D_basket/level_work.pdf, id=1734, 462.52798pt x 346.89601pt>
File: ./figures/8D_basket/level_work.pdf Graphic file (type pdf)

<use ./figures/8D_basket/level_work.pdf>
Package pdftex.def Info: ./figures/8D_basket/level_work.pdf used on input line 
2518.
(pdftex.def)             Requested size: 187.89912pt x 140.92615pt.

<./figures/8D_basket/levels_error_rate.pdf, id=1735, 462.52798pt x 346.89601pt>
File: ./figures/8D_basket/levels_error_rate.pdf Graphic file (type pdf)
<use ./figures/8D_basket/levels_error_rate.pdf>
Package pdftex.def Info: ./figures/8D_basket/levels_error_rate.pdf used on inpu
t line 2524.
(pdftex.def)             Requested size: 187.89912pt x 140.92615pt.


LaTeX Warning: `!h' float specifier changed to `!ht'.

[43 <./figures/3D_basket/error_estimate.pdf> <./figures/3D_basket/average_runni
ng_time.pdf

pdfTeX warning: /usr/texbin/pdflatex (file ./figures/3D_basket/average_running_
time.pdf): PDF inclusion: multiple pdfs with page group included in a single pa
ge
> <./figures/3D_basket/level_work.pdf

pdfTeX warning: /usr/texbin/pdflatex (file ./figures/3D_basket/level_work.pdf):
 PDF inclusion: multiple pdfs with page group included in a single page
> <./figures/3D_basket/levels_error_rate.pdf

pdfTeX warning: /usr/texbin/pdflatex (file ./figures/3D_basket/levels_error_rat
e.pdf): PDF inclusion: multiple pdfs with page group included in a single page
>]
<./figures/25D_basket/error_estimate.pdf, id=1906, 462.52798pt x 346.89601pt>
File: ./figures/25D_basket/error_estimate.pdf Graphic file (type pdf)

<use ./figures/25D_basket/error_estimate.pdf>
Package pdftex.def Info: ./figures/25D_basket/error_estimate.pdf used on input 
line 2538.
(pdftex.def)             Requested size: 187.89912pt x 140.92615pt.

<./figures/25D_basket/average_running_time.pdf, id=1907, 462.52798pt x 346.8960
1pt>
File: ./figures/25D_basket/average_running_time.pdf Graphic file (type pdf)
 <use ./figures/25D_basket/average_running_time.pdf>
Package pdftex.def Info: ./figures/25D_basket/average_running_time.pdf used on 
input line 2544.
(pdftex.def)             Requested size: 187.89912pt x 140.92615pt.


LaTeX Warning: `!h' float specifier changed to `!ht'.

<./figures/25D_basket/level_work.pdf, id=1908, 462.52798pt x 346.89601pt>
File: ./figures/25D_basket/level_work.pdf Graphic file (type pdf)

<use ./figures/25D_basket/level_work.pdf>
Package pdftex.def Info: ./figures/25D_basket/level_work.pdf used on input line
 2558.
(pdftex.def)             Requested size: 187.89912pt x 140.92615pt.

<./figures/25D_basket/levels_error_rate.pdf, id=1909, 462.52798pt x 346.89601pt
>
File: ./figures/25D_basket/levels_error_rate.pdf Graphic file (type pdf)
 <use ./figures/25D_basket/levels_error_rate.pdf>
Package pdftex.def Info: ./figures/25D_basket/levels_error_rate.pdf used on inp
ut line 2564.
(pdftex.def)             Requested size: 187.89912pt x 140.92615pt.


LaTeX Warning: `!h' float specifier changed to `!ht'.

[44 <./figures/8D_basket/error_estimate.pdf> <./figures/8D_basket/average_runni
ng_time.pdf

pdfTeX warning: /usr/texbin/pdflatex (file ./figures/8D_basket/average_running_
time.pdf): PDF inclusion: multiple pdfs with page group included in a single pa
ge
> <./figures/8D_basket/level_work.pdf

pdfTeX warning: /usr/texbin/pdflatex (file ./figures/8D_basket/level_work.pdf):
 PDF inclusion: multiple pdfs with page group included in a single page
> <./figures/8D_basket/levels_error_rate.pdf

pdfTeX warning: /usr/texbin/pdflatex (file ./figures/8D_basket/levels_error_rat
e.pdf): PDF inclusion: multiple pdfs with page group included in a single page
>] (./main.bbl [45 <./figures/25D_basket/error_estimate.pdf> <./figures/25D_bas
ket/average_running_time.pdf

pdfTeX warning: /usr/texbin/pdflatex (file ./figures/25D_basket/average_running
_time.pdf): PDF inclusion: multiple pdfs with page group included in a single p
age
> <./figures/25D_basket/level_work.pdf

pdfTeX warning: /usr/texbin/pdflatex (file ./figures/25D_basket/level_work.pdf)
: PDF inclusion: multiple pdfs with page group included in a single page
> <./figures/25D_basket/levels_error_rate.pdf

pdfTeX warning: /usr/texbin/pdflatex (file ./figures/25D_basket/levels_error_ra
te.pdf): PDF inclusion: multiple pdfs with page group included in a single page

>]
Missing character: There is no  in font cmr10!
Missing character: There is no  in font cmr10!
Missing character: There is no  in font cmr10!
Missing character: There is no  in font cmr10!
Missing character: There is no  in font cmr10!
Missing character: There is no  in font cmr10!
Missing character: There is no  in font cmr10!
Missing character: There is no  in font cmr10!
Missing character: There is no  in font cmr10!
Missing character: There is no  in font cmr10!
Missing character: There is no  in font cmr10!
Missing character: There is no  in font cmr10!
Missing character: There is no  in font cmr10!
Missing character: There is no  in font cmr10!
Missing character: There is no  in font cmr10!
Missing character: There is no  in font cmr10!
Missing character: There is no  in font cmr10!
Missing character: There is no  in font cmr10!
Missing character: There is no  in font cmr10!
Missing character: There is no  in font cmr10!
) [46]
Package atveryend Info: Empty hook `BeforeClearDocument' on input line 4691.
Package atveryend Info: Empty hook `AfterLastShipout' on input line 4691.
 (./main.aux)
Package atveryend Info: Executing hook `AtVeryEndDocument' on input line 4691.
Package atveryend Info: Executing hook `AtEndAfterFileList' on input line 4691.

Package rerunfilecheck Info: File `main.out' has not changed.
(rerunfilecheck)             Checksum: CBECF230C210F45210B72073661D3405;6948.


LaTeX Warning: There were undefined references.


LaTeX Warning: There were multiply-defined labels.

Package atveryend Info: Empty hook `AtVeryVeryEnd' on input line 4691.
 ) 
Here is how much of TeX's memory you used:
 25866 strings out of 493014
 460763 string characters out of 6133351
 550671 words of memory out of 5000000
 28667 multiletter control sequences out of 15000+600000
 20088 words of font info for 79 fonts, out of 8000000 for 9000
 1141 hyphenation exceptions out of 8191
 66i,15n,96p,3267b,566s stack positions out of 5000i,500n,10000p,200000b,80000s
</usr/local/texlive/2016/texmf-dist/fonts/type1/public/amsfonts/cm/cmbx10.pfb
></usr/local/texlive/2016/texmf-dist/fonts/type1/public/amsfonts/cm/cmbx12.pfb>
</usr/local/texlive/2016/texmf-dist/fonts/type1/public/amsfonts/cm/cmbx8.pfb></
usr/local/texlive/2016/texmf-dist/fonts/type1/public/amsfonts/cm/cmex10.pfb></u
sr/local/texlive/2016/texmf-dist/fonts/type1/public/amsfonts/cm/cmmi10.pfb></us
r/local/texlive/2016/texmf-dist/fonts/type1/public/amsfonts/cm/cmmi12.pfb></usr
/local/texlive/2016/texmf-dist/fonts/type1/public/amsfonts/cm/cmmi5.pfb></usr/l
ocal/texlive/2016/texmf-dist/fonts/type1/public/amsfonts/cm/cmmi6.pfb></usr/loc
al/texlive/2016/texmf-dist/fonts/type1/public/amsfonts/cm/cmmi7.pfb></usr/local
/texlive/2016/texmf-dist/fonts/type1/public/amsfonts/cm/cmmi8.pfb></usr/local/t
exlive/2016/texmf-dist/fonts/type1/public/amsfonts/cm/cmmi9.pfb></usr/local/tex
live/2016/texmf-dist/fonts/type1/public/amsfonts/cm/cmmib10.pfb></usr/local/tex
live/2016/texmf-dist/fonts/type1/public/amsfonts/cmextra/cmmib6.pfb></usr/local
/texlive/2016/texmf-dist/fonts/type1/public/amsfonts/cmextra/cmmib8.pfb></usr/l
ocal/texlive/2016/texmf-dist/fonts/type1/public/amsfonts/cm/cmr10.pfb></usr/loc
al/texlive/2016/texmf-dist/fonts/type1/public/amsfonts/cm/cmr12.pfb></usr/local
/texlive/2016/texmf-dist/fonts/type1/public/amsfonts/cm/cmr17.pfb></usr/local/t
exlive/2016/texmf-dist/fonts/type1/public/amsfonts/cm/cmr5.pfb></usr/local/texl
ive/2016/texmf-dist/fonts/type1/public/amsfonts/cm/cmr6.pfb></usr/local/texlive
/2016/texmf-dist/fonts/type1/public/amsfonts/cm/cmr7.pfb></usr/local/texlive/20
16/texmf-dist/fonts/type1/public/amsfonts/cm/cmr8.pfb></usr/local/texlive/2016/
texmf-dist/fonts/type1/public/amsfonts/cm/cmr9.pfb></usr/local/texlive/2016/tex
mf-dist/fonts/type1/public/amsfonts/cm/cmsy10.pfb></usr/local/texlive/2016/texm
f-dist/fonts/type1/public/amsfonts/cm/cmsy5.pfb></usr/local/texlive/2016/texmf-
dist/fonts/type1/public/amsfonts/cm/cmsy6.pfb></usr/local/texlive/2016/texmf-di
st/fonts/type1/public/amsfonts/cm/cmsy7.pfb></usr/local/texlive/2016/texmf-dist
/fonts/type1/public/amsfonts/cm/cmsy8.pfb></usr/local/texlive/2016/texmf-dist/f
onts/type1/public/amsfonts/cm/cmti10.pfb></usr/local/texlive/2016/texmf-dist/fo
nts/type1/public/amsfonts/symbols/msbm10.pfb></usr/local/texlive/2016/texmf-dis
t/fonts/type1/public/amsfonts/symbols/msbm7.pfb>
Output written on main.pdf (46 pages, 1072884 bytes).
PDF statistics:
 2435 PDF objects out of 2487 (max. 8388607)
 1121 compressed objects within 12 object streams
 239 named destinations out of 1000 (max. 500000)
 472 words of extra memory for PDF output out of 10000 (max. 10000000)

