\BOOKMARK [1][-]{section.1}{\376\377\000S\000p\000a\000r\000s\000e\000\040\000G\000r\000i\000d\000s\000\040\000+\000M\000u\000l\000t\000i\000-\000I\000n\000d\000e\000x\000\040\000S\000t\000o\000c\000h\000a\000s\000t\000i\000c\000\040\000C\000o\000l\000l\000o\000c\000a\000t\000i\000o\000n\000\040\000\050\000M\000I\000S\000C\000\051\000\040\000\050\000T\000O\000-\000D\000O\000\051}{}% 1
\BOOKMARK [2][-]{subsection.1.1}{\376\377\000D\000e\000t\000a\000i\000l\000s\000\040\000o\000n\000\040\000t\000h\000e\000\040\000c\000o\000n\000s\000t\000r\000u\000c\000t\000i\000o\000n}{section.1}% 2
\BOOKMARK [1][-]{section.2}{\376\377\000D\000e\000r\000i\000v\000a\000t\000i\000v\000e\000\040\000P\000r\000i\000c\000i\000n\000g\000\040\000U\000s\000i\000n\000g\000\040\000S\000p\000a\000r\000s\000e\000\040\000G\000r\000i\000d\000s}{}% 3
\BOOKMARK [2][-]{subsection.2.1}{\376\377\000D\000e\000s\000c\000r\000i\000p\000t\000i\000o\000n\000\040\000o\000f\000\040\000t\000h\000e\000\040\000D\000o\000m\000a\000i\000n\000\040\000D\000e\000c\000o\000m\000p\000o\000s\000i\000t\000i\000o\000n\000\040\000a\000n\000d\000\040\000S\000u\000i\000t\000a\000b\000l\000e\000\040\000T\000r\000a\000n\000s\000f\000o\000r\000m\000a\000t\000i\000o\000n}{section.2}% 4
\BOOKMARK [2][-]{subsection.2.2}{\376\377\000R\000o\000o\000t\000\040\000F\000i\000n\000d\000i\000n\000g}{section.2}% 5
\BOOKMARK [1][-]{section.3}{\376\377\000P\000r\000o\000b\000l\000e\000m\000\040\000S\000e\000t\000t\000i\000n\000g}{}% 6
\BOOKMARK [2][-]{subsection.3.1}{\376\377\000S\000m\000o\000o\000t\000h\000i\000n\000g\000\040\000t\000h\000e\000\040\000p\000a\000y\000o\000f\000f\000\040\000i\000n\000\040\000t\000h\000e\000\040\000c\000o\000n\000t\000i\000n\000u\000o\000u\000s\000\040\000c\000a\000s\000e}{section.3}% 7
\BOOKMARK [3][-]{subsubsection.3.1.1}{\376\377\0001\000s\000t\000\040\000c\000a\000s\000e\000:\000\040\000g\000\050\000x\000\051\000=\000\050\000x\000-\000K\000\051}{subsection.3.1}% 8
\BOOKMARK [3][-]{subsubsection.3.1.2}{\376\377\0002\000n\000d\000\040\000c\000a\000s\000e\000:\000\040\000g\000\050\000x\000\051\000=\0001\000x\000>\000K}{subsection.3.1}% 9
\BOOKMARK [1][-]{section.4}{\376\377\000D\000e\000s\000c\000r\000i\000p\000t\000i\000o\000n\000\040\000o\000f\000\040\000o\000u\000r\000\040\000a\000p\000p\000r\000o\000a\000c\000h\000\040\000a\000n\000d\000\040\000i\000m\000p\000l\000e\000m\000e\000n\000t\000a\000t\000i\000o\000n\000\040\000d\000e\000t\000a\000i\000l\000s}{}% 10
\BOOKMARK [2][-]{subsection.4.1}{\376\377\000C\000h\000o\000i\000c\000e\000\040\000o\000f\000\040\000f\000u\000n\000c\000t\000i\000o\000n\000a\000l}{section.4}% 11
\BOOKMARK [2][-]{subsection.4.2}{\376\377\000S\000m\000o\000o\000t\000h\000i\000n\000g}{section.4}% 12
\BOOKMARK [2][-]{subsection.4.3}{\376\377\000E\000r\000r\000o\000r\000s\000\040\000i\000n\000\040\000s\000m\000o\000o\000t\000h\000i\000n\000g}{section.4}% 13
\BOOKMARK [2][-]{subsection.4.4}{\376\377\000S\000t\000e\000p\000s\000\040\000o\000f\000\040\000t\000h\000e\000\040\000n\000u\000m\000e\000r\000i\000c\000a\000l\000\040\000a\000p\000p\000r\000o\000a\000c\000h}{section.4}% 14
\BOOKMARK [3][-]{subsubsection.4.4.1}{\376\377\000F\000i\000r\000s\000t\000\040\000a\000p\000p\000r\000o\000a\000c\000h}{subsection.4.4}% 15
\BOOKMARK [1][-]{section.5}{\376\377\000N\000u\000m\000e\000r\000i\000c\000a\000l\000\040\000e\000x\000a\000m\000p\000l\000e\000s}{}% 16
\BOOKMARK [2][-]{subsection.5.1}{\376\377\000T\000h\000e\000\040\000b\000a\000s\000k\000e\000t\000\040\000o\000p\000t\000i\000o\000n\000\040\000w\000i\000t\000h\000\040\000s\000m\000o\000o\000t\000h\000i\000n\000g\000\040\000t\000r\000i\000c\000k\000\040\000w\000i\000t\000h\000\040\000a\000\040\000t\000i\000m\000e\000\040\000s\000t\000e\000p\000p\000i\000n\000g\000\040\000p\000r\000o\000c\000e\000d\000u\000r\000e}{section.5}% 17
\BOOKMARK [3][-]{subsubsection.5.1.1}{\376\377\000V\000e\000r\000i\000f\000y\000i\000n\000g\000\040\000b\000o\000u\000n\000d\000s\000\040\000o\000n\000\040\000w\000o\000r\000k\000\040\000a\000n\000d\000\040\000e\000r\000r\000o\000r\000\040\000c\000o\000n\000t\000r\000i\000b\000u\000t\000i\000o\000n\000s}{subsection.5.1}% 18
\BOOKMARK [3][-]{subsubsection.5.1.2}{\376\377\000R\000e\000s\000u\000l\000t\000s\000\040\000u\000s\000i\000n\000g\000\040\000M\000I\000S\000C\000\040\000c\000o\000d\000e}{subsection.5.1}% 19
\BOOKMARK [2][-]{subsection.5.2}{\376\377\000T\000h\000e\000\040\000d\000i\000s\000c\000r\000e\000t\000i\000z\000e\000d\000\040\0001\000D\000\040\000B\000l\000a\000c\000k\000-\000S\000c\000h\000o\000l\000e\000s}{section.5}% 20
\BOOKMARK [3][-]{subsubsection.5.2.1}{\376\377\000E\000x\000a\000c\000t\000\040\000l\000o\000c\000a\000t\000i\000o\000n\000\040\000o\000f\000\040\000t\000h\000e\000\040\000k\000i\000n\000k\000\040\000f\000o\000r\000\040\000t\000h\000e\000\040\000c\000o\000n\000t\000i\000n\000u\000o\000u\000s\000\040\000p\000r\000o\000b\000l\000e\000m}{subsection.5.2}% 21
\BOOKMARK [3][-]{subsubsection.5.2.2}{\376\377\000E\000x\000a\000c\000t\000\040\000l\000o\000c\000a\000t\000i\000o\000n\000\040\000o\000f\000\040\000t\000h\000e\000\040\000k\000i\000n\000k\000\040\000f\000o\000r\000\040\000t\000h\000e\000\040\000d\000i\000s\000c\000r\000e\000t\000e\000\040\000p\000r\000o\000b\000l\000e\000m}{subsection.5.2}% 22
\BOOKMARK [3][-]{subsubsection.5.2.3}{\376\377\000A\000p\000p\000r\000o\000x\000i\000m\000a\000t\000e\000\040\000l\000o\000c\000a\000t\000i\000o\000n\000\040\000o\000f\000\040\000t\000h\000e\000\040\000d\000i\000s\000c\000r\000e\000t\000e\000\040\000p\000r\000o\000b\000l\000e\000m}{subsection.5.2}% 23
\BOOKMARK [2][-]{subsection.5.3}{\376\377\000R\000e\000s\000u\000l\000t\000s\000\040\000f\000o\000r\000\040\000t\000h\000e\000\040\000C\000a\000l\000l\000\040\000o\000p\000t\000i\000o\000n\000\040\000p\000a\000y\000o\000f\000f}{section.5}% 24
\BOOKMARK [3][-]{subsubsection.5.3.1}{\376\377\000V\000e\000r\000i\000f\000y\000i\000n\000g\000\040\000b\000o\000u\000n\000d\000s\000\040\000o\000n\000\040\000w\000o\000r\000k\000\040\000a\000n\000d\000\040\000e\000r\000r\000o\000r\000\040\000c\000o\000n\000t\000r\000i\000b\000u\000t\000i\000o\000n\000s}{subsection.5.3}% 25
\BOOKMARK [3][-]{subsubsection.5.3.2}{\376\377\000I\000m\000p\000l\000e\000m\000e\000n\000t\000a\000t\000i\000o\000n\000\040\000d\000e\000t\000a\000i\000l\000s\000\040\000u\000s\000i\000n\000g\000\040\000t\000h\000e\000\040\000M\000I\000S\000C\000\040\000c\000o\000d\000e}{subsection.5.3}% 26
\BOOKMARK [3][-]{subsubsection.5.3.3}{\376\377\000C\000h\000o\000i\000c\000e\000s\000\040\000o\000f\000\040\000a\000\040\000s\000m\000o\000o\000t\000h\000\040\000p\000a\000y\000o\000f\000f}{subsection.5.3}% 27
\BOOKMARK [3][-]{subsubsection.5.3.4}{\376\377\000R\000i\000c\000h\000a\000r\000d\000s\000o\000n\000\040\000e\000x\000t\000r\000a\000p\000o\000l\000a\000t\000i\000o\000n}{subsection.5.3}% 28
\BOOKMARK [3][-]{subsubsection.5.3.5}{\376\377\000R\000e\000s\000u\000l\000t\000s\000\040\000u\000s\000i\000n\000g\000\040\000M\000I\000S\000C\000\040\000c\000o\000d\000e}{subsection.5.3}% 29
\BOOKMARK [3][-]{subsubsection.5.3.6}{\376\377\000C\000h\000e\000c\000k\000i\000n\000g\000\040\000t\000h\000e\000\040\000b\000u\000g\000\040\000o\000f\000\040\000r\000i\000c\000h\000a\000r\000d\000s\000o\000n\000\040\000e\000x\000t\000r\000a\000p\000o\000l\000a\000t\000i\000o\000n}{subsection.5.3}% 30
\BOOKMARK [3][-]{subsubsection.5.3.7}{\376\377\000S\000u\000m\000m\000a\000r\000y\000\040\000o\000f\000\040\000r\000e\000s\000u\000l\000t\000s}{subsection.5.3}% 31
\BOOKMARK [2][-]{subsection.5.4}{\376\377\000R\000e\000s\000u\000l\000t\000s\000\040\000f\000o\000r\000\040\000t\000h\000e\000\040\000b\000i\000n\000a\000r\000y\000\040\000o\000p\000t\000i\000o\000n\000\040\000e\000x\000a\000m\000p\000l\000e}{section.5}% 32
\BOOKMARK [3][-]{subsubsection.5.4.1}{\376\377\000S\000u\000m\000m\000a\000r\000y\000\040\000o\000f\000\040\000r\000e\000s\000u\000l\000t\000s}{subsection.5.4}% 33
\BOOKMARK [1][-]{section.6}{\376\377\000A\000n\000a\000l\000y\000s\000i\000s\000\040\000o\000f\000\040\000t\000h\000e\000\040\000n\000u\000m\000e\000r\000i\000c\000a\000l\000\040\000p\000r\000o\000c\000e\000d\000u\000r\000e}{}% 34
\BOOKMARK [2][-]{subsection.6.1}{\376\377\000W\000i\000t\000h\000o\000u\000t\000\040\000R\000i\000c\000h\000a\000r\000d\000s\000o\000n\000\040\000e\000x\000t\000r\000a\000p\000o\000l\000a\000t\000i\000o\000n}{section.6}% 35
\BOOKMARK [2][-]{subsection.6.2}{\376\377\000W\000i\000t\000h\000\040\000R\000i\000c\000h\000a\000r\000d\000s\000o\000n\000\040\000e\000x\000t\000r\000a\000p\000o\000l\000a\000t\000i\000o\000n}{section.6}% 36
