\BOOKMARK [1][-]{section.1}{\376\377\000T\000h\000e\000\040\000g\000o\000a\000l\000\040\000a\000n\000d\000\040\000o\000u\000t\000l\000i\000n\000e\000\040\000o\000f\000\040\000t\000h\000e\000\040\000p\000r\000o\000j\000e\000c\000t}{}% 1
\BOOKMARK [1][-]{section.2}{\376\377\000I\000n\000t\000r\000o\000d\000u\000c\000t\000i\000o\000n\000\040\000a\000n\000d\000\040\000l\000i\000t\000e\000r\000a\000t\000u\000r\000e\000\040\000r\000e\000v\000i\000e\000w}{}% 2
\BOOKMARK [1][-]{section.3}{\376\377\000P\000r\000o\000b\000l\000e\000m\000\040\000f\000o\000r\000m\000u\000l\000a\000t\000i\000o\000n\000\040\000a\000n\000d\000\040\000s\000e\000t\000t\000i\000n\000g}{}% 3
\BOOKMARK [2][-]{subsection.3.1}{\376\377\000G\000e\000n\000e\000r\000a\000l\000\040\000s\000e\000t\000t\000i\000n\000g}{section.3}% 4
\BOOKMARK [2][-]{subsection.3.2}{\376\377\000T\000h\000e\000\040\000c\000o\000n\000t\000e\000x\000t\000\040\000o\000f\000\040\000o\000p\000t\000i\000o\000n\000\040\000p\000r\000i\000c\000i\000n\000g\000\040\000u\000s\000i\000n\000g\000\040\000t\000i\000m\000e\000\040\000s\000t\000e\000p\000p\000i\000n\000g\000\040\000p\000r\000o\000c\000e\000d\000u\000r\000e}{section.3}% 5
\BOOKMARK [2][-]{subsection.3.3}{\376\377\000S\000m\000o\000o\000t\000h\000i\000n\000g\000\040\000v\000i\000a\000\040\000p\000r\000e\000-\000i\000n\000t\000e\000g\000r\000a\000t\000i\000o\000n\000\040\000s\000t\000e\000p}{section.3}% 6
\BOOKMARK [2][-]{subsection.3.4}{\376\377\000D\000e\000s\000c\000r\000i\000p\000t\000i\000o\000n\000\040\000o\000f\000\040\000t\000h\000e\000\040\000D\000o\000m\000a\000i\000n\000\040\000D\000e\000c\000o\000m\000p\000o\000s\000i\000t\000i\000o\000n\000\040\000a\000n\000d\000\040\000S\000u\000i\000t\000a\000b\000l\000e\000\040\000T\000r\000a\000n\000s\000f\000o\000r\000m\000a\000t\000i\000o\000n}{section.3}% 7
\BOOKMARK [2][-]{subsection.3.5}{\376\377\000R\000o\000o\000t\000\040\000F\000i\000n\000d\000i\000n\000g}{section.3}% 8
\BOOKMARK [2][-]{subsection.3.6}{\376\377\000D\000i\000s\000c\000u\000s\000s\000i\000o\000n\000\040\000o\000n\000\040\000S\000m\000o\000o\000t\000h\000i\000n\000g}{section.3}% 9
\BOOKMARK [2][-]{subsection.3.7}{\376\377\000E\000r\000r\000o\000r\000s\000\040\000i\000n\000\040\000s\000m\000o\000o\000t\000h\000i\000n\000g}{section.3}% 10
\BOOKMARK [1][-]{section.4}{\376\377\000S\000p\000a\000r\000s\000e\000\040\000G\000r\000i\000d\000s\000\040\000+\000M\000u\000l\000t\000i\000-\000I\000n\000d\000e\000x\000\040\000S\000t\000o\000c\000h\000a\000s\000t\000i\000c\000\040\000C\000o\000l\000l\000o\000c\000a\000t\000i\000o\000n\000\040\000\050\000M\000I\000S\000C\000\051\000\040\000\050\000T\000O\000-\000D\000O\000\051}{}% 11
\BOOKMARK [2][-]{subsection.4.1}{\376\377\000D\000e\000t\000a\000i\000l\000s\000\040\000o\000n\000\040\000t\000h\000e\000\040\000c\000o\000n\000s\000t\000r\000u\000c\000t\000i\000o\000n}{section.4}% 12
\BOOKMARK [1][-]{section.5}{\376\377\000N\000u\000m\000e\000r\000i\000c\000a\000l\000\040\000e\000x\000a\000m\000p\000l\000e\000s}{}% 13
\BOOKMARK [2][-]{subsection.5.1}{\376\377\000T\000h\000e\000\040\000d\000i\000s\000c\000r\000e\000t\000i\000z\000e\000d\000\040\0001\000D\000\040\000B\000l\000a\000c\000k\000-\000S\000c\000h\000o\000l\000e\000s}{section.5}% 14
\BOOKMARK [3][-]{subsubsection.5.1.1}{\376\377\000D\000e\000t\000e\000r\000m\000i\000n\000i\000n\000g\000\040\000t\000h\000e\000\040\000k\000i\000n\000k\000\040\000l\000o\000c\000a\000t\000i\000o\000n}{subsection.5.1}% 15
\BOOKMARK [2][-]{subsection.5.2}{\376\377\000R\000e\000s\000u\000l\000t\000s\000\040\000f\000o\000r\000\040\000t\000h\000e\000\040\000b\000i\000n\000a\000r\000y\000\040\000o\000p\000t\000i\000o\000n\000\040\000e\000x\000a\000m\000p\000l\000e}{section.5}% 16
\BOOKMARK [3][-]{subsubsection.5.2.1}{\376\377\000C\000o\000m\000p\000a\000r\000i\000n\000g\000\040\000r\000e\000l\000a\000t\000i\000v\000e\000\040\000e\000r\000r\000o\000r\000s}{subsection.5.2}% 17
\BOOKMARK [3][-]{subsubsection.5.2.2}{\376\377\000W\000e\000a\000k\000\040\000e\000r\000r\000o\000r\000\040\000p\000l\000o\000t\000s}{subsection.5.2}% 18
\BOOKMARK [2][-]{subsection.5.3}{\376\377\000R\000e\000s\000u\000l\000t\000s\000\040\000f\000o\000r\000\040\000t\000h\000e\000\040\000C\000a\000l\000l\000\040\000o\000p\000t\000i\000o\000n\000\040\000e\000x\000a\000m\000p\000l\000e}{section.5}% 19
\BOOKMARK [3][-]{subsubsection.5.3.1}{\376\377\000C\000o\000m\000p\000a\000r\000i\000n\000g\000\040\000r\000e\000l\000a\000t\000i\000v\000e\000\040\000e\000r\000r\000o\000r\000s}{subsection.5.3}% 20
\BOOKMARK [3][-]{subsubsection.5.3.2}{\376\377\000W\000e\000a\000k\000\040\000e\000r\000r\000o\000r\000\040\000p\000l\000o\000t\000s}{subsection.5.3}% 21
\BOOKMARK [1][-]{appendix.A}{\376\377\000\040\000P\000r\000i\000c\000e\000s\000\040\000f\000o\000r\000\040\000d\000i\000f\000f\000e\000r\000e\000n\000t\000\040\000m\000e\000t\000h\000o\000d\000s\000\040\000f\000o\000r\000\040\000b\000i\000n\000a\000r\000y\000\040\000o\000p\000t\000i\000o\000n\000\040}{}% 22
\BOOKMARK [1][-]{appendix.B}{\376\377\000\040\000C\000a\000l\000l\000\040\000p\000r\000i\000c\000e\000s\000\040\000f\000o\000r\000\040\000d\000i\000f\000f\000e\000r\000e\000n\000t\000\040\000m\000e\000t\000h\000o\000d\000s}{}% 23
\BOOKMARK [1][-]{appendix.C}{\376\377\000T\000h\000e\000\040\000b\000a\000s\000k\000e\000t\000\040\000o\000p\000t\000i\000o\000n\000\040\000w\000i\000t\000h\000\040\000t\000h\000e\000\040\000s\000m\000o\000o\000t\000h\000i\000n\000g\000\040\000t\000r\000i\000c\000k\000\040\000a\000s\000\040\000i\000n\000\040\000b\000a\000y\000e\000r\000s\000m\000o\000o\000t\000h\000i\000n\000g}{}% 24
\BOOKMARK [2][-]{subsubsection.C.0.1}{\376\377\000R\000e\000s\000u\000l\000t\000s\000\040\000u\000s\000i\000n\000g\000\040\000M\000I\000S\000C}{appendix.C}% 25
\BOOKMARK [1][-]{appendix.D}{\376\377\000R\000e\000s\000u\000l\000t\000s\000\040\000o\000f\000\040\000t\000h\000e\000\040\000b\000a\000s\000k\000e\000t\000\040\000e\000x\000a\000m\000p\000l\000e}{}% 26
\BOOKMARK [2][-]{subsubsection.D.0.1}{\376\377\000V\000e\000r\000i\000f\000y\000i\000n\000g\000\040\000b\000o\000u\000n\000d\000s\000\040\000o\000n\000\040\000w\000o\000r\000k\000\040\000a\000n\000d\000\040\000e\000r\000r\000o\000r\000\040\000c\000o\000n\000t\000r\000i\000b\000u\000t\000i\000o\000n\000s}{appendix.D}% 27
\BOOKMARK [1][-]{appendix.E}{\376\377\000I\000m\000p\000l\000e\000m\000e\000n\000t\000a\000t\000i\000o\000n\000\040\000d\000e\000t\000a\000i\000l\000s\000\040\000a\000n\000d\000\040\000M\000I\000S\000C\000\040\000r\000e\000s\000u\000l\000t\000s}{}% 28
\BOOKMARK [1][-]{appendix.F}{\376\377\000\040\000M\000I\000S\000C\000\040\000R\000e\000s\000u\000l\000t\000s\000\040\000f\000o\000r\000\040\000t\000h\000e\000\040\000c\000a\000l\000l\000\040\000o\000p\000t\000i\000o\000n\000\040\000u\000n\000d\000e\000r\000\040\000d\000i\000s\000c\000r\000e\000t\000i\000z\000e\000d\000\040\000B\000S\000\040\000m\000o\000d\000e\000l}{}% 29
\BOOKMARK [2][-]{subsection.F.1}{\376\377\000C\000a\000s\000e\000\040\000o\000f\000\040\0002\000\040\000t\000i\000m\000e\000\040\000s\000t\000e\000p\000s\000\040\000w\000i\000t\000h\000\040\000n\000o\000n\000-\000s\000m\000o\000o\000t\000h\000\040\000p\000a\000y\000o\000f\000f}{appendix.F}% 30
\BOOKMARK [2][-]{subsection.F.2}{\376\377\000C\000a\000s\000e\000\040\000o\000f\000\040\0002\000\040\000t\000i\000m\000e\000\040\000s\000t\000e\000p\000s\000\040\000w\000i\000t\000h\000\040\000s\000m\000o\000o\000t\000h\000\040\000p\000a\000y\000o\000f\000f\000\040\000\050\000g\000i\000v\000e\000n\000\040\000b\000y\000\040\000\050\0003\0009\000\051\000\051}{appendix.F}% 31
\BOOKMARK [2][-]{subsection.F.3}{\376\377\000C\000a\000s\000e\000\040\000o\000f\000\040\0004\000\040\000t\000i\000m\000e\000\040\000s\000t\000e\000p\000s\000\040\000w\000i\000t\000h\000\040\000n\000o\000n\000-\000s\000m\000o\000o\000t\000h\000\040\000p\000a\000y\000o\000f\000f}{appendix.F}% 32
\BOOKMARK [2][-]{subsection.F.4}{\376\377\000C\000a\000s\000e\000\040\000o\000f\000\040\000n\000o\000n\000\040\000s\000m\000o\000o\000t\000h\000\040\000p\000a\000y\000o\000f\000f\000\040\000w\000i\000t\000h\000\040\000R\000i\000c\000h\000a\000r\000d\000s\000o\000n\000\040\000e\000x\000t\000r\000a\000p\000o\000l\000a\000t\000i\000o\000n\000\040\000\050\000l\000e\000v\000e\000l\000\040\0000\000:\000\040\0002\000\040\000t\000i\000m\000e\000\040\000s\000t\000e\000p\000s\000,\000\040\000l\000e\000v\000e\000l\000\040\0001\000:\000\040\0004\000\040\000t\000i\000m\000e\000\040\000s\000t\000e\000p\000s\000\051\000\040\000\050\000I\000g\000n\000o\000r\000i\000n\000g\000\040\000t\000h\000e\000\040\000m\000i\000d\000d\000l\000e\000\040\000p\000a\000r\000t\000\040\000o\000f\000\040\000i\000n\000t\000e\000g\000r\000a\000t\000i\000o\000n\000\051}{appendix.F}% 33
\BOOKMARK [2][-]{subsection.F.5}{\376\377\000C\000a\000s\000e\000\040\000o\000f\000\040\0004\000\040\000t\000i\000m\000e\000\040\000s\000t\000e\000p\000s\000\040\000w\000i\000t\000h\000\040\000s\000m\000o\000o\000t\000h\000\040\000p\000a\000y\000o\000f\000f\000\040\000\050\000g\000i\000v\000e\000n\000\040\000b\000y\000\040\000\050\0003\0009\000\051\000\051}{appendix.F}% 34
\BOOKMARK [2][-]{subsection.F.6}{\376\377\000C\000a\000s\000e\000\040\000o\000f\000\040\000s\000m\000o\000o\000t\000h\000\040\000p\000a\000y\000o\000f\000f\000\040\000\050\000g\000i\000v\000e\000n\000\040\000b\000y\000\040\000\050\0003\0009\000\051\000\051\000\040\000w\000i\000t\000h\000\040\000R\000i\000c\000h\000a\000r\000d\000s\000o\000n\000\040\000e\000x\000t\000r\000a\000p\000o\000l\000a\000t\000i\000o\000n\000\040\000\050\000l\000e\000v\000e\000l\000\040\0000\000:\000\040\0002\000\040\000t\000i\000m\000e\000\040\000s\000t\000e\000p\000s\000,\000\040\000l\000e\000v\000e\000l\000\040\0001\000:\000\040\0004\000\040\000t\000i\000m\000e\000\040\000s\000t\000e\000p\000s\000\051}{appendix.F}% 35
\BOOKMARK [2][-]{subsection.F.7}{\376\377\000C\000a\000s\000e\000\040\000o\000f\000\040\0008\000\040\000t\000i\000m\000e\000\040\000s\000t\000e\000p\000s\000\040\000w\000i\000t\000h\000\040\000n\000o\000n\000-\000s\000m\000o\000o\000t\000h\000\040\000p\000a\000y\000o\000f\000f}{appendix.F}% 36
\BOOKMARK [2][-]{subsection.F.8}{\376\377\000C\000a\000s\000e\000\040\000o\000f\000\040\000n\000o\000n\000\040\000s\000m\000o\000o\000t\000h\000\040\000p\000a\000y\000o\000f\000f\000\040\000w\000i\000t\000h\000\040\000R\000i\000c\000h\000a\000r\000d\000s\000o\000n\000\040\000e\000x\000t\000r\000a\000p\000o\000l\000a\000t\000i\000o\000n\000\040\000\050\000l\000e\000v\000e\000l\000\040\0000\000:\000\040\0004\000\040\000t\000i\000m\000e\000\040\000s\000t\000e\000p\000s\000,\000\040\000l\000e\000v\000e\000l\000\040\0001\000:\000\040\0008\000\040\000t\000i\000m\000e\000\040\000s\000t\000e\000p\000s\000\051\000\040\000\050\000I\000g\000n\000o\000r\000i\000n\000g\000\040\000t\000h\000e\000\040\000m\000i\000d\000d\000l\000e\000\040\000p\000a\000r\000t\000\040\000o\000f\000\040\000i\000n\000t\000e\000g\000r\000a\000t\000i\000o\000n\000\051}{appendix.F}% 37
\BOOKMARK [2][-]{subsection.F.9}{\376\377\000C\000a\000s\000e\000\040\000o\000f\000\040\0008\000\040\000t\000i\000m\000e\000\040\000s\000t\000e\000p\000s\000\040\000w\000i\000t\000h\000\040\000s\000m\000o\000o\000t\000h\000\040\000p\000a\000y\000o\000f\000f\000\040\000\050\000g\000i\000v\000e\000n\000\040\000b\000y\000\040\000\050\0003\0009\000\051\000\051}{appendix.F}% 38
\BOOKMARK [2][-]{subsection.F.10}{\376\377\000C\000a\000s\000e\000\040\000o\000f\000\040\000s\000m\000o\000o\000t\000h\000\040\000p\000a\000y\000o\000f\000f\000\040\000\050\000g\000i\000v\000e\000n\000\040\000b\000y\000\040\000\050\0003\0009\000\051\000\051\000\040\000w\000i\000t\000h\000\040\000R\000i\000c\000h\000a\000r\000d\000s\000o\000n\000\040\000e\000x\000t\000r\000a\000p\000o\000l\000a\000t\000i\000o\000n\000\040\000\050\000l\000e\000v\000e\000l\000\040\0000\000:\000\040\0004\000\040\000t\000i\000m\000e\000\040\000s\000t\000e\000p\000s\000,\000\040\000l\000e\000v\000e\000l\000\040\0001\000:\000\040\0008\000\040\000t\000i\000m\000e\000\040\000s\000t\000e\000p\000s\000\051}{appendix.F}% 39
\BOOKMARK [2][-]{subsection.F.11}{\376\377\000C\000a\000s\000e\000\040\000o\000f\000\040\0001\0006\000\040\000t\000i\000m\000e\000\040\000s\000t\000e\000p\000s\000\040\000w\000i\000t\000h\000\040\000n\000o\000n\000-\000s\000m\000o\000o\000t\000h\000\040\000p\000a\000y\000o\000f\000f}{appendix.F}% 40
\BOOKMARK [2][-]{subsection.F.12}{\376\377\000C\000a\000s\000e\000\040\000o\000f\000\040\0001\0006\000\040\000t\000i\000m\000e\000\040\000s\000t\000e\000p\000s\000\040\000w\000i\000t\000h\000\040\000s\000m\000o\000o\000t\000h\000\040\000p\000a\000y\000o\000f\000f\000\040\000\050\000g\000i\000v\000e\000n\000\040\000b\000y\000\040\000\050\0003\0009\000\051\000\051}{appendix.F}% 41
\BOOKMARK [2][-]{subsection.F.13}{\376\377\000C\000a\000s\000e\000\040\000o\000f\000\040\000s\000m\000o\000o\000t\000h\000\040\000p\000a\000y\000o\000f\000f\000\040\000\050\000g\000i\000v\000e\000n\000\040\000b\000y\000\040\000\050\0003\0009\000\051\000\051\000\040\000w\000i\000t\000h\000\040\000R\000i\000c\000h\000a\000r\000d\000s\000o\000n\000\040\000e\000x\000t\000r\000a\000p\000o\000l\000a\000t\000i\000o\000n\000\040\000\050\000l\000e\000v\000e\000l\000\040\0000\000:\000\040\0008\000\040\000t\000i\000m\000e\000\040\000s\000t\000e\000p\000s\000,\000\040\000l\000e\000v\000e\000l\000\040\0001\000:\000\040\0001\0006\000\040\000t\000i\000m\000e\000\040\000s\000t\000e\000p\000s\000\051}{appendix.F}% 42
\BOOKMARK [1][-]{appendix.G}{\376\377\000C\000h\000e\000c\000k\000i\000n\000g\000\040\000t\000h\000e\000\040\000b\000u\000g\000\040\000o\000f\000\040\000r\000i\000c\000h\000a\000r\000d\000s\000o\000n\000\040\000e\000x\000t\000r\000a\000p\000o\000l\000a\000t\000i\000o\000n}{}% 43
\BOOKMARK [1][-]{appendix.H}{\376\377\000V\000e\000r\000i\000f\000y\000i\000n\000g\000\040\000b\000o\000u\000n\000d\000s\000\040\000o\000n\000\040\000w\000o\000r\000k\000\040\000a\000n\000d\000\040\000e\000r\000r\000o\000r\000\040\000c\000o\000n\000t\000r\000i\000b\000u\000t\000i\000o\000n\000s\000\040\000f\000o\000r\000\040\000t\000h\000e\000\040\000C\000a\000l\000l\000\040\000o\000p\000t\000i\000o\000n\000\040\000p\000a\000y\000o\000f\000f}{}% 44
\BOOKMARK [1][-]{appendix.I}{\376\377\000M\000I\000S\000C\000\040\000r\000e\000s\000u\000l\000t\000s\000\040\000f\000o\000r\000\040\000t\000h\000e\000\040\000b\000i\000n\000a\000r\000y\000\040\000o\000p\000t\000i\000o\000n\000\040\000e\000x\000a\000m\000p\000l\000e}{}% 45
\BOOKMARK [2][-]{subsection.I.1}{\376\377\000C\000a\000s\000e\000\040\000o\000f\000\040\0004\000\040\000t\000i\000m\000e\000\040\000s\000t\000e\000p\000s}{appendix.I}% 46
\BOOKMARK [2][-]{subsection.I.2}{\376\377\000C\000a\000s\000e\000\040\000o\000f\000\040\000n\000o\000n\000\040\000s\000m\000o\000o\000t\000h\000\040\000p\000a\000y\000o\000f\000f\000\040\000w\000i\000t\000h\000\040\000R\000i\000c\000h\000a\000r\000d\000s\000o\000n\000\040\000e\000x\000t\000r\000a\000p\000o\000l\000a\000t\000i\000o\000n\000\040\000\050\000l\000e\000v\000e\000l\000\040\0000\000:\000\040\0002\000\040\000t\000i\000m\000e\000\040\000s\000t\000e\000p\000s\000,\000\040\000l\000e\000v\000e\000l\000\040\0001\000:\000\040\0004\000\040\000t\000i\000m\000e\000\040\000s\000t\000e\000p\000s\000\051\000\040}{appendix.I}% 47
\BOOKMARK [2][-]{subsection.I.3}{\376\377\000C\000a\000s\000e\000\040\000o\000f\000\040\0008\000\040\000t\000i\000m\000e\000\040\000s\000t\000e\000p\000s}{appendix.I}% 48
\BOOKMARK [2][-]{subsection.I.4}{\376\377\000C\000a\000s\000e\000\040\000o\000f\000\040\000n\000o\000n\000\040\000s\000m\000o\000o\000t\000h\000\040\000p\000a\000y\000o\000f\000f\000\040\000w\000i\000t\000h\000\040\000R\000i\000c\000h\000a\000r\000d\000s\000o\000n\000\040\000e\000x\000t\000r\000a\000p\000o\000l\000a\000t\000i\000o\000n\000\040\000\050\000l\000e\000v\000e\000l\000\040\0000\000:\000\040\0004\000\040\000t\000i\000m\000e\000\040\000s\000t\000e\000p\000s\000,\000\040\000l\000e\000v\000e\000l\000\040\0001\000:\000\040\0008\000\040\000t\000i\000m\000e\000\040\000s\000t\000e\000p\000s\000\051\000\040}{appendix.I}% 49
\BOOKMARK [2][-]{subsection.I.5}{\376\377\000C\000a\000s\000e\000\040\000o\000f\000\040\0001\0006\000\040\000t\000i\000m\000e\000\040\000s\000t\000e\000p\000s}{appendix.I}% 50
\BOOKMARK [2][-]{subsection.I.6}{\376\377\000C\000a\000s\000e\000\040\000o\000f\000\040\000n\000o\000n\000\040\000s\000m\000o\000o\000t\000h\000\040\000p\000a\000y\000o\000f\000f\000\040\000w\000i\000t\000h\000\040\000R\000i\000c\000h\000a\000r\000d\000s\000o\000n\000\040\000e\000x\000t\000r\000a\000p\000o\000l\000a\000t\000i\000o\000n\000\040\000\050\000l\000e\000v\000e\000l\000\040\0000\000:\000\040\0008\000\040\000t\000i\000m\000e\000\040\000s\000t\000e\000p\000s\000,\000\040\000l\000e\000v\000e\000l\000\040\0001\000:\000\040\0001\0006\000\040\000t\000i\000m\000e\000\040\000s\000t\000e\000p\000s\000\051\000\040}{appendix.I}% 51
\BOOKMARK [1][-]{appendix.J}{\376\377\000P\000r\000o\000b\000l\000e\000m\000\040\000S\000e\000t\000t\000i\000n\000g\000:}{}% 52
\BOOKMARK [1][-]{appendix.K}{\376\377\000N\000u\000m\000e\000r\000i\000c\000a\000l\000\040\000A\000p\000p\000r\000o\000a\000c\000h\000e\000s}{}% 53
\BOOKMARK [2][-]{subsection.K.1}{\376\377\000F\000i\000r\000s\000t\000\040\000a\000p\000p\000r\000o\000a\000c\000h}{appendix.K}% 54
\BOOKMARK [3][-]{subsubsection.K.1.1}{\376\377\000S\000o\000m\000e\000\040\000d\000i\000s\000c\000u\000s\000s\000i\000o\000n\000\040\000o\000n\000\040\000t\000h\000e\000\040\000c\000o\000m\000p\000l\000e\000x\000i\000t\000y\000\040\000a\000n\000d\000\040\000e\000r\000r\000o\000r\000s}{subsection.K.1}% 55
\BOOKMARK [2][-]{subsection.K.2}{\376\377\000S\000e\000c\000o\000n\000d\000\040\000a\000p\000p\000r\000o\000a\000c\000h}{appendix.K}% 56
\BOOKMARK [1][-]{appendix.L}{\376\377\000P\000l\000a\000n\000\040\000o\000f\000\040\000w\000o\000r\000k\000\040\000a\000n\000d\000\040\000m\000i\000s\000c\000a\000n\000c\000e\000l\000l\000o\000u\000s\000\040\000o\000b\000s\000e\000r\000v\000a\000t\000i\000o\000n\000s}{}% 57
\BOOKMARK [1][-]{appendix.M}{\376\377\000P\000l\000a\000n\000\040\000o\000f\000\040\000i\000m\000p\000l\000e\000m\000e\000n\000t\000a\000t\000i\000o\000n}{}% 58
\BOOKMARK [1][-]{appendix.N}{\376\377\000S\000m\000o\000o\000t\000h\000i\000n\000g\000\040\000v\000i\000a\000\040\000c\000o\000n\000d\000i\000t\000i\000o\000n\000a\000l\000\040\000s\000a\000m\000p\000l\000i\000n\000g\000\040\000s\000t\000e\000p}{}% 59
\BOOKMARK [2][-]{subsection.N.1}{\376\377\000S\000m\000o\000o\000t\000h\000i\000n\000g\000\040\000t\000h\000e\000\040\000p\000a\000y\000o\000f\000f\000\040\000i\000n\000\040\000t\000h\000e\000\040\000c\000o\000n\000t\000i\000n\000u\000o\000u\000s\000\040\000c\000a\000s\000e}{appendix.N}% 60
\BOOKMARK [3][-]{subsubsection.N.1.1}{\376\377\0001\000s\000t\000\040\000c\000a\000s\000e\000:\000\040\000g\000\050\000x\000\051\000=\000\050\000x\000-\000K\000\051}{subsection.N.1}% 61
\BOOKMARK [3][-]{subsubsection.N.1.2}{\376\377\0002\000n\000d\000\040\000c\000a\000s\000e\000:\000\040\000g\000\050\000x\000\051\000=\0001\000x\000>\000K}{subsection.N.1}% 62
\BOOKMARK [1][-]{appendix.O}{\376\377\000D\000e\000s\000c\000r\000i\000p\000t\000i\000o\000n\000\040\000o\000f\000\040\000o\000u\000r\000\040\000a\000p\000p\000r\000o\000a\000c\000h\000\040\000a\000n\000d\000\040\000i\000m\000p\000l\000e\000m\000e\000n\000t\000a\000t\000i\000o\000n\000\040\000d\000e\000t\000a\000i\000l\000s}{}% 63
\BOOKMARK [2][-]{subsection.O.1}{\376\377\000C\000h\000o\000i\000c\000e\000\040\000o\000f\000\040\000f\000u\000n\000c\000t\000i\000o\000n\000a\000l}{appendix.O}% 64
\BOOKMARK [2][-]{subsection.O.2}{\376\377\000S\000t\000e\000p\000s\000\040\000o\000f\000\040\000t\000h\000e\000\040\000n\000u\000m\000e\000r\000i\000c\000a\000l\000\040\000a\000p\000p\000r\000o\000a\000c\000h}{appendix.O}% 65
\BOOKMARK [3][-]{subsubsection.O.2.1}{\376\377\000F\000i\000r\000s\000t\000\040\000a\000p\000p\000r\000o\000a\000c\000h}{subsection.O.2}% 66
\BOOKMARK [1][-]{appendix.P}{\376\377\000R\000i\000c\000h\000a\000r\000d\000s\000o\000n\000\040\000e\000x\000t\000r\000a\000p\000o\000l\000a\000t\000i\000o\000n}{}% 67
\BOOKMARK [1][-]{appendix.Q}{\376\377\000B\000i\000n\000a\000r\000y\000\040\000o\000p\000t\000i\000o\000n\000\040\000r\000e\000s\000u\000l\000t\000s}{}% 68
\BOOKMARK [1][-]{appendix.R}{\376\377\000A\000n\000a\000l\000y\000s\000i\000s\000\040\000o\000f\000\040\000t\000h\000e\000\040\000n\000u\000m\000e\000r\000i\000c\000a\000l\000\040\000p\000r\000o\000c\000e\000d\000u\000r\000e}{}% 69
