This is pdfTeX, Version 3.14159265-2.6-1.40.17 (TeX Live 2016) (preloaded format=pdflatex 2016.5.22)  2 AUG 2019 12:50
entering extended mode
 restricted \write18 enabled.
 %&-line parsing enabled.
**rBergomi_manuscript.tex
(./rBergomi_manuscript.tex
LaTeX2e <2016/03/31>
Babel <3.9r> and hyphenation patterns for 83 language(s) loaded.
(/usr/local/texlive/2016/texmf-dist/tex/latex/base/article.cls
Document Class: article 2014/09/29 v1.4h Standard LaTeX document class
(/usr/local/texlive/2016/texmf-dist/tex/latex/base/size11.clo
File: size11.clo 2014/09/29 v1.4h Standard LaTeX file (size option)
)
\c@part=\count79
\c@section=\count80
\c@subsection=\count81
\c@subsubsection=\count82
\c@paragraph=\count83
\c@subparagraph=\count84
\c@figure=\count85
\c@table=\count86
\abovecaptionskip=\skip41
\belowcaptionskip=\skip42
\bibindent=\dimen102
)
(./smoothing_paper.sty
Package: smoothing_paper 

(/usr/local/texlive/2016/texmf-dist/tex/latex/amsmath/amsmath.sty
Package: amsmath 2016/03/10 v2.15b AMS math features
\@mathmargin=\skip43

For additional information on amsmath, use the `?' option.
(/usr/local/texlive/2016/texmf-dist/tex/latex/amsmath/amstext.sty
Package: amstext 2000/06/29 v2.01 AMS text

(/usr/local/texlive/2016/texmf-dist/tex/latex/amsmath/amsgen.sty
File: amsgen.sty 1999/11/30 v2.0 generic functions
\@emptytoks=\toks14
\ex@=\dimen103
))
(/usr/local/texlive/2016/texmf-dist/tex/latex/amsmath/amsbsy.sty
Package: amsbsy 1999/11/29 v1.2d Bold Symbols
\pmbraise@=\dimen104
)
(/usr/local/texlive/2016/texmf-dist/tex/latex/amsmath/amsopn.sty
Package: amsopn 2016/03/08 v2.02 operator names
)
\inf@bad=\count87
LaTeX Info: Redefining \frac on input line 199.
\uproot@=\count88
\leftroot@=\count89
LaTeX Info: Redefining \overline on input line 297.
\classnum@=\count90
\DOTSCASE@=\count91
LaTeX Info: Redefining \ldots on input line 394.
LaTeX Info: Redefining \dots on input line 397.
LaTeX Info: Redefining \cdots on input line 518.
\Mathstrutbox@=\box26
\strutbox@=\box27
\big@size=\dimen105
LaTeX Font Info:    Redeclaring font encoding OML on input line 634.
LaTeX Font Info:    Redeclaring font encoding OMS on input line 635.
\macc@depth=\count92
\c@MaxMatrixCols=\count93
\dotsspace@=\muskip10
\c@parentequation=\count94
\dspbrk@lvl=\count95
\tag@help=\toks15
\row@=\count96
\column@=\count97
\maxfields@=\count98
\andhelp@=\toks16
\eqnshift@=\dimen106
\alignsep@=\dimen107
\tagshift@=\dimen108
\tagwidth@=\dimen109
\totwidth@=\dimen110
\lineht@=\dimen111
\@envbody=\toks17
\multlinegap=\skip44
\multlinetaggap=\skip45
\mathdisplay@stack=\toks18
LaTeX Info: Redefining \[ on input line 2739.
LaTeX Info: Redefining \] on input line 2740.
)
(/usr/local/texlive/2016/texmf-dist/tex/latex/amscls/amsthm.sty
Package: amsthm 2015/03/04 v2.20.2
\thm@style=\toks19
\thm@bodyfont=\toks20
\thm@headfont=\toks21
\thm@notefont=\toks22
\thm@headpunct=\toks23
\thm@preskip=\skip46
\thm@postskip=\skip47
\thm@headsep=\skip48
\dth@everypar=\toks24
)
(/usr/local/texlive/2016/texmf-dist/tex/latex/amsfonts/amssymb.sty
Package: amssymb 2013/01/14 v3.01 AMS font symbols

(/usr/local/texlive/2016/texmf-dist/tex/latex/amsfonts/amsfonts.sty
Package: amsfonts 2013/01/14 v3.01 Basic AMSFonts support
\symAMSa=\mathgroup4
\symAMSb=\mathgroup5
LaTeX Font Info:    Overwriting math alphabet `\mathfrak' in version `bold'
(Font)                  U/euf/m/n --> U/euf/b/n on input line 106.
))
(/usr/local/texlive/2016/texmf-dist/tex/latex/graphics/graphicx.sty
Package: graphicx 2014/10/28 v1.0g Enhanced LaTeX Graphics (DPC,SPQR)

(/usr/local/texlive/2016/texmf-dist/tex/latex/graphics/keyval.sty
Package: keyval 2014/10/28 v1.15 key=value parser (DPC)
\KV@toks@=\toks25
)
(/usr/local/texlive/2016/texmf-dist/tex/latex/graphics/graphics.sty
Package: graphics 2016/05/09 v1.0r Standard LaTeX Graphics (DPC,SPQR)

(/usr/local/texlive/2016/texmf-dist/tex/latex/graphics/trig.sty
Package: trig 2016/01/03 v1.10 sin cos tan (DPC)
)
(/usr/local/texlive/2016/texmf-dist/tex/latex/graphics-cfg/graphics.cfg
File: graphics.cfg 2016/01/02 v1.10 sample graphics configuration
)
Package graphics Info: Driver file: pdftex.def on input line 96.

(/usr/local/texlive/2016/texmf-dist/tex/latex/pdftex-def/pdftex.def
File: pdftex.def 2011/05/27 v0.06d Graphics/color for pdfTeX

(/usr/local/texlive/2016/texmf-dist/tex/generic/oberdiek/infwarerr.sty
Package: infwarerr 2016/05/16 v1.4 Providing info/warning/error messages (HO)
)
(/usr/local/texlive/2016/texmf-dist/tex/generic/oberdiek/ltxcmds.sty
Package: ltxcmds 2016/05/16 v1.23 LaTeX kernel commands for general use (HO)
)
\Gread@gobject=\count99
))
\Gin@req@height=\dimen112
\Gin@req@width=\dimen113
)
(/usr/local/texlive/2016/texmf-dist/tex/latex/tools/calc.sty
Package: calc 2014/10/28 v4.3 Infix arithmetic (KKT,FJ)
\calc@Acount=\count100
\calc@Bcount=\count101
\calc@Adimen=\dimen114
\calc@Bdimen=\dimen115
\calc@Askip=\skip49
\calc@Bskip=\skip50
LaTeX Info: Redefining \setlength on input line 80.
LaTeX Info: Redefining \addtolength on input line 81.
\calc@Ccount=\count102
\calc@Cskip=\skip51
)
(/usr/local/texlive/2016/texmf-dist/tex/latex/mathtools/mathtools.sty
Package: mathtools 2015/11/12 v1.18 mathematical typesetting tools

(/usr/local/texlive/2016/texmf-dist/tex/latex/mathtools/mhsetup.sty
Package: mhsetup 2010/01/21 v1.2a programming setup (MH)
)
LaTeX Info: Thecontrolsequence`\('isalreadyrobust on input line 129.
LaTeX Info: Thecontrolsequence`\)'isalreadyrobust on input line 129.
LaTeX Info: Thecontrolsequence`\['isalreadyrobust on input line 129.
LaTeX Info: Thecontrolsequence`\]'isalreadyrobust on input line 129.
\g_MT_multlinerow_int=\count103
\l_MT_multwidth_dim=\dimen116
\origjot=\skip52
\l_MT_shortvdotswithinadjustabove_dim=\dimen117
\l_MT_shortvdotswithinadjustbelow_dim=\dimen118
\l_MT_above_intertext_sep=\dimen119
\l_MT_below_intertext_sep=\dimen120
\l_MT_above_shortintertext_sep=\dimen121
\l_MT_below_shortintertext_sep=\dimen122
)
(/usr/local/texlive/2016/texmf-dist/tex/latex/enumitem/enumitem.sty
Package: enumitem 2011/09/28 v3.5.2 Customized lists
\labelindent=\skip53
\enit@outerparindent=\dimen123
\enit@toks=\toks26
\enit@inbox=\box28
\enitdp@description=\count104
)
(/usr/local/texlive/2016/texmf-dist/tex/generic/oberdiek/ifpdf.sty
Package: ifpdf 2016/05/14 v3.1 Provides the ifpdf switch
)
(/usr/local/texlive/2016/texmf-dist/tex/latex/base/ifthen.sty
Package: ifthen 2014/09/29 v1.1c Standard LaTeX ifthen package (DPC)
)
(/usr/local/texlive/2016/texmf-dist/tex/latex/braket/braket.sty)
(/usr/local/texlive/2016/texmf-dist/tex/latex/xcolor/xcolor.sty
Package: xcolor 2016/05/11 v2.12 LaTeX color extensions (UK)

(/usr/local/texlive/2016/texmf-dist/tex/latex/graphics-cfg/color.cfg
File: color.cfg 2016/01/02 v1.6 sample color configuration
)
Package xcolor Info: Driver file: pdftex.def on input line 225.
Package xcolor Info: Model `cmy' substituted by `cmy0' on input line 1348.
Package xcolor Info: Model `hsb' substituted by `rgb' on input line 1352.
Package xcolor Info: Model `RGB' extended on input line 1364.
Package xcolor Info: Model `HTML' substituted by `rgb' on input line 1366.
Package xcolor Info: Model `Hsb' substituted by `hsb' on input line 1367.
Package xcolor Info: Model `tHsb' substituted by `hsb' on input line 1368.
Package xcolor Info: Model `HSB' substituted by `hsb' on input line 1369.
Package xcolor Info: Model `Gray' substituted by `gray' on input line 1370.
Package xcolor Info: Model `wave' substituted by `hsb' on input line 1371.
)
(/usr/local/texlive/2016/texmf-dist/tex/generic/xypic/xy.sty
(/usr/local/texlive/2016/texmf-dist/tex/generic/xypic/xy.tex Bootstrap'ing:
catcodes, docmode,
(/usr/local/texlive/2016/texmf-dist/tex/generic/xypic/xyrecat.tex)
(/usr/local/texlive/2016/texmf-dist/tex/generic/xypic/xyidioms.tex)

 Xy-pic version 3.8.9 <2013/10/06>
 Copyright (c) 1991-2013 by Kristoffer H. Rose <krisrose@tug.org> and others
 Xy-pic is free software: see the User's Guide for details.

Loading kernel: messages; fonts; allocations: state,
\X@c=\dimen124
\Y@c=\dimen125
\U@c=\dimen126
\D@c=\dimen127
\L@c=\dimen128
\R@c=\dimen129
\Edge@c=\toks27
\X@p=\dimen130
\Y@p=\dimen131
\U@p=\dimen132
\D@p=\dimen133
\L@p=\dimen134
\R@p=\dimen135
\Edge@p=\toks28
\X@origin=\dimen136
\Y@origin=\dimen137
\X@xbase=\dimen138
\Y@xbase=\dimen139
\X@ybase=\dimen140
\Y@ybase=\dimen141
\X@min=\dimen142
\Y@min=\dimen143
\X@max=\dimen144
\Y@max=\dimen145
\lastobjectbox@=\box29
\zerodotbox@=\box30
\almostz@=\dimen146
 direction,
\d@X=\dimen147
\d@Y=\dimen148
\K@=\count105
\KK@=\count106
\Direction=\count107
\K@dXdY=\dimen149
\K@dYdX=\dimen150
\xyread@=\read1
\xywrite@=\write3
\csp@=\count108
\quotPTK@=\dimen151

utility macros; pictures: \xy, positions,
\swaptoks@@=\toks29
\connectobjectbox@@=\box31
 objects,
\styletoks@=\toks30
 decorations;
kernel objects: directionals, circles, text; options; algorithms: directions,
edges, connections;  Xy-pic loaded)
Package: xy 2013/10/06 Xy-pic version 3.8.9

(/usr/local/texlive/2016/texmf-dist/tex/generic/xypic/xyall.tex
 Xy-pic option: All features v.3.8
(/usr/local/texlive/2016/texmf-dist/tex/generic/xypic/xycurve.tex
 Xy-pic option: Curve and Spline extension v.3.12 curve,
\crv@cnt@=\count109
\crvpts@=\toks31
\splinebox@=\box32
\splineval@=\dimen152
\splinedepth@=\dimen153
\splinetol@=\dimen154
\splinelength@=\dimen155
 circles,
\L@=\dimen156
 loaded)
(/usr/local/texlive/2016/texmf-dist/tex/generic/xypic/xyframe.tex
 Xy-pic option: Frame and Bracket extension v.3.14 loaded)
(/usr/local/texlive/2016/texmf-dist/tex/generic/xypic/xycmtip.tex
 Xy-pic option: Computer Modern tip extension v.3.7
(/usr/local/texlive/2016/texmf-dist/tex/generic/xypic/xytips.tex
 Xy-pic option: More Tips extension v.3.11 loaded) loaded)
(/usr/local/texlive/2016/texmf-dist/tex/generic/xypic/xyline.tex
 Xy-pic option: Line styles extension v.3.10
\xylinethick@=\dimen157
 loaded)
(/usr/local/texlive/2016/texmf-dist/tex/generic/xypic/xyrotate.tex
 Xy-pic option: Rotate and Scale extension v.3.8 loaded)
(/usr/local/texlive/2016/texmf-dist/tex/generic/xypic/xycolor.tex
 Xy-pic option: Colour extension v.3.11 loaded)
(/usr/local/texlive/2016/texmf-dist/tex/generic/xypic/xymatrix.tex
 Xy-pic option: Matrix feature v.3.14
\Row=\count110
\Col=\count111
\queue@=\toks32
\queue@@=\toks33
\qcount@=\count112
\qcount@@=\count113
\matrixsize@=\count114
 loaded)
(/usr/local/texlive/2016/texmf-dist/tex/generic/xypic/xyarrow.tex
 Xy-pic option: Arrow and Path feature v.3.9 path, \ar, loaded)
(/usr/local/texlive/2016/texmf-dist/tex/generic/xypic/xygraph.tex
 Xy-pic option: Graph feature v.3.11 loaded) loaded)
(/usr/local/texlive/2016/texmf-dist/tex/generic/xypic/xypdf.tex
 Xy-pic option: PDF driver v.1.7 Xy-pic pdf driver: `color' extension support
(/usr/local/texlive/2016/texmf-dist/tex/generic/xypic/xypdf-co.tex loaded)
Xy-pic pdf driver: `curve' extension support
(/usr/local/texlive/2016/texmf-dist/tex/generic/xypic/xypdf-cu.tex loaded)
Xy-pic pdf driver: `frame' extension support
(/usr/local/texlive/2016/texmf-dist/tex/generic/xypic/xypdf-fr.tex loaded)
Xy-pic pdf driver: `line' extension support
(/usr/local/texlive/2016/texmf-dist/tex/generic/xypic/xypdf-li.tex loaded)
Xy-pic pdf driver: `rotate' extension support
(/usr/local/texlive/2016/texmf-dist/tex/generic/xypic/xypdf-ro.tex loaded)
loaded)) (/usr/local/texlive/2016/texmf-dist/tex/latex/fancyhdr/fancyhdr.sty
\fancy@headwidth=\skip54
\f@ncyO@elh=\skip55
\f@ncyO@erh=\skip56
\f@ncyO@olh=\skip57
\f@ncyO@orh=\skip58
\f@ncyO@elf=\skip59
\f@ncyO@erf=\skip60
\f@ncyO@olf=\skip61
\f@ncyO@orf=\skip62
)
(/usr/local/texlive/2016/texmf-dist/tex/latex/pgf/frontendlayer/tikz.sty
(/usr/local/texlive/2016/texmf-dist/tex/latex/pgf/basiclayer/pgf.sty
(/usr/local/texlive/2016/texmf-dist/tex/latex/pgf/utilities/pgfrcs.sty
(/usr/local/texlive/2016/texmf-dist/tex/generic/pgf/utilities/pgfutil-common.te
x
\pgfutil@everybye=\toks34
\pgfutil@tempdima=\dimen158
\pgfutil@tempdimb=\dimen159

(/usr/local/texlive/2016/texmf-dist/tex/generic/pgf/utilities/pgfutil-common-li
sts.tex))
(/usr/local/texlive/2016/texmf-dist/tex/generic/pgf/utilities/pgfutil-latex.def
\pgfutil@abb=\box33
(/usr/local/texlive/2016/texmf-dist/tex/latex/ms/everyshi.sty
Package: everyshi 2001/05/15 v3.00 EveryShipout Package (MS)
))
(/usr/local/texlive/2016/texmf-dist/tex/generic/pgf/utilities/pgfrcs.code.tex
Package: pgfrcs 2015/08/07 v3.0.1a (rcs-revision 1.31)
))
Package: pgf 2015/08/07 v3.0.1a (rcs-revision 1.15)
(/usr/local/texlive/2016/texmf-dist/tex/latex/pgf/basiclayer/pgfcore.sty
(/usr/local/texlive/2016/texmf-dist/tex/latex/pgf/systemlayer/pgfsys.sty
(/usr/local/texlive/2016/texmf-dist/tex/generic/pgf/systemlayer/pgfsys.code.tex
Package: pgfsys 2014/07/09 v3.0.1a (rcs-revision 1.48)
(/usr/local/texlive/2016/texmf-dist/tex/generic/pgf/utilities/pgfkeys.code.tex
\pgfkeys@pathtoks=\toks35
\pgfkeys@temptoks=\toks36

(/usr/local/texlive/2016/texmf-dist/tex/generic/pgf/utilities/pgfkeysfiltered.c
ode.tex
\pgfkeys@tmptoks=\toks37
))
\pgf@x=\dimen160
\pgf@y=\dimen161
\pgf@xa=\dimen162
\pgf@ya=\dimen163
\pgf@xb=\dimen164
\pgf@yb=\dimen165
\pgf@xc=\dimen166
\pgf@yc=\dimen167
\w@pgf@writea=\write4
\r@pgf@reada=\read2
\c@pgf@counta=\count115
\c@pgf@countb=\count116
\c@pgf@countc=\count117
\c@pgf@countd=\count118
\t@pgf@toka=\toks38
\t@pgf@tokb=\toks39
\t@pgf@tokc=\toks40

(/usr/local/texlive/2016/texmf-dist/tex/generic/pgf/systemlayer/pgf.cfg
File: pgf.cfg 2008/05/14  (rcs-revision 1.7)
)
Driver file for pgf: pgfsys-pdftex.def

(/usr/local/texlive/2016/texmf-dist/tex/generic/pgf/systemlayer/pgfsys-pdftex.d
ef
File: pgfsys-pdftex.def 2014/10/11  (rcs-revision 1.35)

(/usr/local/texlive/2016/texmf-dist/tex/generic/pgf/systemlayer/pgfsys-common-p
df.def
File: pgfsys-common-pdf.def 2013/10/10  (rcs-revision 1.13)
)))
(/usr/local/texlive/2016/texmf-dist/tex/generic/pgf/systemlayer/pgfsyssoftpath.
code.tex
File: pgfsyssoftpath.code.tex 2013/09/09  (rcs-revision 1.9)
\pgfsyssoftpath@smallbuffer@items=\count119
\pgfsyssoftpath@bigbuffer@items=\count120
)
(/usr/local/texlive/2016/texmf-dist/tex/generic/pgf/systemlayer/pgfsysprotocol.
code.tex
File: pgfsysprotocol.code.tex 2006/10/16  (rcs-revision 1.4)
))
(/usr/local/texlive/2016/texmf-dist/tex/generic/pgf/basiclayer/pgfcore.code.tex
Package: pgfcore 2010/04/11 v3.0.1a (rcs-revision 1.7)
(/usr/local/texlive/2016/texmf-dist/tex/generic/pgf/math/pgfmath.code.tex
(/usr/local/texlive/2016/texmf-dist/tex/generic/pgf/math/pgfmathcalc.code.tex
(/usr/local/texlive/2016/texmf-dist/tex/generic/pgf/math/pgfmathutil.code.tex)
(/usr/local/texlive/2016/texmf-dist/tex/generic/pgf/math/pgfmathparser.code.tex
\pgfmath@dimen=\dimen168
\pgfmath@count=\count121
\pgfmath@box=\box34
\pgfmath@toks=\toks41
\pgfmath@stack@operand=\toks42
\pgfmath@stack@operation=\toks43
)
(/usr/local/texlive/2016/texmf-dist/tex/generic/pgf/math/pgfmathfunctions.code.
tex
(/usr/local/texlive/2016/texmf-dist/tex/generic/pgf/math/pgfmathfunctions.basic
.code.tex)
(/usr/local/texlive/2016/texmf-dist/tex/generic/pgf/math/pgfmathfunctions.trigo
nometric.code.tex)
(/usr/local/texlive/2016/texmf-dist/tex/generic/pgf/math/pgfmathfunctions.rando
m.code.tex)
(/usr/local/texlive/2016/texmf-dist/tex/generic/pgf/math/pgfmathfunctions.compa
rison.code.tex)
(/usr/local/texlive/2016/texmf-dist/tex/generic/pgf/math/pgfmathfunctions.base.
code.tex)
(/usr/local/texlive/2016/texmf-dist/tex/generic/pgf/math/pgfmathfunctions.round
.code.tex)
(/usr/local/texlive/2016/texmf-dist/tex/generic/pgf/math/pgfmathfunctions.misc.
code.tex)
(/usr/local/texlive/2016/texmf-dist/tex/generic/pgf/math/pgfmathfunctions.integ
erarithmetics.code.tex)))
(/usr/local/texlive/2016/texmf-dist/tex/generic/pgf/math/pgfmathfloat.code.tex
\c@pgfmathroundto@lastzeros=\count122
))
(/usr/local/texlive/2016/texmf-dist/tex/generic/pgf/basiclayer/pgfcorepoints.co
de.tex
File: pgfcorepoints.code.tex 2013/10/07  (rcs-revision 1.27)
\pgf@picminx=\dimen169
\pgf@picmaxx=\dimen170
\pgf@picminy=\dimen171
\pgf@picmaxy=\dimen172
\pgf@pathminx=\dimen173
\pgf@pathmaxx=\dimen174
\pgf@pathminy=\dimen175
\pgf@pathmaxy=\dimen176
\pgf@xx=\dimen177
\pgf@xy=\dimen178
\pgf@yx=\dimen179
\pgf@yy=\dimen180
\pgf@zx=\dimen181
\pgf@zy=\dimen182
)
(/usr/local/texlive/2016/texmf-dist/tex/generic/pgf/basiclayer/pgfcorepathconst
ruct.code.tex
File: pgfcorepathconstruct.code.tex 2013/10/07  (rcs-revision 1.29)
\pgf@path@lastx=\dimen183
\pgf@path@lasty=\dimen184
)
(/usr/local/texlive/2016/texmf-dist/tex/generic/pgf/basiclayer/pgfcorepathusage
.code.tex
File: pgfcorepathusage.code.tex 2014/11/02  (rcs-revision 1.24)
\pgf@shorten@end@additional=\dimen185
\pgf@shorten@start@additional=\dimen186
)
(/usr/local/texlive/2016/texmf-dist/tex/generic/pgf/basiclayer/pgfcorescopes.co
de.tex
File: pgfcorescopes.code.tex 2015/05/08  (rcs-revision 1.46)
\pgfpic=\box35
\pgf@hbox=\box36
\pgf@layerbox@main=\box37
\pgf@picture@serial@count=\count123
)
(/usr/local/texlive/2016/texmf-dist/tex/generic/pgf/basiclayer/pgfcoregraphicst
ate.code.tex
File: pgfcoregraphicstate.code.tex 2014/11/02  (rcs-revision 1.12)
\pgflinewidth=\dimen187
)
(/usr/local/texlive/2016/texmf-dist/tex/generic/pgf/basiclayer/pgfcoretransform
ations.code.tex
File: pgfcoretransformations.code.tex 2015/08/07  (rcs-revision 1.20)
\pgf@pt@x=\dimen188
\pgf@pt@y=\dimen189
\pgf@pt@temp=\dimen190
)
(/usr/local/texlive/2016/texmf-dist/tex/generic/pgf/basiclayer/pgfcorequick.cod
e.tex
File: pgfcorequick.code.tex 2008/10/09  (rcs-revision 1.3)
)
(/usr/local/texlive/2016/texmf-dist/tex/generic/pgf/basiclayer/pgfcoreobjects.c
ode.tex
File: pgfcoreobjects.code.tex 2006/10/11  (rcs-revision 1.2)
)
(/usr/local/texlive/2016/texmf-dist/tex/generic/pgf/basiclayer/pgfcorepathproce
ssing.code.tex
File: pgfcorepathprocessing.code.tex 2013/09/09  (rcs-revision 1.9)
)
(/usr/local/texlive/2016/texmf-dist/tex/generic/pgf/basiclayer/pgfcorearrows.co
de.tex
File: pgfcorearrows.code.tex 2015/05/14  (rcs-revision 1.43)
\pgfarrowsep=\dimen191
)
(/usr/local/texlive/2016/texmf-dist/tex/generic/pgf/basiclayer/pgfcoreshade.cod
e.tex
File: pgfcoreshade.code.tex 2013/07/15  (rcs-revision 1.15)
\pgf@max=\dimen192
\pgf@sys@shading@range@num=\count124
)
(/usr/local/texlive/2016/texmf-dist/tex/generic/pgf/basiclayer/pgfcoreimage.cod
e.tex
File: pgfcoreimage.code.tex 2013/07/15  (rcs-revision 1.18)

(/usr/local/texlive/2016/texmf-dist/tex/generic/pgf/basiclayer/pgfcoreexternal.
code.tex
File: pgfcoreexternal.code.tex 2014/07/09  (rcs-revision 1.21)
\pgfexternal@startupbox=\box38
))
(/usr/local/texlive/2016/texmf-dist/tex/generic/pgf/basiclayer/pgfcorelayers.co
de.tex
File: pgfcorelayers.code.tex 2013/07/18  (rcs-revision 1.7)
)
(/usr/local/texlive/2016/texmf-dist/tex/generic/pgf/basiclayer/pgfcoretranspare
ncy.code.tex
File: pgfcoretransparency.code.tex 2013/09/30  (rcs-revision 1.5)
)
(/usr/local/texlive/2016/texmf-dist/tex/generic/pgf/basiclayer/pgfcorepatterns.
code.tex
File: pgfcorepatterns.code.tex 2013/11/07  (rcs-revision 1.5)
)))
(/usr/local/texlive/2016/texmf-dist/tex/generic/pgf/modules/pgfmoduleshapes.cod
e.tex
File: pgfmoduleshapes.code.tex 2014/03/21  (rcs-revision 1.35)
\pgfnodeparttextbox=\box39
)
(/usr/local/texlive/2016/texmf-dist/tex/generic/pgf/modules/pgfmoduleplot.code.
tex
File: pgfmoduleplot.code.tex 2015/08/03  (rcs-revision 1.13)
)
(/usr/local/texlive/2016/texmf-dist/tex/latex/pgf/compatibility/pgfcomp-version
-0-65.sty
Package: pgfcomp-version-0-65 2007/07/03 v3.0.1a (rcs-revision 1.7)
\pgf@nodesepstart=\dimen193
\pgf@nodesepend=\dimen194
)
(/usr/local/texlive/2016/texmf-dist/tex/latex/pgf/compatibility/pgfcomp-version
-1-18.sty
Package: pgfcomp-version-1-18 2007/07/23 v3.0.1a (rcs-revision 1.1)
))
(/usr/local/texlive/2016/texmf-dist/tex/latex/pgf/utilities/pgffor.sty
(/usr/local/texlive/2016/texmf-dist/tex/latex/pgf/utilities/pgfkeys.sty
(/usr/local/texlive/2016/texmf-dist/tex/generic/pgf/utilities/pgfkeys.code.tex)
) (/usr/local/texlive/2016/texmf-dist/tex/latex/pgf/math/pgfmath.sty
(/usr/local/texlive/2016/texmf-dist/tex/generic/pgf/math/pgfmath.code.tex))
(/usr/local/texlive/2016/texmf-dist/tex/generic/pgf/utilities/pgffor.code.tex
Package: pgffor 2013/12/13 v3.0.1a (rcs-revision 1.25)

(/usr/local/texlive/2016/texmf-dist/tex/generic/pgf/math/pgfmath.code.tex)
\pgffor@iter=\dimen195
\pgffor@skip=\dimen196
\pgffor@stack=\toks44
\pgffor@toks=\toks45
))
(/usr/local/texlive/2016/texmf-dist/tex/generic/pgf/frontendlayer/tikz/tikz.cod
e.tex
Package: tikz 2015/08/07 v3.0.1a (rcs-revision 1.151)

(/usr/local/texlive/2016/texmf-dist/tex/generic/pgf/libraries/pgflibraryplothan
dlers.code.tex
File: pgflibraryplothandlers.code.tex 2013/08/31 v3.0.1a (rcs-revision 1.20)
\pgf@plot@mark@count=\count125
\pgfplotmarksize=\dimen197
)
\tikz@lastx=\dimen198
\tikz@lasty=\dimen199
\tikz@lastxsaved=\dimen256
\tikz@lastysaved=\dimen257
\tikzleveldistance=\dimen258
\tikzsiblingdistance=\dimen259
\tikz@figbox=\box40
\tikz@figbox@bg=\box41
\tikz@tempbox=\box42
\tikz@tempbox@bg=\box43
\tikztreelevel=\count126
\tikznumberofchildren=\count127
\tikznumberofcurrentchild=\count128
\tikz@fig@count=\count129

(/usr/local/texlive/2016/texmf-dist/tex/generic/pgf/modules/pgfmodulematrix.cod
e.tex
File: pgfmodulematrix.code.tex 2013/09/17  (rcs-revision 1.8)
\pgfmatrixcurrentrow=\count130
\pgfmatrixcurrentcolumn=\count131
\pgf@matrix@numberofcolumns=\count132
)
\tikz@expandcount=\count133

(/usr/local/texlive/2016/texmf-dist/tex/generic/pgf/frontendlayer/tikz/librarie
s/tikzlibrarytopaths.code.tex
File: tikzlibrarytopaths.code.tex 2008/06/17 v3.0.1a (rcs-revision 1.2)
)))
(/usr/local/texlive/2016/texmf-dist/tex/latex/todonotes/todonotes.sty
Package: todonotes 2015/07/09 .dtx Todonotes source and documentation.
Package: todonotes 2012/07/25

(/usr/local/texlive/2016/texmf-dist/tex/latex/xkeyval/xkeyval.sty
Package: xkeyval 2014/12/03 v2.7a package option processing (HA)

(/usr/local/texlive/2016/texmf-dist/tex/generic/xkeyval/xkeyval.tex
(/usr/local/texlive/2016/texmf-dist/tex/generic/xkeyval/xkvutils.tex
\XKV@toks=\toks46
\XKV@tempa@toks=\toks47
)
\XKV@depth=\count134
File: xkeyval.tex 2014/12/03 v2.7a key=value parser (HA)
))
(/usr/local/texlive/2016/texmf-dist/tex/generic/pgf/frontendlayer/tikz/librarie
s/tikzlibrarypositioning.code.tex
File: tikzlibrarypositioning.code.tex 2008/10/06 v3.0.1a (rcs-revision 1.7)
)
\c@@todonotes@numberoftodonotes=\count135
)
(/usr/local/texlive/2016/texmf-dist/tex/latex/doublestroke/dsfont.sty
Package: dsfont 1995/08/01 v0.1 Double stroke roman fonts
)
(/usr/local/texlive/2016/texmf-dist/tex/latex/caption/subcaption.sty
Package: subcaption 2016/02/20 v1.1-142 Sub-captions (AR)

(/usr/local/texlive/2016/texmf-dist/tex/latex/caption/caption.sty
Package: caption 2016/02/21 v3.3-144 Customizing captions (AR)

(/usr/local/texlive/2016/texmf-dist/tex/latex/caption/caption3.sty
Package: caption3 2016/02/04 v1.7-139 caption3 kernel (AR)
Package caption3 Info: TeX engine: e-TeX on input line 67.
\captionmargin=\dimen260
\captionmargin@=\dimen261
\captionwidth=\dimen262
\caption@tempdima=\dimen263
\caption@indent=\dimen264
\caption@parindent=\dimen265
\caption@hangindent=\dimen266
)
\c@ContinuedFloat=\count136
)
\c@subfigure=\count137
\c@subtable=\count138
)
(/usr/local/texlive/2016/texmf-dist/tex/latex/sidecap/sidecap.sty
Package: sidecap 2003/06/06 v1.6f SideCap Package (RN/HjG)
\SC@BOXWD=\dimen267
\SC@CAPWD=\dimen268
\SC@tempdima=\dimen269
\SC@tempdimb=\dimen270
\c@SC@C=\count139
\SC@BOX=\box44
)
(/usr/local/texlive/2016/texmf-dist/tex/latex/hyperref/hyperref.sty
Package: hyperref 2016/05/05 v6.83n Hypertext links for LaTeX

(/usr/local/texlive/2016/texmf-dist/tex/generic/oberdiek/hobsub-hyperref.sty
Package: hobsub-hyperref 2016/05/16 v1.14 Bundle oberdiek, subset hyperref (HO)


(/usr/local/texlive/2016/texmf-dist/tex/generic/oberdiek/hobsub-generic.sty
Package: hobsub-generic 2016/05/16 v1.14 Bundle oberdiek, subset generic (HO)
Package: hobsub 2016/05/16 v1.14 Construct package bundles (HO)
Package hobsub Info: Skipping package `infwarerr' (already loaded).
Package hobsub Info: Skipping package `ltxcmds' (already loaded).
Package: ifluatex 2016/05/16 v1.4 Provides the ifluatex switch (HO)
Package ifluatex Info: LuaTeX not detected.
Package: ifvtex 2016/05/16 v1.6 Detect VTeX and its facilities (HO)
Package ifvtex Info: VTeX not detected.
Package: intcalc 2016/05/16 v1.2 Expandable calculations with integers (HO)
Package hobsub Info: Skipping package `ifpdf' (already loaded).
Package: etexcmds 2016/05/16 v1.6 Avoid name clashes with e-TeX commands (HO)
Package etexcmds Info: Could not find \expanded.
(etexcmds)             That can mean that you are not using pdfTeX 1.50 or
(etexcmds)             that some package has redefined \expanded.
(etexcmds)             In the latter case, load this package earlier.
Package: kvsetkeys 2016/05/16 v1.17 Key value parser (HO)
Package: kvdefinekeys 2016/05/16 v1.4 Define keys (HO)
Package: pdftexcmds 2016/05/10 v0.21 Utility functions of pdfTeX for LuaTeX (HO
)
Package pdftexcmds Info: LuaTeX not detected.
Package pdftexcmds Info: \pdf@primitive is available.
Package pdftexcmds Info: \pdf@ifprimitive is available.
Package pdftexcmds Info: \pdfdraftmode found.
Package: pdfescape 2016/05/16 v1.14 Implements pdfTeX's escape features (HO)
Package: bigintcalc 2016/05/16 v1.4 Expandable calculations on big integers (HO
)
Package: bitset 2016/05/16 v1.2 Handle bit-vector datatype (HO)
Package: uniquecounter 2016/05/16 v1.3 Provide unlimited unique counter (HO)
)
Package hobsub Info: Skipping package `hobsub' (already loaded).
Package: letltxmacro 2016/05/16 v1.5 Let assignment for LaTeX macros (HO)
Package: hopatch 2016/05/16 v1.3 Wrapper for package hooks (HO)
Package: xcolor-patch 2016/05/16 xcolor patch
Package: atveryend 2016/05/16 v1.9 Hooks at the very end of document (HO)
Package atveryend Info: \enddocument detected (standard20110627).
Package: atbegshi 2016/05/16 v1.17 At begin shipout hook (HO)
Package: refcount 2016/05/16 v3.5 Data extraction from label references (HO)
Package: hycolor 2016/05/16 v1.8 Color options for hyperref/bookmark (HO)
)
(/usr/local/texlive/2016/texmf-dist/tex/generic/ifxetex/ifxetex.sty
Package: ifxetex 2010/09/12 v0.6 Provides ifxetex conditional
)
(/usr/local/texlive/2016/texmf-dist/tex/latex/oberdiek/auxhook.sty
Package: auxhook 2016/05/16 v1.4 Hooks for auxiliary files (HO)
)
(/usr/local/texlive/2016/texmf-dist/tex/latex/oberdiek/kvoptions.sty
Package: kvoptions 2016/05/16 v3.12 Key value format for package options (HO)
)
\@linkdim=\dimen271
\Hy@linkcounter=\count140
\Hy@pagecounter=\count141

(/usr/local/texlive/2016/texmf-dist/tex/latex/hyperref/pd1enc.def
File: pd1enc.def 2016/05/05 v6.83n Hyperref: PDFDocEncoding definition (HO)
)
\Hy@SavedSpaceFactor=\count142

(/usr/local/texlive/2016/texmf-dist/tex/latex/latexconfig/hyperref.cfg
File: hyperref.cfg 2002/06/06 v1.2 hyperref configuration of TeXLive
)
Package hyperref Info: Hyper figures OFF on input line 4446.
Package hyperref Info: Link nesting OFF on input line 4451.
Package hyperref Info: Hyper index ON on input line 4454.
Package hyperref Info: Plain pages OFF on input line 4461.
Package hyperref Info: Backreferencing OFF on input line 4466.
Package hyperref Info: Implicit mode ON; LaTeX internals redefined.
Package hyperref Info: Bookmarks ON on input line 4691.
\c@Hy@tempcnt=\count143

(/usr/local/texlive/2016/texmf-dist/tex/latex/url/url.sty
\Urlmuskip=\muskip11
Package: url 2013/09/16  ver 3.4  Verb mode for urls, etc.
)
LaTeX Info: Redefining \url on input line 5044.
\XeTeXLinkMargin=\dimen272
\Fld@menulength=\count144
\Field@Width=\dimen273
\Fld@charsize=\dimen274
Package hyperref Info: Hyper figures OFF on input line 6298.
Package hyperref Info: Link nesting OFF on input line 6303.
Package hyperref Info: Hyper index ON on input line 6306.
Package hyperref Info: backreferencing OFF on input line 6313.
Package hyperref Info: Link coloring OFF on input line 6318.
Package hyperref Info: Link coloring with OCG OFF on input line 6323.
Package hyperref Info: PDF/A mode OFF on input line 6328.
LaTeX Info: Redefining \ref on input line 6368.
LaTeX Info: Redefining \pageref on input line 6372.
\Hy@abspage=\count145
\c@Item=\count146
\c@Hfootnote=\count147
)

Package hyperref Message: Driver: hpdftex.

(/usr/local/texlive/2016/texmf-dist/tex/latex/hyperref/hpdftex.def
File: hpdftex.def 2016/05/05 v6.83n Hyperref driver for pdfTeX
\Fld@listcount=\count148
\c@bookmark@seq@number=\count149

(/usr/local/texlive/2016/texmf-dist/tex/latex/oberdiek/rerunfilecheck.sty
Package: rerunfilecheck 2016/05/16 v1.8 Rerun checks for auxiliary files (HO)
Package uniquecounter Info: New unique counter `rerunfilecheck' on input line 2
82.
)
\Hy@SectionHShift=\skip63
)
Package hyperref Info: Option `plainpages' set `false' on input line 23.
Package hyperref Info: Option `unicode' set `true' on input line 23.

(/usr/local/texlive/2016/texmf-dist/tex/latex/hyperref/puenc.def
File: puenc.def 2016/05/05 v6.83n Hyperref: PDF Unicode definition (HO)
)
Package hyperref Info: Option `pdffitwindow' set `true' on input line 23.

(/usr/local/texlive/2016/texmf-dist/tex/latex/algorithms/algorithm.sty
Package: algorithm 2009/08/24 v0.1 Document Style `algorithm' - floating enviro
nment

(/usr/local/texlive/2016/texmf-dist/tex/latex/float/float.sty
Package: float 2001/11/08 v1.3d Float enhancements (AL)
\c@float@type=\count150
\float@exts=\toks48
\float@box=\box45
\@float@everytoks=\toks49
\@floatcapt=\box46
)
\@float@every@algorithm=\toks50
\c@algorithm=\count151
)
(/usr/local/texlive/2016/texmf-dist/tex/latex/algorithmicx/algpseudocode.sty
Package: algpseudocode 

(/usr/local/texlive/2016/texmf-dist/tex/latex/algorithmicx/algorithmicx.sty
Package: algorithmicx 2005/04/27 v1.2 Algorithmicx

Document Style algorithmicx 1.2 - a greatly improved `algorithmic' style
\c@ALG@line=\count152
\c@ALG@rem=\count153
\c@ALG@nested=\count154
\ALG@tlm=\skip64
\ALG@thistlm=\skip65
\c@ALG@Lnr=\count155
\c@ALG@blocknr=\count156
\c@ALG@storecount=\count157
\c@ALG@tmpcounter=\count158
\ALG@tmplength=\skip66
)
Document Style - pseudocode environments for use with the `algorithmicx' style
)
\c@theorem=\count159
\c@question=\count160
 (/usr/local/texlive/2016/texmf-dist/tex/latex/chngcntr/chngcntr.sty
Package: chngcntr 2009/09/02 v1.0a change counter resetting
))
(/usr/local/texlive/2016/texmf-dist/tex/latex/placeins/placeins.sty
Package: placeins 2005/04/18  v 2.2
)
(/usr/local/texlive/2016/texmf-dist/tex/latex/tools/tabularx.sty
Package: tabularx 2016/02/03 v2.11 `tabularx' package (DPC)

(/usr/local/texlive/2016/texmf-dist/tex/latex/tools/array.sty
Package: array 2014/10/28 v2.4c Tabular extension package (FMi)
\col@sep=\dimen275
\extrarowheight=\dimen276
\NC@list=\toks51
\extratabsurround=\skip67
\backup@length=\skip68
)
\TX@col@width=\dimen277
\TX@old@table=\dimen278
\TX@old@col=\dimen279
\TX@target=\dimen280
\TX@delta=\dimen281
\TX@cols=\count161
\TX@ftn=\toks52
)
(/usr/local/texlive/2016/texmf-dist/tex/latex/ms/ragged2e.sty
Package: ragged2e 2009/05/21 v2.1 ragged2e Package (MS)

(/usr/local/texlive/2016/texmf-dist/tex/latex/ms/everysel.sty
Package: everysel 2011/10/28 v1.2 EverySelectfont Package (MS)
)
\CenteringLeftskip=\skip69
\RaggedLeftLeftskip=\skip70
\RaggedRightLeftskip=\skip71
\CenteringRightskip=\skip72
\RaggedLeftRightskip=\skip73
\RaggedRightRightskip=\skip74
\CenteringParfillskip=\skip75
\RaggedLeftParfillskip=\skip76
\RaggedRightParfillskip=\skip77
\JustifyingParfillskip=\skip78
\CenteringParindent=\skip79
\RaggedLeftParindent=\skip80
\RaggedRightParindent=\skip81
\JustifyingParindent=\skip82
)
(/usr/local/texlive/2016/texmf-dist/tex/latex/booktabs/booktabs.sty
Package: booktabs 2016/04/27 v1.618033 publication quality tables
\heavyrulewidth=\dimen282
\lightrulewidth=\dimen283
\cmidrulewidth=\dimen284
\belowrulesep=\dimen285
\belowbottomsep=\dimen286
\aboverulesep=\dimen287
\abovetopsep=\dimen288
\cmidrulesep=\dimen289
\cmidrulekern=\dimen290
\defaultaddspace=\dimen291
\@cmidla=\count162
\@cmidlb=\count163
\@aboverulesep=\dimen292
\@belowrulesep=\dimen293
\@thisruleclass=\count164
\@lastruleclass=\count165
\@thisrulewidth=\dimen294
)
(./rBergomi_manuscript.aux

LaTeX Warning: Label `fig:sub3' multiply defined.


LaTeX Warning: Label `sub@fig:sub3' multiply defined.


LaTeX Warning: Label `fig:sub4' multiply defined.


LaTeX Warning: Label `sub@fig:sub4' multiply defined.


LaTeX Warning: Label `fig:sub3' multiply defined.


LaTeX Warning: Label `sub@fig:sub3' multiply defined.


LaTeX Warning: Label `fig:sub4' multiply defined.


LaTeX Warning: Label `sub@fig:sub4' multiply defined.


LaTeX Warning: Label `fig:1' multiply defined.


LaTeX Warning: Label `sub@fig:1' multiply defined.


LaTeX Warning: Label `fig:2' multiply defined.


LaTeX Warning: Label `sub@fig:2' multiply defined.


LaTeX Warning: Label `fig:3' multiply defined.


LaTeX Warning: Label `sub@fig:3' multiply defined.

)
\openout1 = `rBergomi_manuscript.aux'.

LaTeX Font Info:    Checking defaults for OML/cmm/m/it on input line 87.
LaTeX Font Info:    ... okay on input line 87.
LaTeX Font Info:    Checking defaults for T1/cmr/m/n on input line 87.
LaTeX Font Info:    ... okay on input line 87.
LaTeX Font Info:    Checking defaults for OT1/cmr/m/n on input line 87.
LaTeX Font Info:    ... okay on input line 87.
LaTeX Font Info:    Checking defaults for OMS/cmsy/m/n on input line 87.
LaTeX Font Info:    ... okay on input line 87.
LaTeX Font Info:    Checking defaults for OMX/cmex/m/n on input line 87.
LaTeX Font Info:    ... okay on input line 87.
LaTeX Font Info:    Checking defaults for U/cmr/m/n on input line 87.
LaTeX Font Info:    ... okay on input line 87.
LaTeX Font Info:    Checking defaults for PD1/pdf/m/n on input line 87.
LaTeX Font Info:    ... okay on input line 87.
LaTeX Font Info:    Checking defaults for PU/pdf/m/n on input line 87.
LaTeX Font Info:    ... okay on input line 87.
 (/usr/local/texlive/2016/texmf-dist/tex/context/base/mkii/supp-pdf.mkii
[Loading MPS to PDF converter (version 2006.09.02).]
\scratchcounter=\count166
\scratchdimen=\dimen295
\scratchbox=\box47
\nofMPsegments=\count167
\nofMParguments=\count168
\everyMPshowfont=\toks53
\MPscratchCnt=\count169
\MPscratchDim=\dimen296
\MPnumerator=\count170
\makeMPintoPDFobject=\count171
\everyMPtoPDFconversion=\toks54
) (/usr/local/texlive/2016/texmf-dist/tex/latex/oberdiek/epstopdf-base.sty
Package: epstopdf-base 2016/05/15 v2.6 Base part for package epstopdf

(/usr/local/texlive/2016/texmf-dist/tex/latex/oberdiek/grfext.sty
Package: grfext 2016/05/16 v1.2 Manage graphics extensions (HO)
)
Package grfext Info: Graphics extension search list:
(grfext)             [.png,.pdf,.jpg,.mps,.jpeg,.jbig2,.jb2,.PNG,.PDF,.JPG,.JPE
G,.JBIG2,.JB2,.eps]
(grfext)             \AppendGraphicsExtensions on input line 456.

(/usr/local/texlive/2016/texmf-dist/tex/latex/latexconfig/epstopdf-sys.cfg
File: epstopdf-sys.cfg 2010/07/13 v1.3 Configuration of (r)epstopdf for TeX Liv
e
))
LaTeX Font Info:    Try loading font information for U+msa on input line 87.

(/usr/local/texlive/2016/texmf-dist/tex/latex/amsfonts/umsa.fd
File: umsa.fd 2013/01/14 v3.01 AMS symbols A
)
LaTeX Font Info:    Try loading font information for U+msb on input line 87.

(/usr/local/texlive/2016/texmf-dist/tex/latex/amsfonts/umsb.fd
File: umsb.fd 2013/01/14 v3.01 AMS symbols B
)
Package xypdf Info: Line width: 0.43799pt on input line 87.

ABD: EveryShipout initializing macros
Package caption Info: Begin \AtBeginDocument code.
Package caption Info: float package is loaded.
Package caption Info: hyperref package is loaded.
Package caption Info: sidecap package is loaded.
Package caption Info: End \AtBeginDocument code.
\AtBeginShipoutBox=\box48
Package hyperref Info: Link coloring OFF on input line 87.

(/usr/local/texlive/2016/texmf-dist/tex/latex/hyperref/nameref.sty
Package: nameref 2012/10/27 v2.43 Cross-referencing by name of section

(/usr/local/texlive/2016/texmf-dist/tex/generic/oberdiek/gettitlestring.sty
Package: gettitlestring 2016/05/16 v1.5 Cleanup title references (HO)
)
\c@section@level=\count172
)
LaTeX Info: Redefining \ref on input line 87.
LaTeX Info: Redefining \pageref on input line 87.
LaTeX Info: Redefining \nameref on input line 87.

(./rBergomi_manuscript.out) (./rBergomi_manuscript.out)
\@outlinefile=\write5
\openout5 = `rBergomi_manuscript.out'.


ABD: EverySelectfont initializing macros
LaTeX Info: Redefining \selectfont on input line 87.
LaTeX Font Info:    Try loading font information for OMS+cmr on input line 90.

(/usr/local/texlive/2016/texmf-dist/tex/latex/base/omscmr.fd
File: omscmr.fd 2014/09/29 v2.5h Standard LaTeX font definitions
)
LaTeX Font Info:    Font shape `OMS/cmr/m/n' in size <8> not available
(Font)              Font shape `OMS/cmsy/m/n' tried instead on input line 90.
LaTeX Font Info:    Font shape `OMS/cmr/m/n' in size <6> not available
(Font)              Font shape `OMS/cmsy/m/n' tried instead on input line 90.
 (./abstract.tex)
(./introduction.tex [1

{/usr/local/texlive/2016/texmf-var/fonts/map/pdftex/updmap/pdftex.map}] [2]) (.
/problem_setting.tex [3] [4]
Overfull \hbox (12.65475pt too wide) in paragraph at lines 70--70
[] 
 []

[5]
Package epstopdf Info: Source file: <./figures/rBergomi_weak_error_rates/withou
t_richardson/H_007/weak_convergence_order_Bergomi_H_007_K_1_M_4_10_6_CI_relativ
e_hybrid_non_hierarchical_non_parallel_asymptotic.eps>
(epstopdf)                    date: 2019-03-19 06:55:26
(epstopdf)                    size: 51388 bytes
(epstopdf)             Output file: <./figures/rBergomi_weak_error_rates/withou
t_richardson/H_007/weak_convergence_order_Bergomi_H_007_K_1_M_4_10_6_CI_relativ
e_hybrid_non_hierarchical_non_parallel_asymptotic-eps-converted-to.pdf>
(epstopdf)                    date: 2019-03-19 07:03:30
(epstopdf)                    size: 21146 bytes
(epstopdf)             Command: <repstopdf --outfile=./figures/rBergomi_weak_er
ror_rates/without_richardson/H_007/weak_convergence_order_Bergomi_H_007_K_1_M_4
_10_6_CI_relative_hybrid_non_hierarchical_non_parallel_asymptotic-eps-converted
-to.pdf ./figures/rBergomi_weak_error_rates/without_richardson/H_007/weak_conve
rgence_order_Bergomi_H_007_K_1_M_4_10_6_CI_relative_hybrid_non_hierarchical_non
_parallel_asymptotic.eps>
(epstopdf)             \includegraphics on input line 105.
Package epstopdf Info: Output file is already uptodate.

<./figures/rBergomi_weak_error_rates/without_richardson/H_007/weak_convergence_
order_Bergomi_H_007_K_1_M_4_10_6_CI_relative_hybrid_non_hierarchical_non_parall
el_asymptotic-eps-converted-to.pdf, id=168, 578.16pt x 433.62pt>
File: ./figures/rBergomi_weak_error_rates/without_richardson/H_007/weak_converg
ence_order_Bergomi_H_007_K_1_M_4_10_6_CI_relative_hybrid_non_hierarchical_non_p
arallel_asymptotic-eps-converted-to.pdf Graphic file (type pdf)

<use ./figures/rBergomi_weak_error_rates/without_richardson/H_007/weak_converge
nce_order_Bergomi_H_007_K_1_M_4_10_6_CI_relative_hybrid_non_hierarchical_non_pa
rallel_asymptotic-eps-converted-to.pdf>
Package pdftex.def Info: ./figures/rBergomi_weak_error_rates/without_richardson
/H_007/weak_convergence_order_Bergomi_H_007_K_1_M_4_10_6_CI_relative_hybrid_non
_hierarchical_non_parallel_asymptotic-eps-converted-to.pdf used on input line 1
05.
(pdftex.def)             Requested size: 187.89912pt x 140.92482pt.
Package epstopdf Info: Source file: <./figures/rBergomi_weak_error_cholesky/wea
k_convergence_order_Bergomi_H_007_K_1_M_4_10_6_CI_relative_cholesky_non_hierarc
hical_non_parallel_asymptotic.eps>
(epstopdf)                    date: 2019-03-19 06:56:20
(epstopdf)                    size: 48677 bytes
(epstopdf)             Output file: <./figures/rBergomi_weak_error_cholesky/wea
k_convergence_order_Bergomi_H_007_K_1_M_4_10_6_CI_relative_cholesky_non_hierarc
hical_non_parallel_asymptotic-eps-converted-to.pdf>
(epstopdf)                    date: 2019-03-19 07:02:57
(epstopdf)                    size: 21841 bytes
(epstopdf)             Command: <repstopdf --outfile=./figures/rBergomi_weak_er
ror_cholesky/weak_convergence_order_Bergomi_H_007_K_1_M_4_10_6_CI_relative_chol
esky_non_hierarchical_non_parallel_asymptotic-eps-converted-to.pdf ./figures/rB
ergomi_weak_error_cholesky/weak_convergence_order_Bergomi_H_007_K_1_M_4_10_6_CI
_relative_cholesky_non_hierarchical_non_parallel_asymptotic.eps>
(epstopdf)             \includegraphics on input line 111.
Package epstopdf Info: Output file is already uptodate.

<./figures/rBergomi_weak_error_cholesky/weak_convergence_order_Bergomi_H_007_K_
1_M_4_10_6_CI_relative_cholesky_non_hierarchical_non_parallel_asymptotic-eps-co
nverted-to.pdf, id=169, 578.16pt x 433.62pt>
File: ./figures/rBergomi_weak_error_cholesky/weak_convergence_order_Bergomi_H_0
07_K_1_M_4_10_6_CI_relative_cholesky_non_hierarchical_non_parallel_asymptotic-e
ps-converted-to.pdf Graphic file (type pdf)

<use ./figures/rBergomi_weak_error_cholesky/weak_convergence_order_Bergomi_H_00
7_K_1_M_4_10_6_CI_relative_cholesky_non_hierarchical_non_parallel_asymptotic-ep
s-converted-to.pdf>
Package pdftex.def Info: ./figures/rBergomi_weak_error_cholesky/weak_convergenc
e_order_Bergomi_H_007_K_1_M_4_10_6_CI_relative_cholesky_non_hierarchical_non_pa
rallel_asymptotic-eps-converted-to.pdf used on input line 111.
(pdftex.def)             Requested size: 187.89912pt x 140.92482pt.

Overfull \hbox (10.86884pt too wide) in paragraph at lines 125--125
[] 
 []

[6 <./figures/rBergomi_weak_error_rates/without_richardson/H_007/weak_convergen
ce_order_Bergomi_H_007_K_1_M_4_10_6_CI_relative_hybrid_non_hierarchical_non_par
allel_asymptotic-eps-converted-to.pdf> <./figures/rBergomi_weak_error_cholesky/
weak_convergence_order_Bergomi_H_007_K_1_M_4_10_6_CI_relative_cholesky_non_hier
archical_non_parallel_asymptotic-eps-converted-to.pdf>])
(./Weak_error_analysis.tex
Overfull \hbox (29.88206pt too wide) in paragraph at lines 19--19
[] 
 []

) (./our_approach_details.tex [7]
LaTeX Font Info:    Font shape `OMS/cmr/m/n' in size <10.95> not available
(Font)              Font shape `OMS/cmsy/m/n' tried instead on input line 3.

Overfull \hbox (7.78812pt too wide) in paragraph at lines 13--13
[] 
 []

[8] [9] <./figures/MISC_construction/1.png, id=348, 298.11375pt x 333.245pt>
File: ./figures/MISC_construction/1.png Graphic file (type png)

<use ./figures/MISC_construction/1.png>
Package pdftex.def Info: ./figures/MISC_construction/1.png used on input line 1
06.
(pdftex.def)             Requested size: 77.50641pt x 86.63657pt.

<./figures/MISC_construction/2.png, id=349, 296.10625pt x 330.23375pt>
File: ./figures/MISC_construction/2.png Graphic file (type png)

<use ./figures/MISC_construction/2.png>
Package pdftex.def Info: ./figures/MISC_construction/2.png used on input line 1
11.
(pdftex.def)             Requested size: 77.50641pt x 86.43822pt.

<./figures/MISC_construction/3.png, id=350, 303.1325pt x 333.245pt>
File: ./figures/MISC_construction/3.png Graphic file (type png)

<use ./figures/MISC_construction/3.png>
Package pdftex.def Info: ./figures/MISC_construction/3.png used on input line 1
16.
(pdftex.def)             Requested size: 77.50641pt x 85.20262pt.

<./figures/MISC_construction/4.png, id=351, 310.15875pt x 334.24875pt>
File: ./figures/MISC_construction/4.png Graphic file (type png)

<use ./figures/MISC_construction/4.png>
Package pdftex.def Info: ./figures/MISC_construction/4.png used on input line 1
22.
(pdftex.def)             Requested size: 77.50641pt x 83.52628pt.

<./figures/MISC_construction/5.png, id=352, 309.155pt x 330.23375pt>
File: ./figures/MISC_construction/5.png Graphic file (type png)

<use ./figures/MISC_construction/5.png>
Package pdftex.def Info: ./figures/MISC_construction/5.png used on input line 1
27.
(pdftex.def)             Requested size: 77.50641pt x 82.79001pt.

<./figures/MISC_construction/6.png, id=353, 312.16624pt x 330.23375pt>
File: ./figures/MISC_construction/6.png Graphic file (type png)

<use ./figures/MISC_construction/6.png>
Package pdftex.def Info: ./figures/MISC_construction/6.png used on input line 1
32.
(pdftex.def)             Requested size: 77.50641pt x 81.98882pt.
 [10]
Package epstopdf Info: Source file: <./figures/rBergomi_mixed_error_rates/witho
ut_change_measure/N_4/H_002/first_difference_rbergomi_4steps_H_002_K_1_totally_
hierarch_with_rate_W1.eps>
(epstopdf)                    date: 2018-12-17 20:41:29
(epstopdf)                    size: 33216 bytes
(epstopdf)             Output file: <./figures/rBergomi_mixed_error_rates/witho
ut_change_measure/N_4/H_002/first_difference_rbergomi_4steps_H_002_K_1_totally_
hierarch_with_rate_W1-eps-converted-to.pdf>
(epstopdf)                    date: 2018-12-17 20:42:52
(epstopdf)                    size: 18415 bytes
(epstopdf)             Command: <repstopdf --outfile=./figures/rBergomi_mixed_e
rror_rates/without_change_measure/N_4/H_002/first_difference_rbergomi_4steps_H_
002_K_1_totally_hierarch_with_rate_W1-eps-converted-to.pdf ./figures/rBergomi_m
ixed_error_rates/without_change_measure/N_4/H_002/first_difference_rbergomi_4st
eps_H_002_K_1_totally_hierarch_with_rate_W1.eps>
(epstopdf)             \includegraphics on input line 152.
Package epstopdf Info: Output file is already uptodate.

<./figures/rBergomi_mixed_error_rates/without_change_measure/N_4/H_002/first_di
fference_rbergomi_4steps_H_002_K_1_totally_hierarch_with_rate_W1-eps-converted-
to.pdf, id=370, 462.72874pt x 346.29375pt>
File: ./figures/rBergomi_mixed_error_rates/without_change_measure/N_4/H_002/fir
st_difference_rbergomi_4steps_H_002_K_1_totally_hierarch_with_rate_W1-eps-conve
rted-to.pdf Graphic file (type pdf)

<use ./figures/rBergomi_mixed_error_rates/without_change_measure/N_4/H_002/firs
t_difference_rbergomi_4steps_H_002_K_1_totally_hierarch_with_rate_W1-eps-conver
ted-to.pdf>
Package pdftex.def Info: ./figures/rBergomi_mixed_error_rates/without_change_me
asure/N_4/H_002/first_difference_rbergomi_4steps_H_002_K_1_totally_hierarch_wit
h_rate_W1-eps-converted-to.pdf used on input line 152.
(pdftex.def)             Requested size: 187.89912pt x 140.61807pt.
Package epstopdf Info: Source file: <./figures/rBergomi_mixed_error_rates/witho
ut_change_measure/N_4/H_002/first_difference_rbergomi_4steps_H_002_K_1_totally_
hierarch_with_rate_W2.eps>
(epstopdf)                    date: 2018-12-17 20:41:55
(epstopdf)                    size: 32626 bytes
(epstopdf)             Output file: <./figures/rBergomi_mixed_error_rates/witho
ut_change_measure/N_4/H_002/first_difference_rbergomi_4steps_H_002_K_1_totally_
hierarch_with_rate_W2-eps-converted-to.pdf>
(epstopdf)                    date: 2018-12-17 20:42:53
(epstopdf)                    size: 18412 bytes
(epstopdf)             Command: <repstopdf --outfile=./figures/rBergomi_mixed_e
rror_rates/without_change_measure/N_4/H_002/first_difference_rbergomi_4steps_H_
002_K_1_totally_hierarch_with_rate_W2-eps-converted-to.pdf ./figures/rBergomi_m
ixed_error_rates/without_change_measure/N_4/H_002/first_difference_rbergomi_4st
eps_H_002_K_1_totally_hierarch_with_rate_W2.eps>
(epstopdf)             \includegraphics on input line 158.
Package epstopdf Info: Output file is already uptodate.

<./figures/rBergomi_mixed_error_rates/without_change_measure/N_4/H_002/first_di
fference_rbergomi_4steps_H_002_K_1_totally_hierarch_with_rate_W2-eps-converted-
to.pdf, id=371, 462.72874pt x 346.29375pt>
File: ./figures/rBergomi_mixed_error_rates/without_change_measure/N_4/H_002/fir
st_difference_rbergomi_4steps_H_002_K_1_totally_hierarch_with_rate_W2-eps-conve
rted-to.pdf Graphic file (type pdf)

<use ./figures/rBergomi_mixed_error_rates/without_change_measure/N_4/H_002/firs
t_difference_rbergomi_4steps_H_002_K_1_totally_hierarch_with_rate_W2-eps-conver
ted-to.pdf>
Package pdftex.def Info: ./figures/rBergomi_mixed_error_rates/without_change_me
asure/N_4/H_002/first_difference_rbergomi_4steps_H_002_K_1_totally_hierarch_wit
h_rate_W2-eps-converted-to.pdf used on input line 158.
(pdftex.def)             Requested size: 187.89912pt x 140.61807pt.
Package epstopdf Info: Source file: <./figures/rBergomi_mixed_error_rates/witho
ut_change_measure/N_4/H_002/mixed_difference_order2_rbergomi_4steps_H_002_K_1_t
otally_hierarch_with_rate_W1.eps>
(epstopdf)                    date: 2018-12-17 20:41:34
(epstopdf)                    size: 29282 bytes
(epstopdf)             Output file: <./figures/rBergomi_mixed_error_rates/witho
ut_change_measure/N_4/H_002/mixed_difference_order2_rbergomi_4steps_H_002_K_1_t
otally_hierarch_with_rate_W1-eps-converted-to.pdf>
(epstopdf)                    date: 2018-12-17 20:42:53
(epstopdf)                    size: 18085 bytes
(epstopdf)             Command: <repstopdf --outfile=./figures/rBergomi_mixed_e
rror_rates/without_change_measure/N_4/H_002/mixed_difference_order2_rbergomi_4s
teps_H_002_K_1_totally_hierarch_with_rate_W1-eps-converted-to.pdf ./figures/rBe
rgomi_mixed_error_rates/without_change_measure/N_4/H_002/mixed_difference_order
2_rbergomi_4steps_H_002_K_1_totally_hierarch_with_rate_W1.eps>
(epstopdf)             \includegraphics on input line 174.
Package epstopdf Info: Output file is already uptodate.

<./figures/rBergomi_mixed_error_rates/without_change_measure/N_4/H_002/mixed_di
fference_order2_rbergomi_4steps_H_002_K_1_totally_hierarch_with_rate_W1-eps-con
verted-to.pdf, id=376, 462.72874pt x 346.29375pt>
File: ./figures/rBergomi_mixed_error_rates/without_change_measure/N_4/H_002/mix
ed_difference_order2_rbergomi_4steps_H_002_K_1_totally_hierarch_with_rate_W1-ep
s-converted-to.pdf Graphic file (type pdf)

<use ./figures/rBergomi_mixed_error_rates/without_change_measure/N_4/H_002/mixe
d_difference_order2_rbergomi_4steps_H_002_K_1_totally_hierarch_with_rate_W1-eps
-converted-to.pdf>
Package pdftex.def Info: ./figures/rBergomi_mixed_error_rates/without_change_me
asure/N_4/H_002/mixed_difference_order2_rbergomi_4steps_H_002_K_1_totally_hiera
rch_with_rate_W1-eps-converted-to.pdf used on input line 174.
(pdftex.def)             Requested size: 187.89912pt x 140.61807pt.
Package epstopdf Info: Source file: <./figures/rBergomi_mixed_error_rates/witho
ut_change_measure/N_4/H_002/mixed_difference_order2_rbergomi_4steps_H_002_K_1_t
otally_hierarch_with_rate_W2.eps>
(epstopdf)                    date: 2018-12-17 20:41:35
(epstopdf)                    size: 32117 bytes
(epstopdf)             Output file: <./figures/rBergomi_mixed_error_rates/witho
ut_change_measure/N_4/H_002/mixed_difference_order2_rbergomi_4steps_H_002_K_1_t
otally_hierarch_with_rate_W2-eps-converted-to.pdf>
(epstopdf)                    date: 2018-12-17 20:42:54
(epstopdf)                    size: 18301 bytes
(epstopdf)             Command: <repstopdf --outfile=./figures/rBergomi_mixed_e
rror_rates/without_change_measure/N_4/H_002/mixed_difference_order2_rbergomi_4s
teps_H_002_K_1_totally_hierarch_with_rate_W2-eps-converted-to.pdf ./figures/rBe
rgomi_mixed_error_rates/without_change_measure/N_4/H_002/mixed_difference_order
2_rbergomi_4steps_H_002_K_1_totally_hierarch_with_rate_W2.eps>
(epstopdf)             \includegraphics on input line 180.
Package epstopdf Info: Output file is already uptodate.

<./figures/rBergomi_mixed_error_rates/without_change_measure/N_4/H_002/mixed_di
fference_order2_rbergomi_4steps_H_002_K_1_totally_hierarch_with_rate_W2-eps-con
verted-to.pdf, id=377, 462.72874pt x 346.29375pt>
File: ./figures/rBergomi_mixed_error_rates/without_change_measure/N_4/H_002/mix
ed_difference_order2_rbergomi_4steps_H_002_K_1_totally_hierarch_with_rate_W2-ep
s-converted-to.pdf Graphic file (type pdf)

<use ./figures/rBergomi_mixed_error_rates/without_change_measure/N_4/H_002/mixe
d_difference_order2_rbergomi_4steps_H_002_K_1_totally_hierarch_with_rate_W2-eps
-converted-to.pdf>
Package pdftex.def Info: ./figures/rBergomi_mixed_error_rates/without_change_me
asure/N_4/H_002/mixed_difference_order2_rbergomi_4steps_H_002_K_1_totally_hiera
rch_with_rate_W2-eps-converted-to.pdf used on input line 180.
(pdftex.def)             Requested size: 187.89912pt x 140.61807pt.


LaTeX Warning: `!h' float specifier changed to `!ht'.

[11 <./figures/MISC_construction/1.png> <./figures/MISC_construction/2.png> <./
figures/MISC_construction/3.png> <./figures/MISC_construction/4.png> <./figures
/MISC_construction/5.png> <./figures/MISC_construction/6.png> <./figures/rBergo
mi_mixed_error_rates/without_change_measure/N_4/H_002/first_difference_rbergomi
_4steps_H_002_K_1_totally_hierarch_with_rate_W1-eps-converted-to.pdf> <./figure
s/rBergomi_mixed_error_rates/without_change_measure/N_4/H_002/first_difference_
rbergomi_4steps_H_002_K_1_totally_hierarch_with_rate_W2-eps-converted-to.pdf>]
(./QMC.tex [12 <./figures/rBergomi_mixed_error_rates/without_change_measure/N_4
/H_002/mixed_difference_order2_rbergomi_4steps_H_002_K_1_totally_hierarch_with_
rate_W1-eps-converted-to.pdf> <./figures/rBergomi_mixed_error_rates/without_cha
nge_measure/N_4/H_002/mixed_difference_order2_rbergomi_4steps_H_002_K_1_totally
_hierarch_with_rate_W2-eps-converted-to.pdf>]) [13]) (./numerical_section.tex

LaTeX Warning: `!h' float specifier changed to `!ht'.

[14]
Package epstopdf Info: Source file: <./figures/rBergomi_weak_error_rates/withou
t_richardson/H_007/weak_convergence_order_Bergomi_H_007_K_1_M_10_6_CI_relative.
eps>
(epstopdf)                    date: 2018-10-27 10:15:27
(epstopdf)                    size: 25054 bytes
(epstopdf)             Output file: <./figures/rBergomi_weak_error_rates/withou
t_richardson/H_007/weak_convergence_order_Bergomi_H_007_K_1_M_10_6_CI_relative-
eps-converted-to.pdf>
(epstopdf)                    date: 2018-10-27 10:21:10
(epstopdf)                    size: 15123 bytes
(epstopdf)             Command: <repstopdf --outfile=./figures/rBergomi_weak_er
ror_rates/without_richardson/H_007/weak_convergence_order_Bergomi_H_007_K_1_M_1
0_6_CI_relative-eps-converted-to.pdf ./figures/rBergomi_weak_error_rates/withou
t_richardson/H_007/weak_convergence_order_Bergomi_H_007_K_1_M_10_6_CI_relative.
eps>
(epstopdf)             \includegraphics on input line 32.
Package epstopdf Info: Output file is already uptodate.

<./figures/rBergomi_weak_error_rates/without_richardson/H_007/weak_convergence_
order_Bergomi_H_007_K_1_M_10_6_CI_relative-eps-converted-to.pdf, id=622, 462.72
874pt x 346.29375pt>
File: ./figures/rBergomi_weak_error_rates/without_richardson/H_007/weak_converg
ence_order_Bergomi_H_007_K_1_M_10_6_CI_relative-eps-converted-to.pdf Graphic fi
le (type pdf)

<use ./figures/rBergomi_weak_error_rates/without_richardson/H_007/weak_converge
nce_order_Bergomi_H_007_K_1_M_10_6_CI_relative-eps-converted-to.pdf>
Package pdftex.def Info: ./figures/rBergomi_weak_error_rates/without_richardson
/H_007/weak_convergence_order_Bergomi_H_007_K_1_M_10_6_CI_relative-eps-converte
d-to.pdf used on input line 32.
(pdftex.def)             Requested size: 187.89912pt x 140.61807pt.

<./figures/rBergomi_weak_error_rates/with_richardson/H_007/weak_convergence_ord
er_Bergomi_H_007_K_1_richardson_relative_M_10_6.pdf, id=623, 462.72874pt x 346.
29375pt>
File: ./figures/rBergomi_weak_error_rates/with_richardson/H_007/weak_convergenc
e_order_Bergomi_H_007_K_1_richardson_relative_M_10_6.pdf Graphic file (type pdf
)

<use ./figures/rBergomi_weak_error_rates/with_richardson/H_007/weak_convergence
_order_Bergomi_H_007_K_1_richardson_relative_M_10_6.pdf>
Package pdftex.def Info: ./figures/rBergomi_weak_error_rates/with_richardson/H_
007/weak_convergence_order_Bergomi_H_007_K_1_richardson_relative_M_10_6.pdf use
d on input line 38.
(pdftex.def)             Requested size: 187.89912pt x 140.61807pt.
 [15 <./figures/rBergomi_weak_error_rates/without_richardson/H_007/weak_converg
ence_order_Bergomi_H_007_K_1_M_10_6_CI_relative-eps-converted-to.pdf> <./figure
s/rBergomi_weak_error_rates/with_richardson/H_007/weak_convergence_order_Bergom
i_H_007_K_1_richardson_relative_M_10_6.pdf>] [16]
Package epstopdf Info: Source file: <./figures/rBergomi_Complexity_rates/set2/e
rror_vs_time_set2_MC_comparison.eps>
(epstopdf)                    date: 2019-06-23 19:28:44
(epstopdf)                    size: 27925 bytes
(epstopdf)             Output file: <./figures/rBergomi_Complexity_rates/set2/e
rror_vs_time_set2_MC_comparison-eps-converted-to.pdf>
(epstopdf)                    date: 2019-07-09 19:13:59
(epstopdf)                    size: 17691 bytes
(epstopdf)             Command: <repstopdf --outfile=./figures/rBergomi_Complex
ity_rates/set2/error_vs_time_set2_MC_comparison-eps-converted-to.pdf ./figures/
rBergomi_Complexity_rates/set2/error_vs_time_set2_MC_comparison.eps>
(epstopdf)             \includegraphics on input line 537.
Package epstopdf Info: Output file is already uptodate.

<./figures/rBergomi_Complexity_rates/set2/error_vs_time_set2_MC_comparison-eps-
converted-to.pdf, id=703, 462.72874pt x 346.29375pt>
File: ./figures/rBergomi_Complexity_rates/set2/error_vs_time_set2_MC_comparison
-eps-converted-to.pdf Graphic file (type pdf)

<use ./figures/rBergomi_Complexity_rates/set2/error_vs_time_set2_MC_comparison-
eps-converted-to.pdf>
Package pdftex.def Info: ./figures/rBergomi_Complexity_rates/set2/error_vs_time
_set2_MC_comparison-eps-converted-to.pdf used on input line 537.
(pdftex.def)             Requested size: 155.02pt x 116.01044pt.
Package epstopdf Info: Source file: <./figures/rBergomi_Complexity_rates/set2/e
rror_vs_time_set2_QMC_comparison.eps>
(epstopdf)                    date: 2019-06-23 19:40:53
(epstopdf)                    size: 41103 bytes
(epstopdf)             Output file: <./figures/rBergomi_Complexity_rates/set2/e
rror_vs_time_set2_QMC_comparison-eps-converted-to.pdf>
(epstopdf)                    date: 2019-07-09 19:14:00
(epstopdf)                    size: 22689 bytes
(epstopdf)             Command: <repstopdf --outfile=./figures/rBergomi_Complex
ity_rates/set2/error_vs_time_set2_QMC_comparison-eps-converted-to.pdf ./figures
/rBergomi_Complexity_rates/set2/error_vs_time_set2_QMC_comparison.eps>
(epstopdf)             \includegraphics on input line 542.
Package epstopdf Info: Output file is already uptodate.

<./figures/rBergomi_Complexity_rates/set2/error_vs_time_set2_QMC_comparison-eps
-converted-to.pdf, id=704, 462.72874pt x 346.29375pt>
File: ./figures/rBergomi_Complexity_rates/set2/error_vs_time_set2_QMC_compariso
n-eps-converted-to.pdf Graphic file (type pdf)

<use ./figures/rBergomi_Complexity_rates/set2/error_vs_time_set2_QMC_comparison
-eps-converted-to.pdf>
Package pdftex.def Info: ./figures/rBergomi_Complexity_rates/set2/error_vs_time
_set2_QMC_comparison-eps-converted-to.pdf used on input line 542.
(pdftex.def)             Requested size: 155.02pt x 116.01044pt.
Package epstopdf Info: Source file: <./figures/rBergomi_Complexity_rates/set2/e
rror_vs_time_set2_MISC_comparison.eps>
(epstopdf)                    date: 2019-06-23 19:37:09
(epstopdf)                    size: 42083 bytes
(epstopdf)             Output file: <./figures/rBergomi_Complexity_rates/set2/e
rror_vs_time_set2_MISC_comparison-eps-converted-to.pdf>
(epstopdf)                    date: 2019-07-09 19:14:00
(epstopdf)                    size: 22344 bytes
(epstopdf)             Command: <repstopdf --outfile=./figures/rBergomi_Complex
ity_rates/set2/error_vs_time_set2_MISC_comparison-eps-converted-to.pdf ./figure
s/rBergomi_Complexity_rates/set2/error_vs_time_set2_MISC_comparison.eps>
(epstopdf)             \includegraphics on input line 547.
Package epstopdf Info: Output file is already uptodate.

<./figures/rBergomi_Complexity_rates/set2/error_vs_time_set2_MISC_comparison-ep
s-converted-to.pdf, id=705, 462.72874pt x 346.29375pt>
File: ./figures/rBergomi_Complexity_rates/set2/error_vs_time_set2_MISC_comparis
on-eps-converted-to.pdf Graphic file (type pdf)

<use ./figures/rBergomi_Complexity_rates/set2/error_vs_time_set2_MISC_compariso
n-eps-converted-to.pdf>
Package pdftex.def Info: ./figures/rBergomi_Complexity_rates/set2/error_vs_time
_set2_MISC_comparison-eps-converted-to.pdf used on input line 547.
(pdftex.def)             Requested size: 155.02pt x 116.01044pt.
Package epstopdf Info: Source file: <./figures/rBergomi_Complexity_rates/set2/e
rror_vs_time_set2_full_comparison.eps>
(epstopdf)                    date: 2019-06-23 19:49:07
(epstopdf)                    size: 44932 bytes
(epstopdf)             Output file: <./figures/rBergomi_Complexity_rates/set2/e
rror_vs_time_set2_full_comparison-eps-converted-to.pdf>
(epstopdf)                    date: 2019-07-09 19:14:01
(epstopdf)                    size: 21651 bytes
(epstopdf)             Command: <repstopdf --outfile=./figures/rBergomi_Complex
ity_rates/set2/error_vs_time_set2_full_comparison-eps-converted-to.pdf ./figure
s/rBergomi_Complexity_rates/set2/error_vs_time_set2_full_comparison.eps>
(epstopdf)             \includegraphics on input line 561.
Package epstopdf Info: Output file is already uptodate.

<./figures/rBergomi_Complexity_rates/set2/error_vs_time_set2_full_comparison-ep
s-converted-to.pdf, id=709, 462.72874pt x 346.29375pt>
File: ./figures/rBergomi_Complexity_rates/set2/error_vs_time_set2_full_comparis
on-eps-converted-to.pdf Graphic file (type pdf)

<use ./figures/rBergomi_Complexity_rates/set2/error_vs_time_set2_full_compariso
n-eps-converted-to.pdf>
Package pdftex.def Info: ./figures/rBergomi_Complexity_rates/set2/error_vs_time
_set2_full_comparison-eps-converted-to.pdf used on input line 561.
(pdftex.def)             Requested size: 187.89912pt x 140.61807pt.


LaTeX Warning: `!h' float specifier changed to `!ht'.

[17 <./figures/rBergomi_Complexity_rates/set2/error_vs_time_set2_MC_comparison-
eps-converted-to.pdf> <./figures/rBergomi_Complexity_rates/set2/error_vs_time_s
et2_QMC_comparison-eps-converted-to.pdf> <./figures/rBergomi_Complexity_rates/s
et2/error_vs_time_set2_MISC_comparison-eps-converted-to.pdf>]
Package epstopdf Info: Source file: <./figures/rBergomi_Complexity_rates/set5/e
rror_vs_time_set5_full_comparison.eps>
(epstopdf)                    date: 2019-05-31 21:19:14
(epstopdf)                    size: 35303 bytes
(epstopdf)             Output file: <./figures/rBergomi_Complexity_rates/set5/e
rror_vs_time_set5_full_comparison-eps-converted-to.pdf>
(epstopdf)                    date: 2019-05-31 21:20:40
(epstopdf)                    size: 19993 bytes
(epstopdf)             Command: <repstopdf --outfile=./figures/rBergomi_Complex
ity_rates/set5/error_vs_time_set5_full_comparison-eps-converted-to.pdf ./figure
s/rBergomi_Complexity_rates/set5/error_vs_time_set5_full_comparison.eps>
(epstopdf)             \includegraphics on input line 577.
Package epstopdf Info: Output file is already uptodate.

<./figures/rBergomi_Complexity_rates/set5/error_vs_time_set5_full_comparison-ep
s-converted-to.pdf, id=849, 462.72874pt x 346.29375pt>
File: ./figures/rBergomi_Complexity_rates/set5/error_vs_time_set5_full_comparis
on-eps-converted-to.pdf Graphic file (type pdf)

<use ./figures/rBergomi_Complexity_rates/set5/error_vs_time_set5_full_compariso
n-eps-converted-to.pdf>
Package pdftex.def Info: ./figures/rBergomi_Complexity_rates/set5/error_vs_time
_set5_full_comparison-eps-converted-to.pdf used on input line 577.
(pdftex.def)             Requested size: 187.89912pt x 140.61807pt.
 [18 <./figures/rBergomi_Complexity_rates/set2/error_vs_time_set2_full_comparis
on-eps-converted-to.pdf> <./figures/rBergomi_Complexity_rates/set5/error_vs_tim
e_set5_full_comparison-eps-converted-to.pdf>]
Package epstopdf Info: Source file: <./figures/rBergomi_Complexity_rates/set6/e
rror_vs_time_set6_full_comparison.eps>
(epstopdf)                    date: 2019-05-31 21:33:49
(epstopdf)                    size: 33676 bytes
(epstopdf)             Output file: <./figures/rBergomi_Complexity_rates/set6/e
rror_vs_time_set6_full_comparison-eps-converted-to.pdf>
(epstopdf)                    date: 2019-05-31 21:35:00
(epstopdf)                    size: 20263 bytes
(epstopdf)             Command: <repstopdf --outfile=./figures/rBergomi_Complex
ity_rates/set6/error_vs_time_set6_full_comparison-eps-converted-to.pdf ./figure
s/rBergomi_Complexity_rates/set6/error_vs_time_set6_full_comparison.eps>
(epstopdf)             \includegraphics on input line 591.
Package epstopdf Info: Output file is already uptodate.

<./figures/rBergomi_Complexity_rates/set6/error_vs_time_set6_full_comparison-ep
s-converted-to.pdf, id=944, 462.72874pt x 346.29375pt>
File: ./figures/rBergomi_Complexity_rates/set6/error_vs_time_set6_full_comparis
on-eps-converted-to.pdf Graphic file (type pdf)

<use ./figures/rBergomi_Complexity_rates/set6/error_vs_time_set6_full_compariso
n-eps-converted-to.pdf>
Package pdftex.def Info: ./figures/rBergomi_Complexity_rates/set6/error_vs_time
_set6_full_comparison-eps-converted-to.pdf used on input line 591.
(pdftex.def)             Requested size: 187.89912pt x 140.61807pt.
Package epstopdf Info: Source file: <./figures/rBergomi_Complexity_rates/set7/e
rror_vs_time_set7_full_comparison.eps>
(epstopdf)                    date: 2019-05-31 21:48:18
(epstopdf)                    size: 33455 bytes
(epstopdf)             Output file: <./figures/rBergomi_Complexity_rates/set7/e
rror_vs_time_set7_full_comparison-eps-converted-to.pdf>
(epstopdf)                    date: 2019-05-31 21:49:51
(epstopdf)                    size: 19630 bytes
(epstopdf)             Command: <repstopdf --outfile=./figures/rBergomi_Complex
ity_rates/set7/error_vs_time_set7_full_comparison-eps-converted-to.pdf ./figure
s/rBergomi_Complexity_rates/set7/error_vs_time_set7_full_comparison.eps>
(epstopdf)             \includegraphics on input line 604.
Package epstopdf Info: Output file is already uptodate.

<./figures/rBergomi_Complexity_rates/set7/error_vs_time_set7_full_comparison-ep
s-converted-to.pdf, id=952, 462.72874pt x 346.29375pt>
File: ./figures/rBergomi_Complexity_rates/set7/error_vs_time_set7_full_comparis
on-eps-converted-to.pdf Graphic file (type pdf)

<use ./figures/rBergomi_Complexity_rates/set7/error_vs_time_set7_full_compariso
n-eps-converted-to.pdf>
Package pdftex.def Info: ./figures/rBergomi_Complexity_rates/set7/error_vs_time
_set7_full_comparison-eps-converted-to.pdf used on input line 604.
(pdftex.def)             Requested size: 187.89912pt x 140.61807pt.


LaTeX Warning: `!h' float specifier changed to `!ht'.

[19 <./figures/rBergomi_Complexity_rates/set6/error_vs_time_set6_full_compariso
n-eps-converted-to.pdf>]) (./Conclusion.tex) [20 <./figures/rBergomi_Complexity
_rates/set7/error_vs_time_set7_full_comparison-eps-converted-to.pdf>]
(./rBergomi_manuscript.bbl
Missing character: There is no  in font cmr10!
Missing character: There is no  in font cmr10!
Missing character: There is no  in font cmr10!
 [21] [22]) (./appendix.tex

LaTeX Warning: `!h' float specifier changed to `!ht'.

[23]

LaTeX Warning: `!h' float specifier changed to `!ht'.

[24]

LaTeX Warning: `!h' float specifier changed to `!ht'.

[25]

LaTeX Warning: `!h' float specifier changed to `!ht'.

[26])
Package atveryend Info: Empty hook `BeforeClearDocument' on input line 176.
 [27]
Package atveryend Info: Empty hook `AfterLastShipout' on input line 176.
 (./rBergomi_manuscript.aux)
Package atveryend Info: Executing hook `AtVeryEndDocument' on input line 176.
Package atveryend Info: Executing hook `AtEndAfterFileList' on input line 176.
Package rerunfilecheck Info: File `rBergomi_manuscript.out' has not changed.
(rerunfilecheck)             Checksum: 832BF3243045248A94A9EB233E730353;1030.


LaTeX Warning: There were multiply-defined labels.

Package atveryend Info: Empty hook `AtVeryVeryEnd' on input line 176.
 ) 
Here is how much of TeX's memory you used:
 25816 strings out of 493014
 450746 string characters out of 6133351
 549417 words of memory out of 5000000
 28686 multiletter control sequences out of 15000+600000
 22168 words of font info for 86 fonts, out of 8000000 for 9000
 1141 hyphenation exceptions out of 8191
 66i,14n,96p,3252b,561s stack positions out of 5000i,500n,10000p,200000b,80000s
</usr/local/texlive/2016/texmf-dist/fonts/type1/public/amsfonts/cm/cmbx10.pfb
></usr/local/texlive/2016/texmf-dist/fonts/type1/public/amsfonts/cm/cmbx12.pfb>
</usr/local/texlive/2016/texmf-dist/fonts/type1/public/amsfonts/cm/cmbx8.pfb></
usr/local/texlive/2016/texmf-dist/fonts/type1/public/amsfonts/cm/cmex10.pfb></u
sr/local/texlive/2016/texmf-dist/fonts/type1/public/amsfonts/cm/cmmi10.pfb></us
r/local/texlive/2016/texmf-dist/fonts/type1/public/amsfonts/cm/cmmi5.pfb></usr/
local/texlive/2016/texmf-dist/fonts/type1/public/amsfonts/cm/cmmi6.pfb></usr/lo
cal/texlive/2016/texmf-dist/fonts/type1/public/amsfonts/cm/cmmi7.pfb></usr/loca
l/texlive/2016/texmf-dist/fonts/type1/public/amsfonts/cm/cmmi8.pfb></usr/local/
texlive/2016/texmf-dist/fonts/type1/public/amsfonts/cm/cmmi9.pfb></usr/local/te
xlive/2016/texmf-dist/fonts/type1/public/amsfonts/cm/cmmib10.pfb></usr/local/te
xlive/2016/texmf-dist/fonts/type1/public/amsfonts/cmextra/cmmib6.pfb></usr/loca
l/texlive/2016/texmf-dist/fonts/type1/public/amsfonts/cmextra/cmmib8.pfb></usr/
local/texlive/2016/texmf-dist/fonts/type1/public/amsfonts/cm/cmr10.pfb></usr/lo
cal/texlive/2016/texmf-dist/fonts/type1/public/amsfonts/cm/cmr12.pfb></usr/loca
l/texlive/2016/texmf-dist/fonts/type1/public/amsfonts/cm/cmr17.pfb></usr/local/
texlive/2016/texmf-dist/fonts/type1/public/amsfonts/cm/cmr6.pfb></usr/local/tex
live/2016/texmf-dist/fonts/type1/public/amsfonts/cm/cmr7.pfb></usr/local/texliv
e/2016/texmf-dist/fonts/type1/public/amsfonts/cm/cmr8.pfb></usr/local/texlive/2
016/texmf-dist/fonts/type1/public/amsfonts/cm/cmr9.pfb></usr/local/texlive/2016
/texmf-dist/fonts/type1/public/amsfonts/cm/cmsy10.pfb></usr/local/texlive/2016/
texmf-dist/fonts/type1/public/amsfonts/cm/cmsy6.pfb></usr/local/texlive/2016/te
xmf-dist/fonts/type1/public/amsfonts/cm/cmsy7.pfb></usr/local/texlive/2016/texm
f-dist/fonts/type1/public/amsfonts/cm/cmsy8.pfb></usr/local/texlive/2016/texmf-
dist/fonts/type1/public/amsfonts/cm/cmsy9.pfb></usr/local/texlive/2016/texmf-di
st/fonts/type1/public/amsfonts/cm/cmti10.pfb></usr/local/texlive/2016/texmf-dis
t/fonts/type1/public/amsfonts/cm/cmti7.pfb></usr/local/texlive/2016/texmf-dist/
fonts/type1/public/amsfonts/cm/cmti8.pfb></usr/local/texlive/2016/texmf-dist/fo
nts/type1/public/amsfonts/cm/cmtt10.pfb></usr/local/texlive/2016/texmf-dist/fon
ts/type1/public/amsfonts/cm/cmtt9.pfb></usr/local/texlive/2016/texmf-dist/fonts
/type1/public/amsfonts/symbols/msbm10.pfb>
Output written on rBergomi_manuscript.pdf (27 pages, 741145 bytes).
PDF statistics:
 1231 PDF objects out of 1440 (max. 8388607)
 652 compressed objects within 7 object streams
 139 named destinations out of 1000 (max. 500000)
 174 words of extra memory for PDF output out of 10000 (max. 10000000)

