\BOOKMARK [1][-]{section.1}{\376\377\000I\000n\000t\000r\000o\000d\000u\000c\000t\000i\000o\000n}{}% 1
\BOOKMARK [1][-]{section.2}{\376\377\000P\000r\000o\000b\000l\000e\000m\000\040\000f\000o\000r\000m\000u\000l\000a\000t\000i\000o\000n\000\040\000a\000n\000d\000\040\000S\000e\000t\000t\000i\000n\000g}{}% 2
\BOOKMARK [2][-]{subsection.2.1}{\376\377\000C\000o\000n\000t\000i\000n\000u\000o\000u\000s\000\040\000t\000i\000m\000e\000\040\000f\000o\000r\000m\000u\000l\000a\000t\000i\000o\000n}{section.2}% 3
\BOOKMARK [3][-]{subsubsection.2.1.1}{\376\377\000F\000i\000r\000s\000t\000\040\000a\000p\000p\000r\000o\000a\000c\000h\000\040\000\050\000B\000r\000u\000t\000a\000l\000\051}{subsection.2.1}% 4
\BOOKMARK [2][-]{subsection.2.2}{\376\377\000D\000i\000s\000c\000r\000e\000t\000e\000\040\000t\000i\000m\000e\000\040\000f\000o\000r\000m\000u\000l\000a\000t\000i\000o\000n}{section.2}% 5
\BOOKMARK [3][-]{subsubsection.2.2.1}{\376\377\000S\000t\000e\000p\000\040\0001\000:\000\040\000N\000u\000m\000e\000r\000i\000c\000a\000l\000\040\000s\000m\000o\000o\000t\000h\000i\000n\000g}{subsection.2.2}% 6
\BOOKMARK [3][-]{subsubsection.2.2.2}{\376\377\000S\000t\000e\000p\000\040\0002\000:\000\040\000I\000n\000t\000e\000g\000r\000a\000t\000i\000o\000n}{subsection.2.2}% 7
\BOOKMARK [1][-]{section.3}{\376\377\000A\000n\000a\000l\000y\000t\000i\000c\000i\000t\000y\000\040\000a\000n\000d\000\040\000S\000m\000o\000o\000t\000h\000n\000e\000s\000s\000\040\000A\000n\000a\000l\000y\000s\000i\000s}{}% 8
\BOOKMARK [2][-]{subsection.3.1}{\376\377\000H\000a\000a\000r\000\040\000c\000o\000n\000s\000t\000r\000u\000c\000t\000i\000o\000n\000\040\000o\000f\000\040\000B\000r\000o\000w\000n\000i\000a\000n\000\040\000m\000o\000t\000i\000o\000n\000\040\000r\000e\000v\000i\000s\000i\000t\000e\000d}{section.3}% 9
\BOOKMARK [2][-]{subsection.3.2}{\376\377\000S\000t\000o\000c\000h\000a\000s\000t\000i\000c\000\040\000d\000i\000f\000f\000e\000r\000e\000n\000t\000i\000a\000l\000\040\000e\000q\000u\000a\000t\000i\000o\000n\000s}{section.3}% 10
\BOOKMARK [1][-]{section.4}{\376\377\000D\000e\000t\000a\000i\000l\000s\000\040\000o\000f\000\040\000o\000u\000r\000\040\000h\000i\000e\000r\000a\000r\000c\000h\000i\000c\000a\000l\000\040\000m\000e\000t\000h\000o\000d}{}% 11
\BOOKMARK [2][-]{subsection.4.1}{\376\377\000A\000d\000a\000p\000t\000i\000v\000e\000\040\000S\000p\000a\000r\000s\000e\000\040\000G\000r\000i\000d\000s}{section.4}% 12
\BOOKMARK [2][-]{subsection.4.2}{\376\377\000B\000r\000o\000w\000n\000i\000a\000n\000\040\000b\000r\000i\000d\000g\000e\000\040\000\050\000B\000b\000\051\000\040\000c\000o\000n\000s\000t\000r\000u\000c\000t\000i\000o\000n}{section.4}% 13
\BOOKMARK [2][-]{subsection.4.3}{\376\377\000R\000i\000c\000h\000a\000r\000d\000s\000o\000n\000\040\000e\000x\000t\000r\000a\000p\000o\000l\000a\000t\000i\000o\000n}{section.4}% 14
\BOOKMARK [2][-]{subsection.4.4}{\376\377\000R\000o\000o\000t\000\040\000F\000i\000n\000d\000i\000n\000g}{section.4}% 15
\BOOKMARK [1][-]{section.5}{\376\377\000E\000r\000r\000o\000r\000\040\000d\000i\000s\000c\000u\000s\000s\000i\000o\000n}{}% 16
\BOOKMARK [2][-]{subsection.5.1}{\376\377\000E\000r\000r\000o\000r\000s\000\040\000i\000n\000\040\000s\000m\000o\000o\000t\000h\000i\000n\000g}{section.5}% 17
\BOOKMARK [1][-]{section.6}{\376\377\000N\000u\000m\000e\000r\000i\000c\000a\000l\000\040\000e\000x\000p\000e\000r\000i\000m\000e\000n\000t\000s\000\040\000f\000o\000r\000\040\000N\000u\000m\000e\000r\000i\000c\000a\000l\000\040\000s\000m\000o\000o\000t\000h\000i\000n\000g\000\040\000w\000i\000t\000h\000\040\000A\000S\000G\000Q}{}% 18
\BOOKMARK [2][-]{subsection.6.1}{\376\377\000O\000p\000t\000i\000o\000n\000s\000\040\000u\000n\000d\000e\000r\000\040\000t\000h\000e\000\040\000d\000i\000s\000c\000r\000e\000t\000i\000z\000e\000d\000\040\000o\000n\000e\000\040\000d\000i\000m\000e\000n\000s\000i\000o\000n\000a\000l\000\040\000G\000B\000M\000\040\000m\000o\000d\000e\000l}{section.6}% 19
\BOOKMARK [3][-]{subsubsection.6.1.1}{\376\377\000D\000e\000t\000e\000r\000m\000i\000n\000i\000n\000g\000\040\000t\000h\000e\000\040\000k\000i\000n\000k\000\040\000l\000o\000c\000a\000t\000i\000o\000n}{subsection.6.1}% 20
\BOOKMARK [3][-]{subsubsection.6.1.2}{\376\377\000R\000e\000s\000u\000l\000t\000s\000\040\000f\000o\000r\000\040\000t\000h\000e\000\040\000s\000i\000n\000g\000l\000e\000\040\000b\000i\000n\000a\000r\000y\000\040\000o\000p\000t\000i\000o\000n\000\040\000u\000n\000d\000e\000r\000\040\000d\000i\000s\000c\000r\000e\000t\000i\000z\000e\000d\000\040\000G\000B\000M\000\040\000m\000o\000d\000e\000l}{subsection.6.1}% 21
\BOOKMARK [3][-]{subsubsection.6.1.3}{\376\377\000R\000e\000s\000u\000l\000t\000s\000\040\000f\000o\000r\000\040\000t\000h\000e\000\040\000s\000i\000n\000g\000l\000e\000\040\000c\000a\000l\000l\000\040\000o\000p\000t\000i\000o\000n\000\040\000e\000x\000a\000m\000p\000l\000e}{subsection.6.1}% 22
\BOOKMARK [2][-]{subsection.6.2}{\376\377\000T\000h\000e\000\040\000b\000a\000s\000k\000e\000t\000\040\000c\000a\000l\000l\000\040\000o\000p\000t\000i\000o\000n\000\040\000u\000n\000d\000e\000r\000\040\000G\000B\000M\000\040\000m\000o\000d\000e\000l}{section.6}% 23
\BOOKMARK [2][-]{subsection.6.3}{\376\377\000d\000=\0002}{section.6}% 24
\BOOKMARK [2][-]{subsection.6.4}{\376\377\000d\000=\0004}{section.6}% 25
\BOOKMARK [1][-]{section.7}{\376\377\000O\000p\000t\000i\000o\000n\000s\000\040\000u\000n\000d\000e\000r\000\040\000t\000h\000e\000\040\000d\000i\000s\000c\000r\000e\000t\000i\000z\000e\000d\000\040\000t\000h\000e\000\040\000H\000e\000s\000t\000o\000n\000\040\000m\000o\000d\000e\000l}{}% 26
\BOOKMARK [2][-]{subsection.7.1}{\376\377\000F\000i\000x\000e\000d\000\040\000E\000u\000l\000e\000r\000\040\000s\000c\000h\000e\000m\000e}{section.7}% 27
\BOOKMARK [2][-]{subsection.7.2}{\376\377\000E\000u\000l\000e\000r\000\040\000s\000c\000h\000e\000m\000e\000s\000\040\000w\000i\000t\000h\000\040\000m\000o\000m\000e\000n\000t\000\040\000m\000a\000t\000c\000h\000i\000n\000g}{section.7}% 28
\BOOKMARK [3][-]{subsubsection.7.2.1}{\376\377\000T\000h\000e\000\040\000A\000B\000R\000\040\000m\000e\000t\000h\000o\000d}{subsection.7.2}% 29
\BOOKMARK [3][-]{subsubsection.7.2.2}{\376\377\000T\000h\000e\000\040\000Q\000E\000\040\000m\000e\000t\000h\000o\000d}{subsection.7.2}% 30
\BOOKMARK [2][-]{subsection.7.3}{\376\377\000K\000a\000h\000l\000-\000J\000a\000c\000k\000e\000l\000\040\000S\000c\000h\000e\000m\000e}{section.7}% 31
\BOOKMARK [2][-]{subsection.7.4}{\376\377\000D\000i\000s\000c\000r\000e\000t\000i\000z\000a\000t\000i\000o\000n\000\040\000o\000f\000\040\000H\000e\000s\000t\000o\000n\000\040\000m\000o\000d\000e\000l\000\040\000w\000i\000t\000h\000\040\000t\000h\000e\000\040\000v\000o\000l\000a\000t\000i\000l\000i\000t\000y\000\040\000p\000r\000o\000c\000e\000s\000s\000\040\000S\000i\000m\000u\000l\000a\000t\000e\000d\000\040\000u\000s\000i\000n\000g\000\040\000t\000h\000e\000\040\000s\000u\000m\000\040\000o\000f\000\040\000O\000r\000n\000s\000t\000e\000i\000n\000-\000U\000h\000l\000e\000n\000b\000e\000c\000k\000\040\000\050\000B\000e\000s\000s\000e\000l\000\051\000\040\000p\000r\000o\000c\000e\000s\000s\000e\000s}{section.7}% 32
\BOOKMARK [2][-]{subsection.7.5}{\376\377\000O\000n\000\040\000t\000h\000e\000\040\000c\000h\000o\000i\000c\000e\000\040\000o\000f\000\040\000t\000h\000e\000\040\000s\000i\000m\000u\000l\000a\000t\000i\000o\000n\000\040\000s\000c\000h\000e\000m\000e\000\040\000o\000f\000\040\000t\000h\000e\000\040\000H\000e\000s\000t\000o\000n\000\040\000m\000o\000d\000e\000l}{section.7}% 33
\BOOKMARK [3][-]{subsubsection.7.5.1}{\376\377\000C\000o\000m\000p\000a\000r\000i\000s\000o\000n\000\040\000i\000n\000\040\000t\000e\000r\000m\000s\000\040\000o\000f\000\040\000m\000i\000x\000e\000d\000\040\000d\000i\000f\000f\000e\000r\000e\000n\000c\000e\000s\000\040\000r\000a\000t\000e\000s}{subsection.7.5}% 34
\BOOKMARK [3][-]{subsubsection.7.5.2}{\376\377\000C\000o\000m\000p\000a\000r\000i\000s\000o\000n\000\040\000i\000n\000\040\000t\000e\000r\000m\000s\000\040\000o\000f\000\040\000t\000h\000e\000\040\000w\000e\000a\000k\000\040\000e\000r\000r\000o\000r\000\040\000b\000e\000h\000a\000v\000i\000o\000r}{subsection.7.5}% 35
\BOOKMARK [3][-]{subsubsection.7.5.3}{\376\377\000C\000o\000n\000c\000l\000u\000s\000i\000o\000n\000\040\000a\000b\000o\000u\000t\000\040\000t\000h\000e\000\040\000c\000h\000o\000s\000e\000n\000\040\000s\000i\000m\000u\000l\000a\000t\000i\000o\000n\000\040\000s\000c\000h\000e\000m\000e\000\040\000u\000s\000e\000d\000\040\000f\000o\000r\000\040\000A\000S\000G\000Q}{subsection.7.5}% 36
\BOOKMARK [2][-]{subsection.7.6}{\376\377\000E\000u\000r\000o\000p\000e\000a\000n\000\040\000c\000a\000l\000l\000\040\000o\000p\000t\000i\000o\000n\000\040\000u\000n\000d\000e\000r\000\040\000t\000h\000e\000\040\000d\000i\000s\000c\000r\000e\000t\000i\000z\000e\000d\000\040\000H\000e\000s\000t\000o\000n\000\040\000m\000o\000d\000e\000l}{section.7}% 37
\BOOKMARK [1][-]{section.8}{\376\377\000N\000u\000m\000e\000r\000i\000c\000a\000l\000\040\000s\000m\000o\000o\000t\000h\000i\000n\000g\000\040\000w\000i\000t\000h\000\040\000M\000L\000M\000C}{}% 38
\BOOKMARK [2][-]{subsection.8.1}{\376\377\000O\000u\000r\000\040\000c\000o\000n\000t\000r\000i\000b\000u\000t\000i\000o\000n\000s\000\040\000t\000o\000\040\000t\000h\000e\000\040\000l\000i\000t\000e\000r\000a\000t\000u\000r\000e}{section.8}% 39
\BOOKMARK [2][-]{subsection.8.2}{\376\377\000M\000L\000M\000C\000\040\000f\000o\000r\000\040\000d\000i\000g\000i\000t\000a\000l\000\040\000o\000p\000t\000i\000o\000n\000s}{section.8}% 40
\BOOKMARK [3][-]{subsubsection.8.2.1}{\376\377\000H\000i\000g\000h\000\040\000k\000u\000r\000t\000o\000s\000i\000s\000\040\000i\000s\000s\000u\000e}{subsection.8.2}% 41
\BOOKMARK [3][-]{subsubsection.8.2.2}{\376\377\000S\000u\000m\000m\000a\000r\000y\000\040\000o\000f\000\040\000r\000e\000s\000u\000l\000t\000s\000\040\000f\000o\000r\000\040\000t\000h\000e\000\040\000d\000i\000g\000i\000t\000a\000l\000\040\000o\000p\000t\000i\000o\000n}{subsection.8.2}% 42
\BOOKMARK [3][-]{subsubsection.8.2.3}{\376\377\000D\000i\000g\000i\000t\000a\000l\000\040\000o\000p\000t\000i\000o\000n\000s\000\040\000u\000n\000d\000e\000r\000\040\000t\000h\000e\000\040\000G\000B\000M\000\040\000m\000o\000d\000e\000l}{subsection.8.2}% 43
\BOOKMARK [3][-]{subsubsection.8.2.4}{\376\377\000D\000i\000g\000i\000t\000a\000l\000\040\000o\000p\000t\000i\000o\000n\000\040\000u\000n\000d\000e\000r\000\040\000t\000h\000e\000\040\000H\000e\000s\000t\000o\000n\000\040\000m\000o\000d\000e\000l}{subsection.8.2}% 44
\BOOKMARK [2][-]{subsection.8.3}{\376\377\000M\000L\000M\000C\000\040\000f\000o\000r\000\040\000a\000p\000p\000r\000o\000x\000i\000m\000a\000t\000i\000n\000g\000\040\000d\000e\000n\000s\000i\000t\000i\000e\000s\000\040\000a\000n\000d\000\040\000G\000r\000e\000e\000k\000s}{section.8}% 45
\BOOKMARK [3][-]{subsubsection.8.3.1}{\376\377\000A\000p\000p\000r\000o\000x\000i\000m\000a\000t\000i\000n\000g\000\040\000d\000e\000n\000s\000i\000t\000y\000\040\000u\000n\000d\000e\000r\000\040\000t\000h\000e\000\040\000G\000B\000M\000\040\000m\000o\000d\000e\000l}{subsection.8.3}% 46
\BOOKMARK [3][-]{subsubsection.8.3.2}{\376\377\000A\000p\000p\000r\000o\000x\000i\000m\000a\000t\000i\000n\000g\000\040\000d\000e\000n\000s\000i\000t\000y\000\040\000u\000n\000d\000e\000r\000\040\000t\000h\000e\000\040\000H\000e\000s\000t\000o\000n\000\040\000m\000o\000d\000e\000l}{subsection.8.3}% 47
