This is pdfTeX, Version 3.14159265-2.6-1.40.17 (TeX Live 2016) (preloaded format=pdflatex 2016.5.22)  8 MAY 2019 11:18
entering extended mode
 restricted \write18 enabled.
 %&-line parsing enabled.
**bergomi_poster.tex
(./bergomi_poster.tex
LaTeX2e <2016/03/31>
Babel <3.9r> and hyphenation patterns for 83 language(s) loaded.
(/usr/local/texlive/2016/texmf-dist/tex/latex/sciposter/sciposter.cls
Document Class: sciposter 2006/05/30 v1.17 scientific poster class (MHFW, AMW)
(/usr/local/texlive/2016/texmf-dist/tex/latex/base/article.cls
Document Class: article 2014/09/29 v1.4h Standard LaTeX document class
(/usr/local/texlive/2016/texmf-dist/tex/latex/base/size10.clo
File: size10.clo 2014/09/29 v1.4h Standard LaTeX file (size option)
)
\c@part=\count79
\c@section=\count80
\c@subsection=\count81
\c@subsubsection=\count82
\c@paragraph=\count83
\c@subparagraph=\count84
\c@figure=\count85
\c@table=\count86
\abovecaptionskip=\skip41
\belowcaptionskip=\skip42
\bibindent=\dimen102
)
(/usr/local/texlive/2016/texmf-dist/tex/latex/base/ifthen.sty
Package: ifthen 2014/09/29 v1.1c Standard LaTeX ifthen package (DPC)
)
(/usr/local/texlive/2016/texmf-dist/tex/latex/lettrine/lettrine.sty
File: lettrine.sty 2015/08/31 v1.9 (Daniel Flipo)

(/usr/local/texlive/2016/texmf-dist/tex/latex/graphics/keyval.sty
Package: keyval 2014/10/28 v1.15 key=value parser (DPC)
\KV@toks@=\toks14
)
\c@DefaultLines=\count87
\c@DefaultDepth=\count88
\DefaultFindent=\dimen103
\DefaultNindent=\dimen104
\DefaultSlope=\dimen105
\DiscardVskip=\dimen106
\L@lbox=\box26
\L@tbox=\box27
\c@L@lines=\count89
\c@L@depth=\count90
\L@Pindent=\dimen107
\L@Findent=\dimen108
\L@Nindent=\dimen109
\L@lraise=\dimen110
\L@first=\dimen111
\L@next=\dimen112
\L@slope=\dimen113
\L@height=\dimen114
\L@novskip=\dimen115
\LettrineWidth=\dimen116
\LettrineHeight=\dimen117
\LettrineDepth=\dimen118

Loading lettrine.cfg
(/usr/local/texlive/2016/texmf-dist/tex/latex/lettrine/lettrine.cfg))
\papermargin=\skip43


Package poster Warning: Unknown option ima on input line 262.

(/usr/local/texlive/2016/texmf-dist/tex/latex/graphics/graphics.sty
Package: graphics 2016/05/09 v1.0r Standard LaTeX Graphics (DPC,SPQR)

(/usr/local/texlive/2016/texmf-dist/tex/latex/graphics/trig.sty
Package: trig 2016/01/03 v1.10 sin cos tan (DPC)
)
(/usr/local/texlive/2016/texmf-dist/tex/latex/graphics-cfg/graphics.cfg
File: graphics.cfg 2016/01/02 v1.10 sample graphics configuration
)
Package graphics Info: Driver file: pdftex.def on input line 96.

(/usr/local/texlive/2016/texmf-dist/tex/latex/pdftex-def/pdftex.def
File: pdftex.def 2011/05/27 v0.06d Graphics/color for pdfTeX

(/usr/local/texlive/2016/texmf-dist/tex/generic/oberdiek/infwarerr.sty
Package: infwarerr 2016/05/16 v1.4 Providing info/warning/error messages (HO)
)
(/usr/local/texlive/2016/texmf-dist/tex/generic/oberdiek/ltxcmds.sty
Package: ltxcmds 2016/05/16 v1.23 LaTeX kernel commands for general use (HO)
)
\Gread@gobject=\count91
))
(/usr/local/texlive/2016/texmf-dist/tex/latex/graphics/color.sty
Package: color 2016/05/09 v1.1c Standard LaTeX Color (DPC)

(/usr/local/texlive/2016/texmf-dist/tex/latex/graphics-cfg/color.cfg
File: color.cfg 2016/01/02 v1.6 sample color configuration
)
Package color Info: Driver file: pdftex.def on input line 144.
)
(/usr/local/texlive/2016/texmf-dist/tex/latex/shadow/shadow.sty
Package: shadow 2003/02/19 v1.3 shadow boxes (M.O.)
\txtwdth=\dimen119
\sht=\dimen120
\shw=\dimen121
\shbox=\box28
\sboxsep=\dimen122
\sboxrule=\dimen123
\sdim=\dimen124
)
(/usr/local/texlive/2016/texmf-dist/tex/latex/a0poster/a0size.sty
File: a0size.sty 2004/01/31 v1.22b a0poster class (GK, MW)
LaTeX Font Info:    Redeclaring symbol font `largesymbols' on input line 229.
LaTeX Font Info:    Overwriting symbol font `largesymbols' in version `normal'
(Font)                  OMX/cmex/m/n --> OMX/cmex/m/n on input line 229.
LaTeX Font Info:    Overwriting symbol font `largesymbols' in version `bold'
(Font)                  OMX/cmex/m/n --> OMX/cmex/m/n on input line 229.
\big@size=\dimen125
)
(/usr/local/texlive/2016/texmf-dist/tex/latex/psnfss/times.sty
Package: times 2005/04/12 PSNFSS-v9.2a (SPQR) 
)
(/usr/local/texlive/2016/texmf-dist/tex/latex/boxedminipage/boxedminipage.sty)
\titlewidth=\skip44
\logowidth=\skip45
\parstartskip=\skip46
\figtopskip=\skip47
\figbotskip=\skip48
\secskip=\skip49
\titleskip=\skip50
\secboxwidth=\skip51
\c@subfig=\count92
\c@algorithm=\count93
\secrulewidth=\skip52
) (/usr/local/texlive/2016/texmf-dist/tex/generic/babel/babel.sty
Package: babel 2016/04/23 3.9r The Babel package

(/usr/local/texlive/2016/texmf-dist/tex/generic/babel-english/english.ldf
Language: english 2012/08/20 v3.3p English support from the babel system

(/usr/local/texlive/2016/texmf-dist/tex/generic/babel/babel.def
File: babel.def 2016/04/23 3.9r Babel common definitions
\babel@savecnt=\count94
\U@D=\dimen126
)
\l@canadian = a dialect from \language\l@american 
\l@australian = a dialect from \language\l@british 
\l@newzealand = a dialect from \language\l@british 
))
(/usr/local/texlive/2016/texmf-dist/tex/latex/base/inputenc.sty
Package: inputenc 2015/03/17 v1.2c Input encoding file
\inpenc@prehook=\toks15
\inpenc@posthook=\toks16

(/usr/local/texlive/2016/texmf-dist/tex/latex/base/latin1.def
File: latin1.def 2015/03/17 v1.2c Input encoding file
))
(/usr/local/texlive/2016/texmf-dist/tex/latex/amsmath/amsmath.sty
Package: amsmath 2016/03/10 v2.15b AMS math features
\@mathmargin=\skip53

For additional information on amsmath, use the `?' option.
(/usr/local/texlive/2016/texmf-dist/tex/latex/amsmath/amstext.sty
Package: amstext 2000/06/29 v2.01 AMS text

(/usr/local/texlive/2016/texmf-dist/tex/latex/amsmath/amsgen.sty
File: amsgen.sty 1999/11/30 v2.0 generic functions
\@emptytoks=\toks17
\ex@=\dimen127
))
(/usr/local/texlive/2016/texmf-dist/tex/latex/amsmath/amsbsy.sty
Package: amsbsy 1999/11/29 v1.2d Bold Symbols
\pmbraise@=\dimen128
)
(/usr/local/texlive/2016/texmf-dist/tex/latex/amsmath/amsopn.sty
Package: amsopn 2016/03/08 v2.02 operator names
)
\inf@bad=\count95
LaTeX Info: Redefining \frac on input line 199.
\uproot@=\count96
\leftroot@=\count97
LaTeX Info: Redefining \overline on input line 297.
\classnum@=\count98
\DOTSCASE@=\count99
LaTeX Info: Redefining \ldots on input line 394.
LaTeX Info: Redefining \dots on input line 397.
LaTeX Info: Redefining \cdots on input line 518.
\Mathstrutbox@=\box29
\strutbox@=\box30
\big@size=\dimen129
LaTeX Font Info:    Redeclaring font encoding OML on input line 634.
LaTeX Font Info:    Redeclaring font encoding OMS on input line 635.
\macc@depth=\count100
\c@MaxMatrixCols=\count101
\dotsspace@=\muskip10
\c@parentequation=\count102
\dspbrk@lvl=\count103
\tag@help=\toks18
\row@=\count104
\column@=\count105
\maxfields@=\count106
\andhelp@=\toks19
\eqnshift@=\dimen130
\alignsep@=\dimen131
\tagshift@=\dimen132
\tagwidth@=\dimen133
\totwidth@=\dimen134
\lineht@=\dimen135
\@envbody=\toks20
\multlinegap=\skip54
\multlinetaggap=\skip55
\mathdisplay@stack=\toks21
LaTeX Info: Redefining \[ on input line 2739.
LaTeX Info: Redefining \] on input line 2740.
)
(/usr/local/texlive/2016/texmf-dist/tex/latex/amsfonts/amssymb.sty
Package: amssymb 2013/01/14 v3.01 AMS font symbols

(/usr/local/texlive/2016/texmf-dist/tex/latex/amsfonts/amsfonts.sty
Package: amsfonts 2013/01/14 v3.01 Basic AMSFonts support
\symAMSa=\mathgroup4
\symAMSb=\mathgroup5
LaTeX Font Info:    Overwriting math alphabet `\mathfrak' in version `bold'
(Font)                  U/euf/m/n --> U/euf/b/n on input line 106.
))
(/usr/local/texlive/2016/texmf-dist/tex/latex/tools/multicol.sty
Package: multicol 2016/04/07 v1.8p multicolumn formatting (FMi)
\c@tracingmulticols=\count107
\mult@box=\box31
\multicol@leftmargin=\dimen136
\c@unbalance=\count108
\c@collectmore=\count109
\doublecol@number=\count110
\multicoltolerance=\count111
\multicolpretolerance=\count112
\full@width=\dimen137
\page@free=\dimen138
\premulticols=\dimen139
\postmulticols=\dimen140
\multicolsep=\skip56
\multicolbaselineskip=\skip57
\partial@page=\box32
\last@line=\box33
\maxbalancingoverflow=\dimen141
\mult@rightbox=\box34
\mult@grightbox=\box35
\mult@gfirstbox=\box36
\mult@firstbox=\box37
\@tempa=\box38
\@tempa=\box39
\@tempa=\box40
\@tempa=\box41
\@tempa=\box42
\@tempa=\box43
\@tempa=\box44
\@tempa=\box45
\@tempa=\box46
\@tempa=\box47
\@tempa=\box48
\@tempa=\box49
\@tempa=\box50
\@tempa=\box51
\@tempa=\box52
\@tempa=\box53
\@tempa=\box54
\c@columnbadness=\count113
\c@finalcolumnbadness=\count114
\last@try=\dimen142
\multicolovershoot=\dimen143
\multicolundershoot=\dimen144
\mult@nat@firstbox=\box55
\colbreak@box=\box56
\mc@col@check@num=\count115
)
(/usr/local/texlive/2016/texmf-dist/tex/latex/mathtools/mathtools.sty
Package: mathtools 2015/11/12 v1.18 mathematical typesetting tools

(/usr/local/texlive/2016/texmf-dist/tex/latex/tools/calc.sty
Package: calc 2014/10/28 v4.3 Infix arithmetic (KKT,FJ)
\calc@Acount=\count116
\calc@Bcount=\count117
\calc@Adimen=\dimen145
\calc@Bdimen=\dimen146
\calc@Askip=\skip58
\calc@Bskip=\skip59
LaTeX Info: Redefining \setlength on input line 80.
LaTeX Info: Redefining \addtolength on input line 81.
\calc@Ccount=\count118
\calc@Cskip=\skip60
)
(/usr/local/texlive/2016/texmf-dist/tex/latex/mathtools/mhsetup.sty
Package: mhsetup 2010/01/21 v1.2a programming setup (MH)
)
LaTeX Info: Thecontrolsequence`\('isalreadyrobust on input line 129.
LaTeX Info: Thecontrolsequence`\)'isalreadyrobust on input line 129.
LaTeX Info: Thecontrolsequence`\['isalreadyrobust on input line 129.
LaTeX Info: Thecontrolsequence`\]'isalreadyrobust on input line 129.
\g_MT_multlinerow_int=\count119
\l_MT_multwidth_dim=\dimen147
\origjot=\skip61
\l_MT_shortvdotswithinadjustabove_dim=\dimen148
\l_MT_shortvdotswithinadjustbelow_dim=\dimen149
\l_MT_above_intertext_sep=\dimen150
\l_MT_below_intertext_sep=\dimen151
\l_MT_above_shortintertext_sep=\dimen152
\l_MT_below_shortintertext_sep=\dimen153
)
(/usr/local/texlive/2016/texmf-dist/tex/latex/oberdiek/epstopdf.sty
Package: epstopdf 2016/05/15 v2.6 Conversion with epstopdf on the fly (HO)

(/usr/local/texlive/2016/texmf-dist/tex/latex/oberdiek/epstopdf-base.sty
Package: epstopdf-base 2016/05/15 v2.6 Base part for package epstopdf

(/usr/local/texlive/2016/texmf-dist/tex/latex/oberdiek/grfext.sty
Package: grfext 2016/05/16 v1.2 Manage graphics extensions (HO)

(/usr/local/texlive/2016/texmf-dist/tex/generic/oberdiek/kvdefinekeys.sty
Package: kvdefinekeys 2016/05/16 v1.4 Define keys (HO)
))
(/usr/local/texlive/2016/texmf-dist/tex/latex/oberdiek/kvoptions.sty
Package: kvoptions 2016/05/16 v3.12 Key value format for package options (HO)

(/usr/local/texlive/2016/texmf-dist/tex/generic/oberdiek/kvsetkeys.sty
Package: kvsetkeys 2016/05/16 v1.17 Key value parser (HO)

(/usr/local/texlive/2016/texmf-dist/tex/generic/oberdiek/etexcmds.sty
Package: etexcmds 2016/05/16 v1.6 Avoid name clashes with e-TeX commands (HO)

(/usr/local/texlive/2016/texmf-dist/tex/generic/oberdiek/ifluatex.sty
Package: ifluatex 2016/05/16 v1.4 Provides the ifluatex switch (HO)
Package ifluatex Info: LuaTeX not detected.
)
Package etexcmds Info: Could not find \expanded.
(etexcmds)             That can mean that you are not using pdfTeX 1.50 or
(etexcmds)             that some package has redefined \expanded.
(etexcmds)             In the latter case, load this package earlier.
)))
(/usr/local/texlive/2016/texmf-dist/tex/generic/oberdiek/pdftexcmds.sty
Package: pdftexcmds 2016/05/10 v0.21 Utility functions of pdfTeX for LuaTeX (HO
)

(/usr/local/texlive/2016/texmf-dist/tex/generic/oberdiek/ifpdf.sty
Package: ifpdf 2016/05/14 v3.1 Provides the ifpdf switch
)
Package pdftexcmds Info: LuaTeX not detected.
Package pdftexcmds Info: \pdf@primitive is available.
Package pdftexcmds Info: \pdf@ifprimitive is available.
Package pdftexcmds Info: \pdfdraftmode found.
)
Package grfext Info: Graphics extension search list:
(grfext)             [.png,.pdf,.jpg,.mps,.jpeg,.jbig2,.jb2,.PNG,.PDF,.JPG,.JPE
G,.JBIG2,.JB2,.eps]
(grfext)             \AppendGraphicsExtensions on input line 456.

(/usr/local/texlive/2016/texmf-dist/tex/latex/latexconfig/epstopdf-sys.cfg
File: epstopdf-sys.cfg 2010/07/13 v1.3 Configuration of (r)epstopdf for TeX Liv
e
)))
(/usr/local/texlive/2016/texmf-dist/tex/latex/graphics/graphicx.sty
Package: graphicx 2014/10/28 v1.0g Enhanced LaTeX Graphics (DPC,SPQR)
\Gin@req@height=\dimen154
\Gin@req@width=\dimen155
)
(/usr/local/texlive/2016/texmf-dist/tex/latex/algorithms/algorithmic.sty
Package: algorithmic 2009/08/24 v0.1 Document Style `algorithmic'
\c@ALC@unique=\count120
\c@ALC@line=\count121
\c@ALC@rem=\count122
\c@ALC@depth=\count123
\ALC@tlm=\skip62
\algorithmicindent=\skip63
)
Package color Info: Redefining color BoxCol on input line 18.
Package color Info: Redefining color SectionCol on input line 19.
\c@thm=\count124

(./Commands.tex) (./bergomi_poster.aux)
\openout1 = `bergomi_poster.aux'.

LaTeX Font Info:    Checking defaults for OML/cmm/m/it on input line 62.
LaTeX Font Info:    ... okay on input line 62.
LaTeX Font Info:    Checking defaults for T1/cmr/m/n on input line 62.
LaTeX Font Info:    ... okay on input line 62.
LaTeX Font Info:    Checking defaults for OT1/cmr/m/n on input line 62.
LaTeX Font Info:    ... okay on input line 62.
LaTeX Font Info:    Checking defaults for OMS/cmsy/m/n on input line 62.
LaTeX Font Info:    ... okay on input line 62.
LaTeX Font Info:    Checking defaults for OMX/cmex/m/n on input line 62.
LaTeX Font Info:    ... okay on input line 62.
LaTeX Font Info:    Checking defaults for U/cmr/m/n on input line 62.
LaTeX Font Info:    ... okay on input line 62.
LaTeX Font Info:    Try loading font information for OT1+phv on input line 62.

(/usr/local/texlive/2016/texmf-dist/tex/latex/psnfss/ot1phv.fd
File: ot1phv.fd 2001/06/04 scalable font definitions for OT1/phv.
)
(/usr/local/texlive/2016/texmf-dist/tex/context/base/mkii/supp-pdf.mkii
[Loading MPS to PDF converter (version 2006.09.02).]
\scratchcounter=\count125
\scratchdimen=\dimen156
\scratchbox=\box57
\nofMPsegments=\count126
\nofMParguments=\count127
\everyMPshowfont=\toks22
\MPscratchCnt=\count128
\MPscratchDim=\dimen157
\MPnumerator=\count129
\makeMPintoPDFobject=\count130
\everyMPtoPDFconversion=\toks23
)
-- Paper type set to a0.
\GPT@outputbox=\box58


pdfTeX warning: /usr/texbin/pdflatex (file ./kaust_cuq_logo_left.pdf): PDF incl
usion: found PDF version <1.6>, but at most version <1.5> allowed
<kaust_cuq_logo_left.pdf, id=1, 146.87674pt x 49.39052pt>
File: kaust_cuq_logo_left.pdf Graphic file (type pdf)

<use kaust_cuq_logo_left.pdf>
Package pdftex.def Info: kaust_cuq_logo_left.pdf used on input line 64.
(pdftex.def)             Requested size: 146.87637pt x 49.39038pt.
LaTeX Font Info:    Try loading font information for U+msa on input line 64.

(/usr/local/texlive/2016/texmf-dist/tex/latex/amsfonts/umsa.fd
File: umsa.fd 2013/01/14 v3.01 AMS symbols A
)
LaTeX Font Info:    Try loading font information for U+msb on input line 64.

(/usr/local/texlive/2016/texmf-dist/tex/latex/amsfonts/umsb.fd
File: umsb.fd 2013/01/14 v3.01 AMS symbols B
)
LaTeX Font Info:    Font shape `OT1/phv/bx/n' in size <51.6> not available
(Font)              Font shape `OT1/phv/b/n' tried instead on input line 64.
LaTeX Font Info:    Font shape `OT1/phv/bx/n' in size <35.83> not available
(Font)              Font shape `OT1/phv/b/n' tried instead on input line 64.


pdfTeX warning: /usr/texbin/pdflatex (file ./kaust_cuq_logo_right.pdf): PDF inc
lusion: found PDF version <1.6>, but at most version <1.5> allowed
<kaust_cuq_logo_right.pdf, id=2, 211.36165pt x 47.44926pt>
File: kaust_cuq_logo_right.pdf Graphic file (type pdf)

<use kaust_cuq_logo_right.pdf>
Package pdftex.def Info: kaust_cuq_logo_right.pdf used on input line 64.
(pdftex.def)             Requested size: 211.36113pt x 47.44913pt.

Overfull \hbox (8.7937pt too wide) in paragraph at lines 64--65
[]$[]$  $[]$$[]$
 []

LaTeX Font Info:    Font shape `OT1/phv/bx/n' in size <20.74> not available
(Font)              Font shape `OT1/phv/b/n' tried instead on input line 68.
LaTeX Font Info:    Font shape `OT1/phv/bx/n' in size <29.86> not available
(Font)              Font shape `OT1/phv/b/n' tried instead on input line 68.
<vol_rough.png, id=3, 889.3225pt x 530.98375pt>
File: vol_rough.png Graphic file (type png)
 <use vol_rough.png>
Package pdftex.def Info: vol_rough.png used on input line 75.
(pdftex.def)             Requested size: 666.99023pt x 398.23682pt.
LaTeX Font Info:    Try loading font information for OMS+phv on input line 92.

(/usr/local/texlive/2016/texmf-dist/tex/latex/psnfss/omsphv.fd
File: omsphv.fd 
)
LaTeX Font Info:    Font shape `OMS/phv/m/n' in size <20.74> not available
(Font)              Font shape `OMS/cmsy/m/n' tried instead on input line 92.


LaTeX Warning: Citation `mccrickerd2017turbocharging' on page 1 undefined on in
put line 106.

<sparse_grids.png, id=4, 455.7025pt x 320.19624pt>
File: sparse_grids.png Graphic file (type png)
 <use sparse_grids.png>
Package pdftex.def Info: sparse_grids.png used on input line 195.
(pdftex.def)             Requested size: 136.71179pt x 96.0596pt.
LaTeX Font Info:    Font shape `OT1/phv/m/it' in size <20.74> not available
(Font)              Font shape `OT1/phv/m/sl' tried instead on input line 197.

Overfull \hbox (25.00003pt too wide) in paragraph at lines 194--201
$[]$
 []

<./MISC_construction/1.png, id=5, 298.11375pt x 333.245pt>
File: ./MISC_construction/1.png Graphic file (type png)

<use ./MISC_construction/1.png>
Package pdftex.def Info: ./MISC_construction/1.png used on input line 215.
(pdftex.def)             Requested size: 89.43481pt x 99.97426pt.

Overfull \hbox (25.00003pt too wide) in paragraph at lines 214--217
$[]$
 []

LaTeX Font Info:    Font shape `OT1/phv/bx/n' in size <10> not available
(Font)              Font shape `OT1/phv/b/n' tried instead on input line 242.
LaTeX Font Info:    Font shape `OT1/phv/m/it' in size <10> not available
(Font)              Font shape `OT1/phv/m/sl' tried instead on input line 242.

Overfull \hbox (2.11998pt too wide) in paragraph at lines 230--242
  $[]$ 
 []


LaTeX Warning: Citation `gatheral2014volatility' on page 1 undefined on input l
ine 248.

Package epstopdf Info: Source file: <./rBergomi_Complexity_rates/set2/error_vs_
time_set2_full_comparison_2.eps>
(epstopdf)                    date: 2019-04-14 21:26:41
(epstopdf)                    size: 62633 bytes
(epstopdf)             Output file: <./rBergomi_Complexity_rates/set2/error_vs_
time_set2_full_comparison_2-eps-converted-to.pdf>
(epstopdf)                    date: 2019-05-07 10:35:54
(epstopdf)                    size: 21691 bytes
(epstopdf)             Command: <repstopdf --outfile=./rBergomi_Complexity_rate
s/set2/error_vs_time_set2_full_comparison_2-eps-converted-to.pdf ./rBergomi_Com
plexity_rates/set2/error_vs_time_set2_full_comparison_2.eps>
(epstopdf)             \includegraphics on input line 256.
Package epstopdf Info: Output file is already uptodate.

<./rBergomi_Complexity_rates/set2/error_vs_time_set2_full_comparison_2-eps-conv
erted-to.pdf, id=6, 578.16pt x 433.62pt>
File: ./rBergomi_Complexity_rates/set2/error_vs_time_set2_full_comparison_2-eps
-converted-to.pdf Graphic file (type pdf)

<use ./rBergomi_Complexity_rates/set2/error_vs_time_set2_full_comparison_2-eps-
converted-to.pdf>
Package pdftex.def Info: ./rBergomi_Complexity_rates/set2/error_vs_time_set2_fu
ll_comparison_2-eps-converted-to.pdf used on input line 256.
(pdftex.def)             Requested size: 578.15858pt x 433.61894pt.


LaTeX Warning: Citation `Anderson_Complexity' on page 1 undefined on input line
 265.

(./bergomi_poster.bbl
LaTeX Font Info:    Font shape `OT1/phv/bx/n' in size <14.4> not available
(Font)              Font shape `OT1/phv/b/n' tried instead on input line 1.
LaTeX Font Info:    Font shape `OT1/phv/m/it' in size <14.4> not available
(Font)              Font shape `OT1/phv/m/sl' tried instead on input line 6.
) [1

{/usr/local/texlive/2016/texmf-var/fonts/map/pdftex/updmap/pdftex.map} <./kaust
_cuq_logo_left.pdf> <./kaust_cuq_logo_right.pdf> <./vol_rough.png> <./sparse_gr
ids.png> <./MISC_construction/1.png> <./rBergomi_Complexity_rates/set2/error_vs
_time_set2_full_comparison_2-eps-converted-to.pdf>]
(./bergomi_poster.aux)

LaTeX Warning: There were undefined references.

 ) 
Here is how much of TeX's memory you used:
 4316 strings out of 493014
 63054 string characters out of 6133351
 229894 words of memory out of 5000000
 7712 multiletter control sequences out of 15000+600000
 41718 words of font info for 93 fonts, out of 8000000 for 9000
 1141 hyphenation exceptions out of 8191
 42i,19n,26p,1520b,407s stack positions out of 5000i,500n,10000p,200000b,80000s
{/usr/local/texlive/2016/texmf-dist/fonts/enc/dvips/base/8r.enc}</usr/local/t
exlive/2016/texmf-dist/fonts/type1/public/amsfonts/cm/cmbx12.pfb></usr/local/te
xlive/2016/texmf-dist/fonts/type1/public/amsfonts/cm/cmex10.pfb></usr/local/tex
live/2016/texmf-dist/fonts/type1/public/amsfonts/cm/cmmi10.pfb></usr/local/texl
ive/2016/texmf-dist/fonts/type1/public/amsfonts/cm/cmmi12.pfb></usr/local/texli
ve/2016/texmf-dist/fonts/type1/public/amsfonts/cm/cmmi7.pfb></usr/local/texlive
/2016/texmf-dist/fonts/type1/public/amsfonts/cm/cmmib10.pfb></usr/local/texlive
/2016/texmf-dist/fonts/type1/public/amsfonts/cm/cmr10.pfb></usr/local/texlive/2
016/texmf-dist/fonts/type1/public/amsfonts/cm/cmr12.pfb></usr/local/texlive/201
6/texmf-dist/fonts/type1/public/amsfonts/cm/cmr17.pfb></usr/local/texlive/2016/
texmf-dist/fonts/type1/public/amsfonts/cm/cmr7.pfb></usr/local/texlive/2016/tex
mf-dist/fonts/type1/public/amsfonts/cm/cmsy10.pfb></usr/local/texlive/2016/texm
f-dist/fonts/type1/public/amsfonts/cm/cmsy7.pfb></usr/local/texlive/2016/texmf-
dist/fonts/type1/public/amsfonts/symbols/msbm10.pfb></usr/local/texlive/2016/te
xmf-dist/fonts/type1/urw/helvetic/uhvb8a.pfb></usr/local/texlive/2016/texmf-dis
t/fonts/type1/urw/helvetic/uhvr8a.pfb></usr/local/texlive/2016/texmf-dist/fonts
/type1/urw/helvetic/uhvro8a.pfb>
Output written on bergomi_poster.pdf (1 page, 395178 bytes).
PDF statistics:
 161 PDF objects out of 1000 (max. 8388607)
 85 compressed objects within 1 object stream
 0 named destinations out of 1000 (max. 500000)
 31 words of extra memory for PDF output out of 10000 (max. 10000000)

